# test of complex ownership tree: sync, rename root x2, snapshot
rename test 1
Sun Dec 17 17:59:45 GMT 2006
0.00user 0.00system 0:00.09elapsed 0%CPU (0avgtext+0avgdata 0maxresident)k
0inputs+0outputs (0major+211minor)pagefaults 0swaps
0.00user 0.00system 0:00.12elapsed 3%CPU (0avgtext+0avgdata 0maxresident)k
0inputs+0outputs (0major+212minor)pagefaults 0swaps
snapshot test 1
Sun Dec 17 17:59:45 GMT 2006
0.00user 0.00system 0:44.45elapsed 0%CPU (0avgtext+0avgdata 0maxresident)k
0inputs+0outputs (0major+197minor)pagefaults 0swaps
rename test 2
Sun Dec 17 18:00:48 GMT 2006
0.00user 0.00system 0:00.16elapsed 0%CPU (0avgtext+0avgdata 0maxresident)k
0inputs+0outputs (0major+211minor)pagefaults 0swaps
0.00user 0.00system 0:00.14elapsed 0%CPU (0avgtext+0avgdata 0maxresident)k
0inputs+0outputs (0major+213minor)pagefaults 0swaps
snapshot test 2
Sun Dec 17 18:00:48 GMT 2006
0.00user 0.00system 0:21.53elapsed 0%CPU (0avgtext+0avgdata 0maxresident)k
0inputs+0outputs (0major+197minor)pagefaults 0swaps
rename test 3
Sun Dec 17 18:02:17 GMT 2006
0.00user 0.00system 0:00.09elapsed 4%CPU (0avgtext+0avgdata 0maxresident)k
0inputs+0outputs (0major+212minor)pagefaults 0swaps
0.00user 0.00system 0:00.09elapsed 0%CPU (0avgtext+0avgdata 0maxresident)k
0inputs+0outputs (0major+211minor)pagefaults 0swaps
snapshot test 3
Sun Dec 17 18:02:17 GMT 2006
0.00user 0.00system 0:13.48elapsed 0%CPU (0avgtext+0avgdata 0maxresident)k
0inputs+0outputs (0major+198minor)pagefaults 0swaps
rename test 4
Sun Dec 17 18:03:07 GMT 2006
0.00user 0.00system 0:00.09elapsed 0%CPU (0avgtext+0avgdata 0maxresident)k
0inputs+0outputs (0major+211minor)pagefaults 0swaps
0.00user 0.00system 0:00.09elapsed 4%CPU (0avgtext+0avgdata 0maxresident)k
0inputs+0outputs (0major+212minor)pagefaults 0swaps
snapshot test 4
Sun Dec 17 18:03:07 GMT 2006
0.00user 0.00system 0:11.98elapsed 0%CPU (0avgtext+0avgdata 0maxresident)k
0inputs+0outputs (0major+199minor)pagefaults 0swaps
rename test 5
Sun Dec 17 18:04:00 GMT 2006
0.00user 0.00system 0:00.11elapsed 0%CPU (0avgtext+0avgdata 0maxresident)k
0inputs+0outputs (0major+211minor)pagefaults 0swaps
0.00user 0.00system 0:00.12elapsed 0%CPU (0avgtext+0avgdata 0maxresident)k
0inputs+0outputs (0major+212minor)pagefaults 0swaps
snapshot test 5
Sun Dec 17 18:04:01 GMT 2006
0.00user 0.00system 0:17.55elapsed 0%CPU (0avgtext+0avgdata 0maxresident)k
0inputs+0outputs (0major+198minor)pagefaults 0swaps
rename test 6
Sun Dec 17 18:05:21 GMT 2006
0.00user 0.00system 0:00.09elapsed 0%CPU (0avgtext+0avgdata 0maxresident)k
0inputs+0outputs (0major+212minor)pagefaults 0swaps
0.00user 0.00system 0:00.09elapsed 0%CPU (0avgtext+0avgdata 0maxresident)k
0inputs+0outputs (0major+212minor)pagefaults 0swaps
snapshot test 6
Sun Dec 17 18:05:22 GMT 2006
0.00user 0.00system 0:11.07elapsed 0%CPU (0avgtext+0avgdata 0maxresident)k
0inputs+0outputs (0major+197minor)pagefaults 0swaps
rename test 7
Sun Dec 17 18:06:20 GMT 2006
0.00user 0.00system 0:00.11elapsed 3%CPU (0avgtext+0avgdata 0maxresident)k
0inputs+0outputs (0major+212minor)pagefaults 0swaps
0.00user 0.00system 0:00.09elapsed 0%CPU (0avgtext+0avgdata 0maxresident)k
0inputs+0outputs (0major+211minor)pagefaults 0swaps
snapshot test 7
Sun Dec 17 18:06:20 GMT 2006
0.00user 0.00system 0:18.22elapsed 0%CPU (0avgtext+0avgdata 0maxresident)k
0inputs+0outputs (0major+199minor)pagefaults 0swaps
rename test 8
Sun Dec 17 18:07:43 GMT 2006
0.00user 0.00system 0:00.13elapsed 0%CPU (0avgtext+0avgdata 0maxresident)k
0inputs+0outputs (0major+213minor)pagefaults 0swaps
0.00user 0.00system 0:00.09elapsed 0%CPU (0avgtext+0avgdata 0maxresident)k
0inputs+0outputs (0major+212minor)pagefaults 0swaps
snapshot test 8
Sun Dec 17 18:07:43 GMT 2006
0.00user 0.00system 0:11.57elapsed 0%CPU (0avgtext+0avgdata 0maxresident)k
0inputs+0outputs (0major+198minor)pagefaults 0swaps
rename test 9
Sun Dec 17 18:08:49 GMT 2006
0.00user 0.00system 0:00.09elapsed 0%CPU (0avgtext+0avgdata 0maxresident)k
0inputs+0outputs (0major+212minor)pagefaults 0swaps
0.00user 0.00system 0:00.09elapsed 4%CPU (0avgtext+0avgdata 0maxresident)k
0inputs+0outputs (0major+212minor)pagefaults 0swaps
snapshot test 9
Sun Dec 17 18:08:49 GMT 2006
0.00user 0.00system 0:11.37elapsed 0%CPU (0avgtext+0avgdata 0maxresident)k
0inputs+0outputs (0major+197minor)pagefaults 0swaps
rename test 10
Sun Dec 17 18:09:36 GMT 2006
0.00user 0.00system 0:00.09elapsed 0%CPU (0avgtext+0avgdata 0maxresident)k
0inputs+0outputs (0major+211minor)pagefaults 0swaps
0.00user 0.00system 0:00.08elapsed 0%CPU (0avgtext+0avgdata 0maxresident)k
0inputs+0outputs (0major+211minor)pagefaults 0swaps
snapshot test 10
Sun Dec 17 18:09:36 GMT 2006
0.00user 0.00system 0:11.22elapsed 0%CPU (0avgtext+0avgdata 0maxresident)k
0inputs+0outputs (0major+198minor)pagefaults 0swaps
rename test 11
Sun Dec 17 18:10:36 GMT 2006
0.00user 0.00system 0:00.11elapsed 3%CPU (0avgtext+0avgdata 0maxresident)k
0inputs+0outputs (0major+211minor)pagefaults 0swaps
0.00user 0.00system 0:00.09elapsed 4%CPU (0avgtext+0avgdata 0maxresident)k
0inputs+0outputs (0major+212minor)pagefaults 0swaps
snapshot test 11
Sun Dec 17 18:10:37 GMT 2006
0.00user 0.00system 0:11.08elapsed 0%CPU (0avgtext+0avgdata 0maxresident)k
0inputs+0outputs (0major+198minor)pagefaults 0swaps
rename test 12
Sun Dec 17 18:11:38 GMT 2006
0.00user 0.00system 0:00.09elapsed 0%CPU (0avgtext+0avgdata 0maxresident)k
0inputs+0outputs (0major+213minor)pagefaults 0swaps
0.00user 0.00system 0:00.09elapsed 0%CPU (0avgtext+0avgdata 0maxresident)k
0inputs+0outputs (0major+212minor)pagefaults 0swaps
snapshot test 12
Sun Dec 17 18:11:38 GMT 2006
0.00user 0.00system 0:15.77elapsed 0%CPU (0avgtext+0avgdata 0maxresident)k
0inputs+0outputs (0major+197minor)pagefaults 0swaps
rename test 13
Sun Dec 17 18:12:40 GMT 2006
0.00user 0.00system 0:00.09elapsed 0%CPU (0avgtext+0avgdata 0maxresident)k
0inputs+0outputs (0major+211minor)pagefaults 0swaps
0.00user 0.00system 0:00.10elapsed 7%CPU (0avgtext+0avgdata 0maxresident)k
0inputs+0outputs (0major+212minor)pagefaults 0swaps
snapshot test 13
Sun Dec 17 18:12:40 GMT 2006
0.00user 0.00system 0:17.30elapsed 0%CPU (0avgtext+0avgdata 0maxresident)k
0inputs+0outputs (0major+197minor)pagefaults 0swaps
rename test 14
Sun Dec 17 18:14:08 GMT 2006
0.00user 0.00system 0:00.09elapsed 0%CPU (0avgtext+0avgdata 0maxresident)k
0inputs+0outputs (0major+212minor)pagefaults 0swaps
0.00user 0.00system 0:00.14elapsed 2%CPU (0avgtext+0avgdata 0maxresident)k
0inputs+0outputs (0major+211minor)pagefaults 0swaps
snapshot test 14
Sun Dec 17 18:14:08 GMT 2006
0.00user 0.00system 0:16.59elapsed 0%CPU (0avgtext+0avgdata 0maxresident)k
0inputs+0outputs (0major+198minor)pagefaults 0swaps
rename test 15
Sun Dec 17 18:15:30 GMT 2006
0.00user 0.00system 0:00.08elapsed 0%CPU (0avgtext+0avgdata 0maxresident)k
0inputs+0outputs (0major+211minor)pagefaults 0swaps
0.00user 0.00system 0:00.08elapsed 0%CPU (0avgtext+0avgdata 0maxresident)k
0inputs+0outputs (0major+211minor)pagefaults 0swaps
snapshot test 15
Sun Dec 17 18:15:30 GMT 2006
0.00user 0.00system 0:11.87elapsed 0%CPU (0avgtext+0avgdata 0maxresident)k
0inputs+0outputs (0major+198minor)pagefaults 0swaps
rename test 16
Sun Dec 17 18:16:36 GMT 2006
0.00user 0.00system 0:00.09elapsed 4%CPU (0avgtext+0avgdata 0maxresident)k
0inputs+0outputs (0major+212minor)pagefaults 0swaps
0.00user 0.00system 0:00.11elapsed 0%CPU (0avgtext+0avgdata 0maxresident)k
0inputs+0outputs (0major+212minor)pagefaults 0swaps
snapshot test 16
Sun Dec 17 18:16:36 GMT 2006
0.00user 0.00system 0:14.06elapsed 0%CPU (0avgtext+0avgdata 0maxresident)k
0inputs+0outputs (0major+198minor)pagefaults 0swaps
rename test 17
Sun Dec 17 18:18:05 GMT 2006
0.00user 0.00system 0:00.08elapsed 0%CPU (0avgtext+0avgdata 0maxresident)k
0inputs+0outputs (0major+212minor)pagefaults 0swaps
0.00user 0.00system 0:00.11elapsed 0%CPU (0avgtext+0avgdata 0maxresident)k
0inputs+0outputs (0major+212minor)pagefaults 0swaps
snapshot test 17
Sun Dec 17 18:18:05 GMT 2006
0.00user 0.00system 0:13.43elapsed 0%CPU (0avgtext+0avgdata 0maxresident)k
0inputs+0outputs (0major+198minor)pagefaults 0swaps
rename test 18
Sun Dec 17 18:19:17 GMT 2006
0.00user 0.00system 0:00.09elapsed 0%CPU (0avgtext+0avgdata 0maxresident)k
0inputs+0outputs (0major+212minor)pagefaults 0swaps
0.00user 0.00system 0:00.09elapsed 0%CPU (0avgtext+0avgdata 0maxresident)k
0inputs+0outputs (0major+212minor)pagefaults 0swaps
snapshot test 18
Sun Dec 17 18:19:17 GMT 2006
0.00user 0.00system 0:12.95elapsed 0%CPU (0avgtext+0avgdata 0maxresident)k
0inputs+0outputs (0major+198minor)pagefaults 0swaps
rename test 19
Sun Dec 17 18:20:39 GMT 2006
0.00user 0.00system 0:00.09elapsed 0%CPU (0avgtext+0avgdata 0maxresident)k
0inputs+0outputs (0major+211minor)pagefaults 0swaps
0.00user 0.00system 0:00.09elapsed 0%CPU (0avgtext+0avgdata 0maxresident)k
0inputs+0outputs (0major+212minor)pagefaults 0swaps
snapshot test 19
Sun Dec 17 18:20:40 GMT 2006
0.00user 0.00system 0:14.73elapsed 0%CPU (0avgtext+0avgdata 0maxresident)k
0inputs+0outputs (0major+198minor)pagefaults 0swaps
rename test 20
Sun Dec 17 18:21:41 GMT 2006
0.00user 0.00system 0:00.11elapsed 0%CPU (0avgtext+0avgdata 0maxresident)k
0inputs+0outputs (0major+212minor)pagefaults 0swaps
0.00user 0.00system 0:00.14elapsed 0%CPU (0avgtext+0avgdata 0maxresident)k
0inputs+0outputs (0major+211minor)pagefaults 0swaps
snapshot test 20
Sun Dec 17 18:21:41 GMT 2006
0.00user 0.00system 0:15.72elapsed 0%CPU (0avgtext+0avgdata 0maxresident)k
0inputs+0outputs (0major+198minor)pagefaults 0swaps
rename test 21
Sun Dec 17 18:22:53 GMT 2006
0.00user 0.00system 0:00.09elapsed 0%CPU (0avgtext+0avgdata 0maxresident)k
0inputs+0outputs (0major+211minor)pagefaults 0swaps
0.00user 0.00system 0:00.13elapsed 0%CPU (0avgtext+0avgdata 0maxresident)k
0inputs+0outputs (0major+212minor)pagefaults 0swaps
snapshot test 21
Sun Dec 17 18:22:53 GMT 2006
0.00user 0.00system 0:14.97elapsed 0%CPU (0avgtext+0avgdata 0maxresident)k
0inputs+0outputs (0major+197minor)pagefaults 0swaps
rename test 22
Sun Dec 17 18:24:34 GMT 2006
0.00user 0.00system 0:00.09elapsed 4%CPU (0avgtext+0avgdata 0maxresident)k
0inputs+0outputs (0major+211minor)pagefaults 0swaps
0.00user 0.00system 0:00.11elapsed 0%CPU (0avgtext+0avgdata 0maxresident)k
0inputs+0outputs (0major+212minor)pagefaults 0swaps
snapshot test 22
Sun Dec 17 18:24:34 GMT 2006
0.00user 0.00system 0:15.96elapsed 0%CPU (0avgtext+0avgdata 0maxresident)k
0inputs+0outputs (0major+198minor)pagefaults 0swaps
rename test 23
Sun Dec 17 18:26:02 GMT 2006
0.00user 0.00system 0:00.11elapsed 0%CPU (0avgtext+0avgdata 0maxresident)k
0inputs+0outputs (0major+211minor)pagefaults 0swaps
0.00user 0.00system 0:00.09elapsed 0%CPU (0avgtext+0avgdata 0maxresident)k
0inputs+0outputs (0major+211minor)pagefaults 0swaps
snapshot test 23
Sun Dec 17 18:26:02 GMT 2006
0.00user 0.00system 0:12.77elapsed 0%CPU (0avgtext+0avgdata 0maxresident)k
0inputs+0outputs (0major+198minor)pagefaults 0swaps
rename test 24
Sun Dec 17 18:27:25 GMT 2006
0.00user 0.00system 0:00.08elapsed 0%CPU (0avgtext+0avgdata 0maxresident)k
0inputs+0outputs (0major+212minor)pagefaults 0swaps
0.00user 0.00system 0:00.13elapsed 0%CPU (0avgtext+0avgdata 0maxresident)k
0inputs+0outputs (0major+212minor)pagefaults 0swaps
snapshot test 24
Sun Dec 17 18:27:25 GMT 2006
0.00user 0.00system 0:17.28elapsed 0%CPU (0avgtext+0avgdata 0maxresident)k
0inputs+0outputs (0major+197minor)pagefaults 0swaps
rename test 25
Sun Dec 17 18:28:45 GMT 2006
0.00user 0.00system 0:00.09elapsed 4%CPU (0avgtext+0avgdata 0maxresident)k
0inputs+0outputs (0major+212minor)pagefaults 0swaps
0.00user 0.00system 0:00.09elapsed 0%CPU (0avgtext+0avgdata 0maxresident)k
0inputs+0outputs (0major+211minor)pagefaults 0swaps
snapshot test 25
Sun Dec 17 18:28:45 GMT 2006
0.00user 0.00system 0:08.18elapsed 0%CPU (0avgtext+0avgdata 0maxresident)k
0inputs+0outputs (0major+198minor)pagefaults 0swaps
rename test 26
Sun Dec 17 18:29:26 GMT 2006
0.00user 0.00system 0:00.15elapsed 0%CPU (0avgtext+0avgdata 0maxresident)k
0inputs+0outputs (0major+212minor)pagefaults 0swaps
0.00user 0.00system 0:00.09elapsed 4%CPU (0avgtext+0avgdata 0maxresident)k
0inputs+0outputs (0major+212minor)pagefaults 0swaps
snapshot test 26
Sun Dec 17 18:29:26 GMT 2006
0.00user 0.00system 0:12.55elapsed 0%CPU (0avgtext+0avgdata 0maxresident)k
0inputs+0outputs (0major+197minor)pagefaults 0swaps
rename test 27
Sun Dec 17 18:30:40 GMT 2006
0.00user 0.00system 0:00.09elapsed 4%CPU (0avgtext+0avgdata 0maxresident)k
0inputs+0outputs (0major+212minor)pagefaults 0swaps
0.00user 0.00system 0:00.14elapsed 2%CPU (0avgtext+0avgdata 0maxresident)k
0inputs+0outputs (0major+212minor)pagefaults 0swaps
snapshot test 27
Sun Dec 17 18:30:40 GMT 2006
0.00user 0.00system 0:19.65elapsed 0%CPU (0avgtext+0avgdata 0maxresident)k
0inputs+0outputs (0major+198minor)pagefaults 0swaps
rename test 28
Sun Dec 17 18:32:18 GMT 2006
0.00user 0.00system 0:00.09elapsed 0%CPU (0avgtext+0avgdata 0maxresident)k
0inputs+0outputs (0major+211minor)pagefaults 0swaps
0.00user 0.00system 0:00.10elapsed 3%CPU (0avgtext+0avgdata 0maxresident)k
0inputs+0outputs (0major+212minor)pagefaults 0swaps
snapshot test 28
Sun Dec 17 18:32:18 GMT 2006
0.00user 0.00system 0:18.50elapsed 0%CPU (0avgtext+0avgdata 0maxresident)k
0inputs+0outputs (0major+198minor)pagefaults 0swaps
rename test 29
Sun Dec 17 18:33:38 GMT 2006
0.00user 0.00system 0:00.09elapsed 0%CPU (0avgtext+0avgdata 0maxresident)k
0inputs+0outputs (0major+212minor)pagefaults 0swaps
0.00user 0.00system 0:00.08elapsed 4%CPU (0avgtext+0avgdata 0maxresident)k
0inputs+0outputs (0major+212minor)pagefaults 0swaps
snapshot test 29
Sun Dec 17 18:33:39 GMT 2006
0.00user 0.00system 0:10.41elapsed 0%CPU (0avgtext+0avgdata 0maxresident)k
0inputs+0outputs (0major+198minor)pagefaults 0swaps
rename test 30
Sun Dec 17 18:34:39 GMT 2006
0.00user 0.00system 0:00.16elapsed 2%CPU (0avgtext+0avgdata 0maxresident)k
0inputs+0outputs (0major+211minor)pagefaults 0swaps
0.00user 0.00system 0:00.09elapsed 4%CPU (0avgtext+0avgdata 0maxresident)k
0inputs+0outputs (0major+212minor)pagefaults 0swaps
snapshot test 30
Sun Dec 17 18:34:40 GMT 2006
0.00user 0.00system 0:17.43elapsed 0%CPU (0avgtext+0avgdata 0maxresident)k
0inputs+0outputs (0major+197minor)pagefaults 0swaps
rename test 31
Sun Dec 17 18:35:52 GMT 2006
0.00user 0.00system 0:00.09elapsed 0%CPU (0avgtext+0avgdata 0maxresident)k
0inputs+0outputs (0major+212minor)pagefaults 0swaps
0.00user 0.00system 0:00.11elapsed 0%CPU (0avgtext+0avgdata 0maxresident)k
0inputs+0outputs (0major+212minor)pagefaults 0swaps
snapshot test 31
Sun Dec 17 18:35:53 GMT 2006
0.00user 0.00system 0:14.25elapsed 0%CPU (0avgtext+0avgdata 0maxresident)k
0inputs+0outputs (0major+197minor)pagefaults 0swaps
rename test 32
Sun Dec 17 18:37:13 GMT 2006
0.00user 0.00system 0:00.08elapsed 0%CPU (0avgtext+0avgdata 0maxresident)k
0inputs+0outputs (0major+212minor)pagefaults 0swaps
0.00user 0.00system 0:00.08elapsed 0%CPU (0avgtext+0avgdata 0maxresident)k
0inputs+0outputs (0major+211minor)pagefaults 0swaps
snapshot test 32
Sun Dec 17 18:37:13 GMT 2006
0.00user 0.00system 0:12.60elapsed 0%CPU (0avgtext+0avgdata 0maxresident)k
0inputs+0outputs (0major+197minor)pagefaults 0swaps
rename test 33
Sun Dec 17 18:38:07 GMT 2006
0.00user 0.00system 0:00.09elapsed 0%CPU (0avgtext+0avgdata 0maxresident)k
0inputs+0outputs (0major+211minor)pagefaults 0swaps
0.00user 0.00system 0:00.08elapsed 0%CPU (0avgtext+0avgdata 0maxresident)k
0inputs+0outputs (0major+212minor)pagefaults 0swaps
snapshot test 33
Sun Dec 17 18:38:07 GMT 2006
0.00user 0.00system 0:13.69elapsed 0%CPU (0avgtext+0avgdata 0maxresident)k
0inputs+0outputs (0major+197minor)pagefaults 0swaps
rename test 34
Sun Dec 17 18:39:23 GMT 2006
0.00user 0.00system 0:00.09elapsed 0%CPU (0avgtext+0avgdata 0maxresident)k
0inputs+0outputs (0major+212minor)pagefaults 0swaps
0.00user 0.00system 0:00.09elapsed 0%CPU (0avgtext+0avgdata 0maxresident)k
0inputs+0outputs (0major+212minor)pagefaults 0swaps
snapshot test 34
Sun Dec 17 18:39:23 GMT 2006
0.00user 0.00system 0:09.58elapsed 0%CPU (0avgtext+0avgdata 0maxresident)k
0inputs+0outputs (0major+198minor)pagefaults 0swaps
rename test 35
Sun Dec 17 18:40:17 GMT 2006
0.00user 0.00system 0:00.09elapsed 4%CPU (0avgtext+0avgdata 0maxresident)k
0inputs+0outputs (0major+212minor)pagefaults 0swaps
0.00user 0.00system 0:00.09elapsed 0%CPU (0avgtext+0avgdata 0maxresident)k
0inputs+0outputs (0major+211minor)pagefaults 0swaps
snapshot test 35
Sun Dec 17 18:40:17 GMT 2006
0.00user 0.00system 0:11.09elapsed 0%CPU (0avgtext+0avgdata 0maxresident)k
0inputs+0outputs (0major+198minor)pagefaults 0swaps
rename test 36
Sun Dec 17 18:41:11 GMT 2006
0.00user 0.00system 0:00.09elapsed 4%CPU (0avgtext+0avgdata 0maxresident)k
0inputs+0outputs (0major+212minor)pagefaults 0swaps
0.00user 0.00system 0:00.09elapsed 4%CPU (0avgtext+0avgdata 0maxresident)k
0inputs+0outputs (0major+212minor)pagefaults 0swaps
snapshot test 36
Sun Dec 17 18:41:11 GMT 2006
0.00user 0.00system 0:19.41elapsed 0%CPU (0avgtext+0avgdata 0maxresident)k
0inputs+0outputs (0major+198minor)pagefaults 0swaps
rename test 37
Sun Dec 17 18:42:41 GMT 2006
0.00user 0.00system 0:00.09elapsed 4%CPU (0avgtext+0avgdata 0maxresident)k
0inputs+0outputs (0major+212minor)pagefaults 0swaps
0.00user 0.00system 0:00.11elapsed 0%CPU (0avgtext+0avgdata 0maxresident)k
0inputs+0outputs (0major+211minor)pagefaults 0swaps
snapshot test 37
Sun Dec 17 18:42:41 GMT 2006
0.00user 0.00system 0:15.76elapsed 0%CPU (0avgtext+0avgdata 0maxresident)k
0inputs+0outputs (0major+198minor)pagefaults 0swaps
rename test 38
Sun Dec 17 18:44:01 GMT 2006
0.00user 0.00system 0:00.09elapsed 4%CPU (0avgtext+0avgdata 0maxresident)k
0inputs+0outputs (0major+211minor)pagefaults 0swaps
0.00user 0.00system 0:00.09elapsed 4%CPU (0avgtext+0avgdata 0maxresident)k
0inputs+0outputs (0major+212minor)pagefaults 0swaps
snapshot test 38
Sun Dec 17 18:44:01 GMT 2006
0.00user 0.00system 0:12.45elapsed 0%CPU (0avgtext+0avgdata 0maxresident)k
0inputs+0outputs (0major+197minor)pagefaults 0swaps
rename test 39
Sun Dec 17 18:45:16 GMT 2006
0.00user 0.00system 0:00.09elapsed 0%CPU (0avgtext+0avgdata 0maxresident)k
0inputs+0outputs (0major+213minor)pagefaults 0swaps
0.00user 0.00system 0:00.09elapsed 0%CPU (0avgtext+0avgdata 0maxresident)k
0inputs+0outputs (0major+211minor)pagefaults 0swaps
snapshot test 39
Sun Dec 17 18:45:16 GMT 2006
0.00user 0.00system 0:07.85elapsed 0%CPU (0avgtext+0avgdata 0maxresident)k
0inputs+0outputs (0major+198minor)pagefaults 0swaps
rename test 40
Sun Dec 17 18:46:17 GMT 2006
0.00user 0.00system 0:00.09elapsed 0%CPU (0avgtext+0avgdata 0maxresident)k
0inputs+0outputs (0major+211minor)pagefaults 0swaps
0.00user 0.00system 0:00.09elapsed 0%CPU (0avgtext+0avgdata 0maxresident)k
0inputs+0outputs (0major+212minor)pagefaults 0swaps
snapshot test 40
Sun Dec 17 18:46:17 GMT 2006
0.00user 0.00system 0:14.52elapsed 0%CPU (0avgtext+0avgdata 0maxresident)k
0inputs+0outputs (0major+197minor)pagefaults 0swaps
rename test 41
Sun Dec 17 18:47:00 GMT 2006
0.00user 0.00system 0:00.10elapsed 3%CPU (0avgtext+0avgdata 0maxresident)k
0inputs+0outputs (0major+212minor)pagefaults 0swaps
0.00user 0.00system 0:00.13elapsed 0%CPU (0avgtext+0avgdata 0maxresident)k
0inputs+0outputs (0major+212minor)pagefaults 0swaps
snapshot test 41
Sun Dec 17 18:47:01 GMT 2006
0.00user 0.00system 0:17.64elapsed 0%CPU (0avgtext+0avgdata 0maxresident)k
0inputs+0outputs (0major+197minor)pagefaults 0swaps
rename test 42
Sun Dec 17 18:48:31 GMT 2006
0.00user 0.00system 0:00.11elapsed 0%CPU (0avgtext+0avgdata 0maxresident)k
0inputs+0outputs (0major+211minor)pagefaults 0swaps
0.00user 0.00system 0:00.09elapsed 8%CPU (0avgtext+0avgdata 0maxresident)k
0inputs+0outputs (0major+212minor)pagefaults 0swaps
snapshot test 42
Sun Dec 17 18:48:32 GMT 2006
0.00user 0.00system 0:09.25elapsed 0%CPU (0avgtext+0avgdata 0maxresident)k
0inputs+0outputs (0major+198minor)pagefaults 0swaps
rename test 43
Sun Dec 17 18:49:31 GMT 2006
0.00user 0.00system 0:00.11elapsed 0%CPU (0avgtext+0avgdata 0maxresident)k
0inputs+0outputs (0major+212minor)pagefaults 0swaps
0.00user 0.00system 0:00.09elapsed 0%CPU (0avgtext+0avgdata 0maxresident)k
0inputs+0outputs (0major+212minor)pagefaults 0swaps
snapshot test 43
Sun Dec 17 18:49:31 GMT 2006
0.00user 0.00system 0:17.31elapsed 0%CPU (0avgtext+0avgdata 0maxresident)k
0inputs+0outputs (0major+197minor)pagefaults 0swaps
rename test 44
Sun Dec 17 18:50:52 GMT 2006
0.00user 0.00system 0:00.09elapsed 0%CPU (0avgtext+0avgdata 0maxresident)k
0inputs+0outputs (0major+212minor)pagefaults 0swaps
0.00user 0.00system 0:00.09elapsed 0%CPU (0avgtext+0avgdata 0maxresident)k
0inputs+0outputs (0major+212minor)pagefaults 0swaps
snapshot test 44
Sun Dec 17 18:50:52 GMT 2006
0.00user 0.00system 0:18.71elapsed 0%CPU (0avgtext+0avgdata 0maxresident)k
0inputs+0outputs (0major+197minor)pagefaults 0swaps
rename test 45
Sun Dec 17 18:52:46 GMT 2006
0.00user 0.00system 0:00.10elapsed 0%CPU (0avgtext+0avgdata 0maxresident)k
0inputs+0outputs (0major+212minor)pagefaults 0swaps
0.00user 0.00system 0:00.10elapsed 3%CPU (0avgtext+0avgdata 0maxresident)k
0inputs+0outputs (0major+211minor)pagefaults 0swaps
snapshot test 45
Sun Dec 17 18:52:47 GMT 2006
0.00user 0.00system 0:12.62elapsed 0%CPU (0avgtext+0avgdata 0maxresident)k
0inputs+0outputs (0major+197minor)pagefaults 0swaps
rename test 46
Sun Dec 17 18:53:58 GMT 2006
0.00user 0.00system 0:00.14elapsed 2%CPU (0avgtext+0avgdata 0maxresident)k
0inputs+0outputs (0major+212minor)pagefaults 0swaps
0.00user 0.00system 0:00.10elapsed 0%CPU (0avgtext+0avgdata 0maxresident)k
0inputs+0outputs (0major+211minor)pagefaults 0swaps
snapshot test 46
Sun Dec 17 18:53:59 GMT 2006
0.00user 0.00system 0:22.87elapsed 0%CPU (0avgtext+0avgdata 0maxresident)k
0inputs+0outputs (0major+198minor)pagefaults 0swaps
rename test 47
Sun Dec 17 18:56:08 GMT 2006
0.00user 0.00system 0:00.09elapsed 0%CPU (0avgtext+0avgdata 0maxresident)k
0inputs+0outputs (0major+213minor)pagefaults 0swaps
0.00user 0.00system 0:00.09elapsed 0%CPU (0avgtext+0avgdata 0maxresident)k
0inputs+0outputs (0major+212minor)pagefaults 0swaps
snapshot test 47
Sun Dec 17 18:56:08 GMT 2006
0.00user 0.00system 0:19.04elapsed 0%CPU (0avgtext+0avgdata 0maxresident)k
0inputs+0outputs (0major+197minor)pagefaults 0swaps
rename test 48
Sun Dec 17 18:57:42 GMT 2006
0.00user 0.00system 0:00.10elapsed 3%CPU (0avgtext+0avgdata 0maxresident)k
0inputs+0outputs (0major+212minor)pagefaults 0swaps
0.00user 0.00system 0:00.10elapsed 3%CPU (0avgtext+0avgdata 0maxresident)k
0inputs+0outputs (0major+212minor)pagefaults 0swaps
snapshot test 48
Sun Dec 17 18:57:42 GMT 2006
0.00user 0.00system 0:11.83elapsed 0%CPU (0avgtext+0avgdata 0maxresident)k
0inputs+0outputs (0major+197minor)pagefaults 0swaps
rename test 49
Sun Dec 17 18:58:32 GMT 2006
0.00user 0.00system 0:00.09elapsed 4%CPU (0avgtext+0avgdata 0maxresident)k
0inputs+0outputs (0major+212minor)pagefaults 0swaps
0.00user 0.00system 0:00.09elapsed 4%CPU (0avgtext+0avgdata 0maxresident)k
0inputs+0outputs (0major+211minor)pagefaults 0swaps
snapshot test 49
Sun Dec 17 18:58:32 GMT 2006
0.00user 0.00system 0:13.58elapsed 0%CPU (0avgtext+0avgdata 0maxresident)k
0inputs+0outputs (0major+198minor)pagefaults 0swaps
rename test 50
Sun Dec 17 18:59:50 GMT 2006
0.00user 0.00system 0:00.09elapsed 4%CPU (0avgtext+0avgdata 0maxresident)k
0inputs+0outputs (0major+211minor)pagefaults 0swaps
0.00user 0.00system 0:00.09elapsed 0%CPU (0avgtext+0avgdata 0maxresident)k
0inputs+0outputs (0major+212minor)pagefaults 0swaps
snapshot test 50
Sun Dec 17 18:59:50 GMT 2006
0.00user 0.00system 0:11.02elapsed 0%CPU (0avgtext+0avgdata 0maxresident)k
0inputs+0outputs (0major+198minor)pagefaults 0swaps
rename test 51
Sun Dec 17 19:01:00 GMT 2006
0.00user 0.00system 0:00.09elapsed 0%CPU (0avgtext+0avgdata 0maxresident)k
0inputs+0outputs (0major+212minor)pagefaults 0swaps
0.00user 0.00system 0:00.09elapsed 0%CPU (0avgtext+0avgdata 0maxresident)k
0inputs+0outputs (0major+211minor)pagefaults 0swaps
snapshot test 51
Sun Dec 17 19:01:00 GMT 2006
0.00user 0.00system 0:12.37elapsed 0%CPU (0avgtext+0avgdata 0maxresident)k
0inputs+0outputs (0major+198minor)pagefaults 0swaps
rename test 52
Sun Dec 17 19:02:10 GMT 2006
0.00user 0.00system 0:00.11elapsed 0%CPU (0avgtext+0avgdata 0maxresident)k
0inputs+0outputs (0major+211minor)pagefaults 0swaps
0.00user 0.00system 0:00.09elapsed 0%CPU (0avgtext+0avgdata 0maxresident)k
0inputs+0outputs (0major+212minor)pagefaults 0swaps
snapshot test 52
Sun Dec 17 19:02:10 GMT 2006
0.00user 0.00system 0:21.64elapsed 0%CPU (0avgtext+0avgdata 0maxresident)k
0inputs+0outputs (0major+197minor)pagefaults 0swaps
rename test 53
Sun Dec 17 19:04:00 GMT 2006
0.00user 0.00system 0:00.09elapsed 4%CPU (0avgtext+0avgdata 0maxresident)k
0inputs+0outputs (0major+211minor)pagefaults 0swaps
0.00user 0.00system 0:00.11elapsed 3%CPU (0avgtext+0avgdata 0maxresident)k
0inputs+0outputs (0major+213minor)pagefaults 0swaps
snapshot test 53
Sun Dec 17 19:04:00 GMT 2006
0.00user 0.00system 0:10.48elapsed 0%CPU (0avgtext+0avgdata 0maxresident)k
0inputs+0outputs (0major+197minor)pagefaults 0swaps
rename test 54
Sun Dec 17 19:04:40 GMT 2006
0.00user 0.00system 0:00.11elapsed 0%CPU (0avgtext+0avgdata 0maxresident)k
0inputs+0outputs (0major+211minor)pagefaults 0swaps
0.00user 0.00system 0:00.09elapsed 0%CPU (0avgtext+0avgdata 0maxresident)k
0inputs+0outputs (0major+211minor)pagefaults 0swaps
snapshot test 54
Sun Dec 17 19:04:40 GMT 2006
0.00user 0.00system 0:14.14elapsed 0%CPU (0avgtext+0avgdata 0maxresident)k
0inputs+0outputs (0major+198minor)pagefaults 0swaps
rename test 55
Sun Dec 17 19:05:46 GMT 2006
0.00user 0.00system 0:00.10elapsed 0%CPU (0avgtext+0avgdata 0maxresident)k
0inputs+0outputs (0major+211minor)pagefaults 0swaps
0.00user 0.00system 0:00.11elapsed 0%CPU (0avgtext+0avgdata 0maxresident)k
0inputs+0outputs (0major+212minor)pagefaults 0swaps
snapshot test 55
Sun Dec 17 19:05:46 GMT 2006
0.00user 0.00system 0:17.35elapsed 0%CPU (0avgtext+0avgdata 0maxresident)k
0inputs+0outputs (0major+198minor)pagefaults 0swaps
rename test 56
Sun Dec 17 19:07:19 GMT 2006
0.00user 0.00system 0:00.08elapsed 0%CPU (0avgtext+0avgdata 0maxresident)k
0inputs+0outputs (0major+212minor)pagefaults 0swaps
0.00user 0.00system 0:00.09elapsed 0%CPU (0avgtext+0avgdata 0maxresident)k
0inputs+0outputs (0major+212minor)pagefaults 0swaps
snapshot test 56
Sun Dec 17 19:07:19 GMT 2006
0.00user 0.00system 0:16.75elapsed 0%CPU (0avgtext+0avgdata 0maxresident)k
0inputs+0outputs (0major+198minor)pagefaults 0swaps
rename test 57
Sun Dec 17 19:08:21 GMT 2006
0.00user 0.00system 0:00.11elapsed 0%CPU (0avgtext+0avgdata 0maxresident)k
0inputs+0outputs (0major+211minor)pagefaults 0swaps
0.00user 0.00system 0:00.09elapsed 0%CPU (0avgtext+0avgdata 0maxresident)k
0inputs+0outputs (0major+212minor)pagefaults 0swaps
snapshot test 57
Sun Dec 17 19:08:21 GMT 2006
0.00user 0.00system 0:14.54elapsed 0%CPU (0avgtext+0avgdata 0maxresident)k
0inputs+0outputs (0major+198minor)pagefaults 0swaps
rename test 58
Sun Dec 17 19:09:33 GMT 2006
0.00user 0.00system 0:00.09elapsed 0%CPU (0avgtext+0avgdata 0maxresident)k
0inputs+0outputs (0major+212minor)pagefaults 0swaps
0.00user 0.00system 0:00.08elapsed 0%CPU (0avgtext+0avgdata 0maxresident)k
0inputs+0outputs (0major+212minor)pagefaults 0swaps
snapshot test 58
Sun Dec 17 19:09:33 GMT 2006
0.00user 0.00system 0:12.21elapsed 0%CPU (0avgtext+0avgdata 0maxresident)k
0inputs+0outputs (0major+198minor)pagefaults 0swaps
rename test 59
Sun Dec 17 19:10:21 GMT 2006
0.00user 0.00system 0:00.11elapsed 0%CPU (0avgtext+0avgdata 0maxresident)k
0inputs+0outputs (0major+211minor)pagefaults 0swaps
0.00user 0.00system 0:00.09elapsed 0%CPU (0avgtext+0avgdata 0maxresident)k
0inputs+0outputs (0major+213minor)pagefaults 0swaps
snapshot test 59
Sun Dec 17 19:10:21 GMT 2006
0.00user 0.00system 0:14.99elapsed 0%CPU (0avgtext+0avgdata 0maxresident)k
0inputs+0outputs (0major+199minor)pagefaults 0swaps
rename test 60
Sun Dec 17 19:11:11 GMT 2006
0.00user 0.00system 0:00.09elapsed 4%CPU (0avgtext+0avgdata 0maxresident)k
0inputs+0outputs (0major+212minor)pagefaults 0swaps
0.00user 0.00system 0:00.08elapsed 0%CPU (0avgtext+0avgdata 0maxresident)k
0inputs+0outputs (0major+212minor)pagefaults 0swaps
snapshot test 60
Sun Dec 17 19:11:11 GMT 2006
0.00user 0.00system 0:21.53elapsed 0%CPU (0avgtext+0avgdata 0maxresident)k
0inputs+0outputs (0major+197minor)pagefaults 0swaps
rename test 61
Sun Dec 17 19:12:05 GMT 2006
0.00user 0.00system 0:00.11elapsed 0%CPU (0avgtext+0avgdata 0maxresident)k
0inputs+0outputs (0major+212minor)pagefaults 0swaps
0.00user 0.00system 0:00.11elapsed 0%CPU (0avgtext+0avgdata 0maxresident)k
0inputs+0outputs (0major+212minor)pagefaults 0swaps
snapshot test 61
Sun Dec 17 19:12:06 GMT 2006
0.00user 0.00system 0:14.74elapsed 0%CPU (0avgtext+0avgdata 0maxresident)k
0inputs+0outputs (0major+198minor)pagefaults 0swaps
rename test 62
Sun Dec 17 19:12:57 GMT 2006
0.00user 0.00system 0:00.11elapsed 0%CPU (0avgtext+0avgdata 0maxresident)k
0inputs+0outputs (0major+212minor)pagefaults 0swaps
0.00user 0.00system 0:00.09elapsed 0%CPU (0avgtext+0avgdata 0maxresident)k
0inputs+0outputs (0major+211minor)pagefaults 0swaps
snapshot test 62
Sun Dec 17 19:12:57 GMT 2006
0.00user 0.00system 0:11.43elapsed 0%CPU (0avgtext+0avgdata 0maxresident)k
0inputs+0outputs (0major+198minor)pagefaults 0swaps
rename test 63
Sun Dec 17 19:13:53 GMT 2006
0.00user 0.00system 0:00.08elapsed 4%CPU (0avgtext+0avgdata 0maxresident)k
0inputs+0outputs (0major+211minor)pagefaults 0swaps
0.00user 0.00system 0:00.11elapsed 0%CPU (0avgtext+0avgdata 0maxresident)k
0inputs+0outputs (0major+212minor)pagefaults 0swaps
snapshot test 63
Sun Dec 17 19:13:53 GMT 2006
0.00user 0.00system 0:11.83elapsed 0%CPU (0avgtext+0avgdata 0maxresident)k
0inputs+0outputs (0major+197minor)pagefaults 0swaps
rename test 64
Sun Dec 17 19:14:35 GMT 2006
0.00user 0.00system 0:00.09elapsed 0%CPU (0avgtext+0avgdata 0maxresident)k
0inputs+0outputs (0major+213minor)pagefaults 0swaps
0.00user 0.00system 0:00.09elapsed 0%CPU (0avgtext+0avgdata 0maxresident)k
0inputs+0outputs (0major+212minor)pagefaults 0swaps
snapshot test 64
Sun Dec 17 19:14:35 GMT 2006
0.00user 0.00system 0:14.79elapsed 0%CPU (0avgtext+0avgdata 0maxresident)k
0inputs+0outputs (0major+197minor)pagefaults 0swaps
rename test 65
Sun Dec 17 19:15:25 GMT 2006
0.00user 0.00system 0:00.11elapsed 0%CPU (0avgtext+0avgdata 0maxresident)k
0inputs+0outputs (0major+212minor)pagefaults 0swaps
0.00user 0.00system 0:00.09elapsed 0%CPU (0avgtext+0avgdata 0maxresident)k
0inputs+0outputs (0major+211minor)pagefaults 0swaps
snapshot test 65
Sun Dec 17 19:15:25 GMT 2006
0.00user 0.00system 0:12.10elapsed 0%CPU (0avgtext+0avgdata 0maxresident)k
0inputs+0outputs (0major+198minor)pagefaults 0swaps
rename test 66
Sun Dec 17 19:16:14 GMT 2006
0.00user 0.00system 0:00.08elapsed 4%CPU (0avgtext+0avgdata 0maxresident)k
0inputs+0outputs (0major+212minor)pagefaults 0swaps
0.00user 0.00system 0:00.09elapsed 0%CPU (0avgtext+0avgdata 0maxresident)k
0inputs+0outputs (0major+212minor)pagefaults 0swaps
snapshot test 66
Sun Dec 17 19:16:14 GMT 2006
0.00user 0.00system 0:15.65elapsed 0%CPU (0avgtext+0avgdata 0maxresident)k
0inputs+0outputs (0major+197minor)pagefaults 0swaps
rename test 67
Sun Dec 17 19:17:31 GMT 2006
0.00user 0.00system 0:00.19elapsed 0%CPU (0avgtext+0avgdata 0maxresident)k
0inputs+0outputs (1major+210minor)pagefaults 0swaps
0.00user 0.00system 0:00.09elapsed 0%CPU (0avgtext+0avgdata 0maxresident)k
0inputs+0outputs (0major+212minor)pagefaults 0swaps
snapshot test 67
Sun Dec 17 19:17:32 GMT 2006
0.00user 0.00system 0:18.09elapsed 0%CPU (0avgtext+0avgdata 0maxresident)k
0inputs+0outputs (0major+197minor)pagefaults 0swaps
rename test 68
Sun Dec 17 19:18:52 GMT 2006
0.00user 0.00system 0:00.09elapsed 0%CPU (0avgtext+0avgdata 0maxresident)k
0inputs+0outputs (0major+212minor)pagefaults 0swaps
0.00user 0.00system 0:00.11elapsed 0%CPU (0avgtext+0avgdata 0maxresident)k
0inputs+0outputs (0major+211minor)pagefaults 0swaps
snapshot test 68
Sun Dec 17 19:18:52 GMT 2006
0.00user 0.00system 0:11.99elapsed 0%CPU (0avgtext+0avgdata 0maxresident)k
0inputs+0outputs (0major+198minor)pagefaults 0swaps
rename test 69
Sun Dec 17 19:19:40 GMT 2006
0.00user 0.00system 0:00.09elapsed 0%CPU (0avgtext+0avgdata 0maxresident)k
0inputs+0outputs (0major+213minor)pagefaults 0swaps
0.00user 0.00system 0:00.09elapsed 0%CPU (0avgtext+0avgdata 0maxresident)k
0inputs+0outputs (0major+211minor)pagefaults 0swaps
snapshot test 69
Sun Dec 17 19:19:41 GMT 2006
0.00user 0.00system 0:11.79elapsed 0%CPU (0avgtext+0avgdata 0maxresident)k
0inputs+0outputs (0major+198minor)pagefaults 0swaps
rename test 70
Sun Dec 17 19:20:38 GMT 2006
0.00user 0.00system 0:00.09elapsed 0%CPU (0avgtext+0avgdata 0maxresident)k
0inputs+0outputs (0major+212minor)pagefaults 0swaps
0.00user 0.00system 0:00.09elapsed 0%CPU (0avgtext+0avgdata 0maxresident)k
0inputs+0outputs (0major+212minor)pagefaults 0swaps
snapshot test 70
Sun Dec 17 19:20:38 GMT 2006
0.00user 0.00system 0:14.64elapsed 0%CPU (0avgtext+0avgdata 0maxresident)k
0inputs+0outputs (0major+198minor)pagefaults 0swaps
rename test 71
Sun Dec 17 19:21:30 GMT 2006
0.00user 0.00system 0:00.09elapsed 4%CPU (0avgtext+0avgdata 0maxresident)k
0inputs+0outputs (0major+211minor)pagefaults 0swaps
0.00user 0.00system 0:00.09elapsed 0%CPU (0avgtext+0avgdata 0maxresident)k
0inputs+0outputs (0major+212minor)pagefaults 0swaps
snapshot test 71
Sun Dec 17 19:21:30 GMT 2006
0.00user 0.00system 0:13.40elapsed 0%CPU (0avgtext+0avgdata 0maxresident)k
0inputs+0outputs (0major+198minor)pagefaults 0swaps
rename test 72
Sun Dec 17 19:22:10 GMT 2006
0.00user 0.00system 0:00.11elapsed 0%CPU (0avgtext+0avgdata 0maxresident)k
0inputs+0outputs (0major+211minor)pagefaults 0swaps
0.00user 0.00system 0:00.09elapsed 0%CPU (0avgtext+0avgdata 0maxresident)k
0inputs+0outputs (0major+212minor)pagefaults 0swaps
snapshot test 72
Sun Dec 17 19:22:11 GMT 2006
0.00user 0.00system 0:07.94elapsed 0%CPU (0avgtext+0avgdata 0maxresident)k
0inputs+0outputs (0major+197minor)pagefaults 0swaps
rename test 73
Sun Dec 17 19:22:48 GMT 2006
0.00user 0.00system 0:00.12elapsed 0%CPU (0avgtext+0avgdata 0maxresident)k
0inputs+0outputs (0major+212minor)pagefaults 0swaps
0.00user 0.00system 0:00.09elapsed 0%CPU (0avgtext+0avgdata 0maxresident)k
0inputs+0outputs (0major+211minor)pagefaults 0swaps
snapshot test 73
Sun Dec 17 19:22:48 GMT 2006
0.00user 0.00system 0:14.07elapsed 0%CPU (0avgtext+0avgdata 0maxresident)k
0inputs+0outputs (0major+198minor)pagefaults 0swaps
rename test 74
Sun Dec 17 19:23:30 GMT 2006
0.00user 0.00system 0:00.11elapsed 0%CPU (0avgtext+0avgdata 0maxresident)k
0inputs+0outputs (0major+211minor)pagefaults 0swaps
0.00user 0.00system 0:00.09elapsed 8%CPU (0avgtext+0avgdata 0maxresident)k
0inputs+0outputs (0major+211minor)pagefaults 0swaps
snapshot test 74
Sun Dec 17 19:23:30 GMT 2006
0.00user 0.00system 0:11.23elapsed 0%CPU (0avgtext+0avgdata 0maxresident)k
0inputs+0outputs (0major+198minor)pagefaults 0swaps
rename test 75
Sun Dec 17 19:24:05 GMT 2006
0.00user 0.00system 0:00.10elapsed 3%CPU (0avgtext+0avgdata 0maxresident)k
0inputs+0outputs (0major+211minor)pagefaults 0swaps
0.00user 0.00system 0:00.11elapsed 3%CPU (0avgtext+0avgdata 0maxresident)k
0inputs+0outputs (0major+212minor)pagefaults 0swaps
snapshot test 75
Sun Dec 17 19:24:05 GMT 2006
0.00user 0.00system 0:13.35elapsed 0%CPU (0avgtext+0avgdata 0maxresident)k
0inputs+0outputs (0major+198minor)pagefaults 0swaps
rename test 76
Sun Dec 17 19:24:44 GMT 2006
0.00user 0.00system 0:00.10elapsed 0%CPU (0avgtext+0avgdata 0maxresident)k
0inputs+0outputs (0major+212minor)pagefaults 0swaps
0.00user 0.00system 0:00.11elapsed 3%CPU (0avgtext+0avgdata 0maxresident)k
0inputs+0outputs (0major+212minor)pagefaults 0swaps
snapshot test 76
Sun Dec 17 19:24:45 GMT 2006
0.00user 0.00system 0:11.05elapsed 0%CPU (0avgtext+0avgdata 0maxresident)k
0inputs+0outputs (0major+197minor)pagefaults 0swaps
rename test 77
Sun Dec 17 19:25:21 GMT 2006
0.00user 0.00system 0:00.11elapsed 0%CPU (0avgtext+0avgdata 0maxresident)k
0inputs+0outputs (0major+212minor)pagefaults 0swaps
0.00user 0.00system 0:00.09elapsed 0%CPU (0avgtext+0avgdata 0maxresident)k
0inputs+0outputs (0major+212minor)pagefaults 0swaps
snapshot test 77
Sun Dec 17 19:25:22 GMT 2006
0.00user 0.00system 0:17.14elapsed 0%CPU (0avgtext+0avgdata 0maxresident)k
0inputs+0outputs (0major+197minor)pagefaults 0swaps
rename test 78
Sun Dec 17 19:25:51 GMT 2006
0.00user 0.00system 0:00.09elapsed 4%CPU (0avgtext+0avgdata 0maxresident)k
0inputs+0outputs (0major+211minor)pagefaults 0swaps
0.00user 0.00system 0:00.09elapsed 0%CPU (0avgtext+0avgdata 0maxresident)k
0inputs+0outputs (0major+211minor)pagefaults 0swaps
snapshot test 78
Sun Dec 17 19:25:51 GMT 2006
ln: creating symbolic link `78' to `current': Connection reset by peer
Command exited with non-zero status 1
0.00user 0.00system 15:39:56elapsed 0%CPU (0avgtext+0avgdata 0maxresident)k
0inputs+0outputs (1major+212minor)pagefaults 0swaps
