# simple snapshot: sync, snapshot (single owner)
snapshot simple test 1
Tue Dec 19 16:38:41 GMT 2006
raw_buffer_count = 1
snapshot: /linux/1 (0.01786 seconds)
0.00user 0.00system 0:00.02elapsed 0%CPU (0avgtext+0avgdata 0maxresident)k
0inputs+0outputs (0major+198minor)pagefaults 0swaps
snapshot simple test 2
Tue Dec 19 16:38:42 GMT 2006
snapshot: /linux/2 (0.001233 seconds)
0.00user 0.00system 0:00.00elapsed 0%CPU (0avgtext+0avgdata 0maxresident)k
0inputs+0outputs (0major+197minor)pagefaults 0swaps
snapshot simple test 3
Tue Dec 19 16:38:44 GMT 2006
snapshot: /linux/3 (0.001146 seconds)
0.00user 0.00system 0:00.00elapsed 100%CPU (0avgtext+0avgdata 0maxresident)k
0inputs+0outputs (0major+198minor)pagefaults 0swaps
snapshot simple test 4
Tue Dec 19 16:38:45 GMT 2006
snapshot: /linux/4 (0.001177 seconds)
0.00user 0.00system 0:00.00elapsed 0%CPU (0avgtext+0avgdata 0maxresident)k
0inputs+0outputs (0major+197minor)pagefaults 0swaps
snapshot simple test 5
Tue Dec 19 16:38:46 GMT 2006
snapshot: /linux/5 (0.001159 seconds)
0.00user 0.00system 0:00.00elapsed 0%CPU (0avgtext+0avgdata 0maxresident)k
0inputs+0outputs (0major+197minor)pagefaults 0swaps
snapshot simple test 6
Tue Dec 19 16:38:48 GMT 2006
snapshot: /linux/6 (0.001168 seconds)
0.00user 0.00system 0:00.00elapsed 0%CPU (0avgtext+0avgdata 0maxresident)k
0inputs+0outputs (0major+197minor)pagefaults 0swaps
snapshot simple test 7
Tue Dec 19 16:38:49 GMT 2006
snapshot: /linux/7 (0.00116 seconds)
0.00user 0.00system 0:00.00elapsed 133%CPU (0avgtext+0avgdata 0maxresident)k
0inputs+0outputs (0major+197minor)pagefaults 0swaps
snapshot simple test 8
Tue Dec 19 16:38:50 GMT 2006
snapshot: /linux/8 (0.001203 seconds)
0.00user 0.00system 0:00.00elapsed 0%CPU (0avgtext+0avgdata 0maxresident)k
0inputs+0outputs (0major+199minor)pagefaults 0swaps
snapshot simple test 9
Tue Dec 19 16:38:51 GMT 2006
snapshot: /linux/9 (0.00118 seconds)
0.00user 0.00system 0:00.00elapsed 0%CPU (0avgtext+0avgdata 0maxresident)k
0inputs+0outputs (0major+197minor)pagefaults 0swaps
snapshot simple test 10
Tue Dec 19 16:38:53 GMT 2006
snapshot: /linux/10 (0.001165 seconds)
0.00user 0.00system 0:00.00elapsed 0%CPU (0avgtext+0avgdata 0maxresident)k
0inputs+0outputs (0major+197minor)pagefaults 0swaps
snapshot simple test 11
Tue Dec 19 16:38:54 GMT 2006
snapshot: /linux/11 (0.001178 seconds)
0.00user 0.00system 0:00.00elapsed 0%CPU (0avgtext+0avgdata 0maxresident)k
0inputs+0outputs (0major+198minor)pagefaults 0swaps
snapshot simple test 12
Tue Dec 19 16:38:55 GMT 2006
snapshot: /linux/12 (0.001286 seconds)
0.00user 0.00system 0:00.00elapsed 0%CPU (0avgtext+0avgdata 0maxresident)k
0inputs+0outputs (0major+198minor)pagefaults 0swaps
snapshot simple test 13
Tue Dec 19 16:38:56 GMT 2006
snapshot: /linux/13 (0.001193 seconds)
0.00user 0.00system 0:00.00elapsed 100%CPU (0avgtext+0avgdata 0maxresident)k
0inputs+0outputs (0major+198minor)pagefaults 0swaps
snapshot simple test 14
Tue Dec 19 16:38:58 GMT 2006
snapshot: /linux/14 (0.001197 seconds)
0.00user 0.00system 0:00.00elapsed 0%CPU (0avgtext+0avgdata 0maxresident)k
0inputs+0outputs (0major+198minor)pagefaults 0swaps
snapshot simple test 15
Tue Dec 19 16:38:59 GMT 2006
snapshot: /linux/15 (0.001181 seconds)
0.00user 0.00system 0:00.00elapsed 0%CPU (0avgtext+0avgdata 0maxresident)k
0inputs+0outputs (0major+198minor)pagefaults 0swaps
snapshot simple test 16
Tue Dec 19 16:39:00 GMT 2006
snapshot: /linux/16 (0.001644 seconds)
0.00user 0.00system 0:00.00elapsed 0%CPU (0avgtext+0avgdata 0maxresident)k
0inputs+0outputs (0major+198minor)pagefaults 0swaps
snapshot simple test 17
Tue Dec 19 16:39:01 GMT 2006
snapshot: /linux/17 (0.001306 seconds)
0.00user 0.00system 0:00.00elapsed 100%CPU (0avgtext+0avgdata 0maxresident)k
0inputs+0outputs (0major+197minor)pagefaults 0swaps
snapshot simple test 18
Tue Dec 19 16:39:03 GMT 2006
snapshot: /linux/18 (0.001208 seconds)
0.00user 0.00system 0:00.00elapsed 0%CPU (0avgtext+0avgdata 0maxresident)k
0inputs+0outputs (0major+197minor)pagefaults 0swaps
snapshot simple test 19
Tue Dec 19 16:39:04 GMT 2006
snapshot: /linux/19 (0.001191 seconds)
0.00user 0.00system 0:00.00elapsed 200%CPU (0avgtext+0avgdata 0maxresident)k
0inputs+0outputs (0major+199minor)pagefaults 0swaps
snapshot simple test 20
Tue Dec 19 16:39:05 GMT 2006
snapshot: /linux/20 (0.001185 seconds)
0.00user 0.00system 0:00.00elapsed 100%CPU (0avgtext+0avgdata 0maxresident)k
0inputs+0outputs (0major+197minor)pagefaults 0swaps
snapshot simple test 21
Tue Dec 19 16:39:07 GMT 2006
snapshot: /linux/21 (0.001231 seconds)
0.00user 0.00system 0:00.00elapsed 100%CPU (0avgtext+0avgdata 0maxresident)k
0inputs+0outputs (0major+198minor)pagefaults 0swaps
snapshot simple test 22
Tue Dec 19 16:39:08 GMT 2006
snapshot: /linux/22 (0.00124 seconds)
0.00user 0.00system 0:00.00elapsed 0%CPU (0avgtext+0avgdata 0maxresident)k
0inputs+0outputs (0major+197minor)pagefaults 0swaps
snapshot simple test 23
Tue Dec 19 16:39:09 GMT 2006
snapshot: /linux/23 (0.001319 seconds)
0.00user 0.00system 0:00.00elapsed 0%CPU (0avgtext+0avgdata 0maxresident)k
0inputs+0outputs (0major+198minor)pagefaults 0swaps
snapshot simple test 24
Tue Dec 19 16:39:11 GMT 2006
snapshot: /linux/24 (0.001185 seconds)
0.00user 0.00system 0:00.00elapsed 100%CPU (0avgtext+0avgdata 0maxresident)k
0inputs+0outputs (0major+198minor)pagefaults 0swaps
snapshot simple test 25
Tue Dec 19 16:39:12 GMT 2006
snapshot: /linux/25 (0.001231 seconds)
0.00user 0.00system 0:00.00elapsed 0%CPU (0avgtext+0avgdata 0maxresident)k
0inputs+0outputs (0major+198minor)pagefaults 0swaps
snapshot simple test 26
Tue Dec 19 16:39:13 GMT 2006
snapshot: /linux/26 (0.001199 seconds)
0.00user 0.00system 0:00.00elapsed 0%CPU (0avgtext+0avgdata 0maxresident)k
0inputs+0outputs (0major+198minor)pagefaults 0swaps
snapshot simple test 27
Tue Dec 19 16:39:15 GMT 2006
snapshot: /linux/27 (0.00157 seconds)
0.00user 0.00system 0:00.00elapsed 0%CPU (0avgtext+0avgdata 0maxresident)k
0inputs+0outputs (0major+198minor)pagefaults 0swaps
snapshot simple test 28
Tue Dec 19 16:39:16 GMT 2006
snapshot: /linux/28 (0.001277 seconds)
0.00user 0.00system 0:00.00elapsed 0%CPU (0avgtext+0avgdata 0maxresident)k
0inputs+0outputs (0major+197minor)pagefaults 0swaps
snapshot simple test 29
Tue Dec 19 16:39:17 GMT 2006
snapshot: /linux/29 (0.001212 seconds)
0.00user 0.00system 0:00.00elapsed 0%CPU (0avgtext+0avgdata 0maxresident)k
0inputs+0outputs (0major+197minor)pagefaults 0swaps
snapshot simple test 30
Tue Dec 19 16:39:19 GMT 2006
snapshot: /linux/30 (0.001218 seconds)
0.00user 0.00system 0:00.00elapsed 0%CPU (0avgtext+0avgdata 0maxresident)k
0inputs+0outputs (0major+198minor)pagefaults 0swaps
snapshot simple test 31
Tue Dec 19 16:39:20 GMT 2006
snapshot: /linux/31 (0.001221 seconds)
0.00user 0.00system 0:00.00elapsed 0%CPU (0avgtext+0avgdata 0maxresident)k
0inputs+0outputs (0major+197minor)pagefaults 0swaps
snapshot simple test 32
Tue Dec 19 16:39:21 GMT 2006
snapshot: /linux/32 (0.001215 seconds)
0.00user 0.00system 0:00.00elapsed 0%CPU (0avgtext+0avgdata 0maxresident)k
0inputs+0outputs (0major+197minor)pagefaults 0swaps
snapshot simple test 33
Tue Dec 19 16:39:22 GMT 2006
snapshot: /linux/33 (0.001261 seconds)
0.00user 0.00system 0:00.00elapsed 0%CPU (0avgtext+0avgdata 0maxresident)k
0inputs+0outputs (0major+198minor)pagefaults 0swaps
snapshot simple test 34
Tue Dec 19 16:39:24 GMT 2006
snapshot: /linux/34 (0.001311 seconds)
0.00user 0.00system 0:00.00elapsed 100%CPU (0avgtext+0avgdata 0maxresident)k
0inputs+0outputs (0major+198minor)pagefaults 0swaps
snapshot simple test 35
Tue Dec 19 16:39:25 GMT 2006
snapshot: /linux/35 (0.00123 seconds)
0.00user 0.00system 0:00.00elapsed 0%CPU (0avgtext+0avgdata 0maxresident)k
0inputs+0outputs (0major+197minor)pagefaults 0swaps
snapshot simple test 36
Tue Dec 19 16:39:26 GMT 2006
snapshot: /linux/36 (0.001225 seconds)
0.00user 0.00system 0:00.00elapsed 0%CPU (0avgtext+0avgdata 0maxresident)k
0inputs+0outputs (0major+197minor)pagefaults 0swaps
snapshot simple test 37
Tue Dec 19 16:39:28 GMT 2006
snapshot: /linux/37 (0.001227 seconds)
0.00user 0.00system 0:00.00elapsed 0%CPU (0avgtext+0avgdata 0maxresident)k
0inputs+0outputs (0major+197minor)pagefaults 0swaps
snapshot simple test 38
Tue Dec 19 16:39:29 GMT 2006
snapshot: /linux/38 (0.001266 seconds)
0.00user 0.00system 0:00.00elapsed 0%CPU (0avgtext+0avgdata 0maxresident)k
0inputs+0outputs (0major+199minor)pagefaults 0swaps
snapshot simple test 39
Tue Dec 19 16:39:30 GMT 2006
snapshot: /linux/39 (0.001623 seconds)
0.00user 0.00system 0:00.00elapsed 0%CPU (0avgtext+0avgdata 0maxresident)k
0inputs+0outputs (0major+198minor)pagefaults 0swaps
snapshot simple test 40
Tue Dec 19 16:39:32 GMT 2006
snapshot: /linux/40 (0.001228 seconds)
0.00user 0.00system 0:00.00elapsed 0%CPU (0avgtext+0avgdata 0maxresident)k
0inputs+0outputs (0major+198minor)pagefaults 0swaps
snapshot simple test 41
Tue Dec 19 16:39:33 GMT 2006
snapshot: /linux/41 (0.001474 seconds)
0.00user 0.00system 0:00.00elapsed 0%CPU (0avgtext+0avgdata 0maxresident)k
0inputs+0outputs (0major+198minor)pagefaults 0swaps
snapshot simple test 42
Tue Dec 19 16:39:34 GMT 2006
snapshot: /linux/42 (0.001256 seconds)
0.00user 0.00system 0:00.00elapsed 0%CPU (0avgtext+0avgdata 0maxresident)k
0inputs+0outputs (0major+199minor)pagefaults 0swaps
snapshot simple test 43
Tue Dec 19 16:39:35 GMT 2006
snapshot: /linux/43 (0.001267 seconds)
0.00user 0.00system 0:00.00elapsed 100%CPU (0avgtext+0avgdata 0maxresident)k
0inputs+0outputs (0major+198minor)pagefaults 0swaps
snapshot simple test 44
Tue Dec 19 16:39:37 GMT 2006
snapshot: /linux/44 (0.001242 seconds)
0.00user 0.00system 0:00.00elapsed 0%CPU (0avgtext+0avgdata 0maxresident)k
0inputs+0outputs (0major+198minor)pagefaults 0swaps
snapshot simple test 45
Tue Dec 19 16:39:38 GMT 2006
snapshot: /linux/45 (0.001303 seconds)
0.00user 0.00system 0:00.00elapsed 0%CPU (0avgtext+0avgdata 0maxresident)k
0inputs+0outputs (0major+198minor)pagefaults 0swaps
snapshot simple test 46
Tue Dec 19 16:39:39 GMT 2006
snapshot: /linux/46 (0.001275 seconds)
0.00user 0.00system 0:00.00elapsed 0%CPU (0avgtext+0avgdata 0maxresident)k
0inputs+0outputs (0major+197minor)pagefaults 0swaps
snapshot simple test 47
Tue Dec 19 16:39:41 GMT 2006
snapshot: /linux/47 (0.001272 seconds)
0.00user 0.00system 0:00.00elapsed 0%CPU (0avgtext+0avgdata 0maxresident)k
0inputs+0outputs (0major+198minor)pagefaults 0swaps
snapshot simple test 48
Tue Dec 19 16:39:42 GMT 2006
snapshot: /linux/48 (0.001275 seconds)
0.00user 0.00system 0:00.00elapsed 100%CPU (0avgtext+0avgdata 0maxresident)k
0inputs+0outputs (0major+197minor)pagefaults 0swaps
snapshot simple test 49
Tue Dec 19 16:39:43 GMT 2006
snapshot: /linux/49 (0.001319 seconds)
0.00user 0.00system 0:00.00elapsed 0%CPU (0avgtext+0avgdata 0maxresident)k
0inputs+0outputs (0major+197minor)pagefaults 0swaps
snapshot simple test 50
Tue Dec 19 16:39:44 GMT 2006
snapshot: /linux/50 (0.001249 seconds)
0.00user 0.00system 0:00.00elapsed 0%CPU (0avgtext+0avgdata 0maxresident)k
0inputs+0outputs (0major+198minor)pagefaults 0swaps
snapshot simple test 51
Tue Dec 19 16:39:46 GMT 2006
snapshot: /linux/51 (0.001337 seconds)
0.00user 0.00system 0:00.00elapsed 0%CPU (0avgtext+0avgdata 0maxresident)k
0inputs+0outputs (0major+198minor)pagefaults 0swaps
snapshot simple test 52
Tue Dec 19 16:39:47 GMT 2006
snapshot: /linux/52 (0.001301 seconds)
0.00user 0.00system 0:00.00elapsed 0%CPU (0avgtext+0avgdata 0maxresident)k
0inputs+0outputs (0major+197minor)pagefaults 0swaps
snapshot simple test 53
Tue Dec 19 16:39:48 GMT 2006
snapshot: /linux/53 (0.001304 seconds)
0.00user 0.00system 0:00.00elapsed 100%CPU (0avgtext+0avgdata 0maxresident)k
0inputs+0outputs (0major+198minor)pagefaults 0swaps
snapshot simple test 54
Tue Dec 19 16:39:49 GMT 2006
snapshot: /linux/54 (0.001257 seconds)
0.00user 0.00system 0:00.00elapsed 0%CPU (0avgtext+0avgdata 0maxresident)k
0inputs+0outputs (0major+198minor)pagefaults 0swaps
snapshot simple test 55
Tue Dec 19 16:39:51 GMT 2006
snapshot: /linux/55 (0.001339 seconds)
0.00user 0.00system 0:00.00elapsed 0%CPU (0avgtext+0avgdata 0maxresident)k
0inputs+0outputs (0major+198minor)pagefaults 0swaps
snapshot simple test 56
Tue Dec 19 16:39:52 GMT 2006
snapshot: /linux/56 (0.001706 seconds)
0.00user 0.00system 0:00.00elapsed 0%CPU (0avgtext+0avgdata 0maxresident)k
0inputs+0outputs (0major+197minor)pagefaults 0swaps
snapshot simple test 57
Tue Dec 19 16:39:53 GMT 2006
snapshot: /linux/57 (0.00168 seconds)
0.00user 0.00system 0:00.00elapsed 0%CPU (0avgtext+0avgdata 0maxresident)k
0inputs+0outputs (0major+198minor)pagefaults 0swaps
snapshot simple test 58
Tue Dec 19 16:39:55 GMT 2006
snapshot: /linux/58 (0.001291 seconds)
0.00user 0.00system 0:00.00elapsed 0%CPU (0avgtext+0avgdata 0maxresident)k
0inputs+0outputs (0major+197minor)pagefaults 0swaps
snapshot simple test 59
Tue Dec 19 16:39:56 GMT 2006
snapshot: /linux/59 (0.00135 seconds)
0.00user 0.00system 0:00.00elapsed 0%CPU (0avgtext+0avgdata 0maxresident)k
0inputs+0outputs (0major+197minor)pagefaults 0swaps
snapshot simple test 60
Tue Dec 19 16:39:57 GMT 2006
snapshot: /linux/60 (0.001303 seconds)
0.00user 0.00system 0:00.00elapsed 0%CPU (0avgtext+0avgdata 0maxresident)k
0inputs+0outputs (0major+198minor)pagefaults 0swaps
snapshot simple test 61
Tue Dec 19 16:39:58 GMT 2006
snapshot: /linux/61 (0.001283 seconds)
0.00user 0.00system 0:00.00elapsed 0%CPU (0avgtext+0avgdata 0maxresident)k
0inputs+0outputs (0major+198minor)pagefaults 0swaps
snapshot simple test 62
Tue Dec 19 16:40:00 GMT 2006
snapshot: /linux/62 (0.001294 seconds)
0.00user 0.00system 0:00.00elapsed 0%CPU (0avgtext+0avgdata 0maxresident)k
0inputs+0outputs (0major+198minor)pagefaults 0swaps
snapshot simple test 63
Tue Dec 19 16:40:01 GMT 2006
snapshot: /linux/63 (0.001289 seconds)
0.00user 0.00system 0:00.00elapsed 0%CPU (0avgtext+0avgdata 0maxresident)k
0inputs+0outputs (0major+197minor)pagefaults 0swaps
snapshot simple test 64
Tue Dec 19 16:40:02 GMT 2006
snapshot: /linux/64 (0.001321 seconds)
0.00user 0.00system 0:00.00elapsed 100%CPU (0avgtext+0avgdata 0maxresident)k
0inputs+0outputs (0major+198minor)pagefaults 0swaps
snapshot simple test 65
Tue Dec 19 16:40:04 GMT 2006
snapshot: /linux/65 (0.001273 seconds)
0.00user 0.00system 0:00.00elapsed 0%CPU (0avgtext+0avgdata 0maxresident)k
0inputs+0outputs (0major+197minor)pagefaults 0swaps
snapshot simple test 66
Tue Dec 19 16:40:05 GMT 2006
snapshot: /linux/66 (0.001289 seconds)
0.00user 0.00system 0:00.00elapsed 0%CPU (0avgtext+0avgdata 0maxresident)k
0inputs+0outputs (0major+197minor)pagefaults 0swaps
snapshot simple test 67
Tue Dec 19 16:40:06 GMT 2006
snapshot: /linux/67 (0.001332 seconds)
0.00user 0.00system 0:00.00elapsed 0%CPU (0avgtext+0avgdata 0maxresident)k
0inputs+0outputs (0major+198minor)pagefaults 0swaps
snapshot simple test 68
Tue Dec 19 16:40:08 GMT 2006
snapshot: /linux/68 (0.001365 seconds)
0.00user 0.00system 0:00.00elapsed 0%CPU (0avgtext+0avgdata 0maxresident)k
0inputs+0outputs (0major+197minor)pagefaults 0swaps
snapshot simple test 69
Tue Dec 19 16:40:09 GMT 2006
snapshot: /linux/69 (0.001743 seconds)
0.00user 0.00system 0:00.00elapsed 0%CPU (0avgtext+0avgdata 0maxresident)k
0inputs+0outputs (0major+197minor)pagefaults 0swaps
snapshot simple test 70
Tue Dec 19 16:40:10 GMT 2006
snapshot: /linux/70 (0.001388 seconds)
0.00user 0.00system 0:00.00elapsed 0%CPU (0avgtext+0avgdata 0maxresident)k
0inputs+0outputs (0major+198minor)pagefaults 0swaps
snapshot simple test 71
Tue Dec 19 16:40:11 GMT 2006
snapshot: /linux/71 (0.001303 seconds)
0.00user 0.00system 0:00.00elapsed 0%CPU (0avgtext+0avgdata 0maxresident)k
0inputs+0outputs (0major+198minor)pagefaults 0swaps
snapshot simple test 72
Tue Dec 19 16:40:13 GMT 2006
snapshot: /linux/72 (0.001346 seconds)
0.00user 0.00system 0:00.00elapsed 0%CPU (0avgtext+0avgdata 0maxresident)k
0inputs+0outputs (0major+197minor)pagefaults 0swaps
snapshot simple test 73
Tue Dec 19 16:40:14 GMT 2006
snapshot: /linux/73 (0.001324 seconds)
0.00user 0.00system 0:00.00elapsed 0%CPU (0avgtext+0avgdata 0maxresident)k
0inputs+0outputs (0major+197minor)pagefaults 0swaps
snapshot simple test 74
Tue Dec 19 16:40:15 GMT 2006
snapshot: /linux/74 (0.001287 seconds)
0.00user 0.00system 0:00.00elapsed 100%CPU (0avgtext+0avgdata 0maxresident)k
0inputs+0outputs (0major+197minor)pagefaults 0swaps
snapshot simple test 75
Tue Dec 19 16:40:17 GMT 2006
snapshot: /linux/75 (0.001299 seconds)
0.00user 0.00system 0:00.00elapsed 133%CPU (0avgtext+0avgdata 0maxresident)k
0inputs+0outputs (0major+197minor)pagefaults 0swaps
snapshot simple test 76
Tue Dec 19 16:40:18 GMT 2006
snapshot: /linux/76 (0.001311 seconds)
0.00user 0.00system 0:00.00elapsed 100%CPU (0avgtext+0avgdata 0maxresident)k
0inputs+0outputs (0major+197minor)pagefaults 0swaps
snapshot simple test 77
Tue Dec 19 16:40:19 GMT 2006
snapshot: /linux/77 (0.001335 seconds)
0.00user 0.00system 0:00.00elapsed 100%CPU (0avgtext+0avgdata 0maxresident)k
0inputs+0outputs (0major+198minor)pagefaults 0swaps
snapshot simple test 78
Tue Dec 19 16:40:21 GMT 2006
snapshot: /linux/78 (0.001325 seconds)
0.00user 0.00system 0:00.00elapsed 0%CPU (0avgtext+0avgdata 0maxresident)k
0inputs+0outputs (0major+198minor)pagefaults 0swaps
snapshot simple test 79
Tue Dec 19 16:40:22 GMT 2006
snapshot: /linux/79 (0.001313 seconds)
0.00user 0.00system 0:00.00elapsed 100%CPU (0avgtext+0avgdata 0maxresident)k
0inputs+0outputs (0major+197minor)pagefaults 0swaps
snapshot simple test 80
Tue Dec 19 16:40:23 GMT 2006
snapshot: /linux/80 (0.001359 seconds)
0.00user 0.00system 0:00.00elapsed 100%CPU (0avgtext+0avgdata 0maxresident)k
0inputs+0outputs (0major+198minor)pagefaults 0swaps
snapshot simple test 81
Tue Dec 19 16:40:25 GMT 2006
snapshot: /linux/81 (0.001346 seconds)
0.00user 0.00system 0:00.00elapsed 100%CPU (0avgtext+0avgdata 0maxresident)k
0inputs+0outputs (0major+197minor)pagefaults 0swaps
snapshot simple test 82
Tue Dec 19 16:40:26 GMT 2006
snapshot: /linux/82 (0.00135 seconds)
0.00user 0.00system 0:00.00elapsed 0%CPU (0avgtext+0avgdata 0maxresident)k
0inputs+0outputs (0major+198minor)pagefaults 0swaps
snapshot simple test 83
Tue Dec 19 16:40:28 GMT 2006
snapshot: /linux/83 (0.001326 seconds)
0.00user 0.00system 0:00.00elapsed 0%CPU (0avgtext+0avgdata 0maxresident)k
0inputs+0outputs (0major+197minor)pagefaults 0swaps
snapshot simple test 84
Tue Dec 19 16:40:29 GMT 2006
snapshot: /linux/84 (0.001366 seconds)
0.00user 0.00system 0:00.00elapsed 0%CPU (0avgtext+0avgdata 0maxresident)k
0inputs+0outputs (0major+197minor)pagefaults 0swaps
snapshot simple test 85
Tue Dec 19 16:40:30 GMT 2006
snapshot: /linux/85 (0.001427 seconds)
0.00user 0.00system 0:00.00elapsed 0%CPU (0avgtext+0avgdata 0maxresident)k
0inputs+0outputs (0major+197minor)pagefaults 0swaps
snapshot simple test 86
Tue Dec 19 16:40:31 GMT 2006
snapshot: /linux/86 (0.001339 seconds)
0.00user 0.00system 0:00.00elapsed 0%CPU (0avgtext+0avgdata 0maxresident)k
0inputs+0outputs (0major+198minor)pagefaults 0swaps
snapshot simple test 87
Tue Dec 19 16:40:32 GMT 2006
snapshot: /linux/87 (0.001321 seconds)
0.00user 0.00system 0:00.00elapsed 100%CPU (0avgtext+0avgdata 0maxresident)k
0inputs+0outputs (0major+198minor)pagefaults 0swaps
snapshot simple test 88
Tue Dec 19 16:40:34 GMT 2006
snapshot: /linux/88 (0.001536 seconds)
0.00user 0.00system 0:00.00elapsed 0%CPU (0avgtext+0avgdata 0maxresident)k
0inputs+0outputs (0major+197minor)pagefaults 0swaps
snapshot simple test 89
Tue Dec 19 16:40:35 GMT 2006
snapshot: /linux/89 (0.001725 seconds)
0.00user 0.00system 0:00.00elapsed 0%CPU (0avgtext+0avgdata 0maxresident)k
0inputs+0outputs (0major+197minor)pagefaults 0swaps
snapshot simple test 90
Tue Dec 19 16:40:36 GMT 2006
snapshot: /linux/90 (0.001347 seconds)
0.00user 0.00system 0:00.00elapsed 0%CPU (0avgtext+0avgdata 0maxresident)k
0inputs+0outputs (0major+197minor)pagefaults 0swaps
snapshot simple test 91
Tue Dec 19 16:40:37 GMT 2006
snapshot: /linux/91 (0.001377 seconds)
0.00user 0.00system 0:00.00elapsed 100%CPU (0avgtext+0avgdata 0maxresident)k
0inputs+0outputs (0major+197minor)pagefaults 0swaps
snapshot simple test 92
Tue Dec 19 16:40:39 GMT 2006
snapshot: /linux/92 (0.001382 seconds)
0.00user 0.00system 0:00.00elapsed 0%CPU (0avgtext+0avgdata 0maxresident)k
0inputs+0outputs (0major+198minor)pagefaults 0swaps
snapshot simple test 93
Tue Dec 19 16:40:40 GMT 2006
snapshot: /linux/93 (0.001411 seconds)
0.00user 0.00system 0:00.00elapsed 0%CPU (0avgtext+0avgdata 0maxresident)k
0inputs+0outputs (0major+197minor)pagefaults 0swaps
snapshot simple test 94
Tue Dec 19 16:40:41 GMT 2006
snapshot: /linux/94 (0.001358 seconds)
0.00user 0.00system 0:00.00elapsed 0%CPU (0avgtext+0avgdata 0maxresident)k
0inputs+0outputs (0major+198minor)pagefaults 0swaps
snapshot simple test 95
Tue Dec 19 16:40:42 GMT 2006
snapshot: /linux/95 (0.001364 seconds)
0.00user 0.00system 0:00.00elapsed 0%CPU (0avgtext+0avgdata 0maxresident)k
0inputs+0outputs (0major+198minor)pagefaults 0swaps
snapshot simple test 96
Tue Dec 19 16:40:44 GMT 2006
snapshot: /linux/96 (0.001351 seconds)
0.00user 0.00system 0:00.00elapsed 0%CPU (0avgtext+0avgdata 0maxresident)k
0inputs+0outputs (0major+197minor)pagefaults 0swaps
snapshot simple test 97
Tue Dec 19 16:40:45 GMT 2006
snapshot: /linux/97 (0.001385 seconds)
0.00user 0.00system 0:00.00elapsed 100%CPU (0avgtext+0avgdata 0maxresident)k
0inputs+0outputs (0major+198minor)pagefaults 0swaps
snapshot simple test 98
Tue Dec 19 16:40:46 GMT 2006
snapshot: /linux/98 (0.001401 seconds)
0.00user 0.00system 0:00.00elapsed 100%CPU (0avgtext+0avgdata 0maxresident)k
0inputs+0outputs (0major+199minor)pagefaults 0swaps
snapshot simple test 99
Tue Dec 19 16:40:48 GMT 2006
snapshot: /linux/99 (0.001344 seconds)
0.00user 0.00system 0:00.00elapsed 0%CPU (0avgtext+0avgdata 0maxresident)k
0inputs+0outputs (0major+198minor)pagefaults 0swaps
snapshot simple test 100
Tue Dec 19 16:40:49 GMT 2006
snapshot: /linux/100 (0.001403 seconds)
0.00user 0.00system 0:00.00elapsed 100%CPU (0avgtext+0avgdata 0maxresident)k
0inputs+0outputs (0major+198minor)pagefaults 0swaps
