== druid-0 : envoy tar cold 0 ==
Mon Oct 16 16:30:08 BST 2006
0.06user 1.89system 5:30.13elapsed 0%CPU (0avgtext+0avgdata 0maxresident)k
0inputs+0outputs (1major+276minor)pagefaults 0swaps
== druid-0 : envoy tar cold 1 ==
Mon Oct 16 16:35:52 BST 2006
0.11user 2.99system 5:25.39elapsed 0%CPU (0avgtext+0avgdata 0maxresident)k
0inputs+0outputs (0major+277minor)pagefaults 0swaps
== druid-0 : envoy tar cold 2 ==
Mon Oct 16 16:41:29 BST 2006
0.06user 2.31system 5:24.85elapsed 0%CPU (0avgtext+0avgdata 0maxresident)k
0inputs+0outputs (0major+277minor)pagefaults 0swaps
== druid-0 : envoy tar cold 3 ==
Mon Oct 16 16:47:05 BST 2006
0.02user 1.28system 5:23.66elapsed 0%CPU (0avgtext+0avgdata 0maxresident)k
0inputs+0outputs (0major+277minor)pagefaults 0swaps
== druid-0 : envoy tar cold 4 ==
Mon Oct 16 16:52:40 BST 2006
0.06user 2.86system 5:15.30elapsed 0%CPU (0avgtext+0avgdata 0maxresident)k
0inputs+0outputs (0major+277minor)pagefaults 0swaps
== druid-0 : envoy tar cold 5 ==
Mon Oct 16 16:58:07 BST 2006
0.06user 2.34system 5:24.45elapsed 0%CPU (0avgtext+0avgdata 0maxresident)k
0inputs+0outputs (0major+276minor)pagefaults 0swaps
== druid-0 : envoy tar cold 6 ==
Mon Oct 16 17:03:43 BST 2006
0.08user 1.88system 5:13.12elapsed 0%CPU (0avgtext+0avgdata 0maxresident)k
0inputs+0outputs (0major+278minor)pagefaults 0swaps
== druid-0 : envoy tar cold 7 ==
Mon Oct 16 17:09:09 BST 2006
0.02user 1.02system 5:30.53elapsed 0%CPU (0avgtext+0avgdata 0maxresident)k
0inputs+0outputs (0major+276minor)pagefaults 0swaps
== druid-0 : envoy tar cold 8 ==
Mon Oct 16 17:14:53 BST 2006
0.11user 3.32system 5:32.53elapsed 1%CPU (0avgtext+0avgdata 0maxresident)k
0inputs+0outputs (0major+276minor)pagefaults 0swaps
== druid-0 : envoy tar cold 9 ==
Mon Oct 16 17:20:38 BST 2006
0.03user 0.81system 5:24.72elapsed 0%CPU (0avgtext+0avgdata 0maxresident)k
0inputs+0outputs (0major+276minor)pagefaults 0swaps
== druid-0 : envoy tar hot 0 ==
Mon Oct 16 23:30:57 BST 2006
0.12user 1.76system 1:13.47elapsed 2%CPU (0avgtext+0avgdata 0maxresident)k
0inputs+0outputs (0major+276minor)pagefaults 0swaps
== druid-0 : envoy tar hot 1 ==
Mon Oct 16 23:32:18 BST 2006
0.08user 2.38system 1:16.68elapsed 3%CPU (0avgtext+0avgdata 0maxresident)k
0inputs+0outputs (0major+276minor)pagefaults 0swaps
== druid-0 : envoy tar hot 2 ==
Mon Oct 16 23:33:43 BST 2006
0.09user 1.62system 1:16.52elapsed 2%CPU (0avgtext+0avgdata 0maxresident)k
0inputs+0outputs (0major+277minor)pagefaults 0swaps
== druid-0 : envoy tar hot 3 ==
Mon Oct 16 23:35:04 BST 2006
0.11user 3.19system 1:19.51elapsed 4%CPU (0avgtext+0avgdata 0maxresident)k
0inputs+0outputs (0major+276minor)pagefaults 0swaps
== druid-0 : envoy tar hot 4 ==
Mon Oct 16 23:36:30 BST 2006
0.14user 3.74system 1:19.22elapsed 4%CPU (0avgtext+0avgdata 0maxresident)k
0inputs+0outputs (0major+276minor)pagefaults 0swaps
== druid-0 : envoy tar hot 5 ==
Mon Oct 16 23:37:56 BST 2006
0.06user 1.42system 1:14.96elapsed 1%CPU (0avgtext+0avgdata 0maxresident)k
0inputs+0outputs (0major+276minor)pagefaults 0swaps
== druid-0 : envoy tar hot 6 ==
Mon Oct 16 23:39:17 BST 2006
0.12user 3.44system 1:19.70elapsed 4%CPU (0avgtext+0avgdata 0maxresident)k
0inputs+0outputs (0major+276minor)pagefaults 0swaps
== druid-0 : envoy tar hot 7 ==
Mon Oct 16 23:40:44 BST 2006
0.08user 1.69system 1:18.41elapsed 2%CPU (0avgtext+0avgdata 0maxresident)k
0inputs+0outputs (0major+277minor)pagefaults 0swaps
== druid-0 : envoy tar hot 8 ==
Mon Oct 16 23:42:09 BST 2006
0.17user 3.59system 1:19.86elapsed 4%CPU (0avgtext+0avgdata 0maxresident)k
0inputs+0outputs (0major+277minor)pagefaults 0swaps
== druid-0 : envoy tar hot 9 ==
Mon Oct 16 23:43:36 BST 2006
0.05user 1.68system 1:16.66elapsed 2%CPU (0avgtext+0avgdata 0maxresident)k
0inputs+0outputs (0major+276minor)pagefaults 0swaps
== druid-0 : envoy rsync cold 0 ==
Tue Oct 17 01:17:06 BST 2006
0.44user 1.34system 5:56.04elapsed 0%CPU (0avgtext+0avgdata 0maxresident)k
0inputs+0outputs (3major+6449minor)pagefaults 0swaps
== druid-0 : envoy rsync cold 1 ==
Tue Oct 17 01:23:15 BST 2006
0.72user 1.76system 5:39.88elapsed 0%CPU (0avgtext+0avgdata 0maxresident)k
0inputs+0outputs (0major+6452minor)pagefaults 0swaps
== druid-0 : envoy rsync cold 2 ==
Tue Oct 17 01:29:07 BST 2006
0.79user 2.00system 5:47.49elapsed 0%CPU (0avgtext+0avgdata 0maxresident)k
0inputs+0outputs (0major+6452minor)pagefaults 0swaps
== druid-0 : envoy rsync cold 3 ==
Tue Oct 17 01:35:09 BST 2006
0.60user 1.61system 5:35.53elapsed 0%CPU (0avgtext+0avgdata 0maxresident)k
0inputs+0outputs (0major+6452minor)pagefaults 0swaps
== druid-0 : envoy rsync cold 4 ==
Tue Oct 17 01:40:59 BST 2006
0.53user 1.10system 5:39.05elapsed 0%CPU (0avgtext+0avgdata 0maxresident)k
0inputs+0outputs (0major+6452minor)pagefaults 0swaps
== druid-0 : envoy rsync cold 5 ==
Tue Oct 17 01:46:52 BST 2006
0.52user 0.93system 5:54.40elapsed 0%CPU (0avgtext+0avgdata 0maxresident)k
0inputs+0outputs (0major+6452minor)pagefaults 0swaps
== druid-0 : envoy rsync cold 6 ==
Tue Oct 17 01:53:02 BST 2006
0.58user 1.30system 5:45.78elapsed 0%CPU (0avgtext+0avgdata 0maxresident)k
0inputs+0outputs (0major+6455minor)pagefaults 0swaps
== druid-0 : envoy rsync cold 7 ==
Tue Oct 17 01:59:00 BST 2006
0.72user 1.63system 5:51.10elapsed 0%CPU (0avgtext+0avgdata 0maxresident)k
0inputs+0outputs (0major+6454minor)pagefaults 0swaps
== druid-0 : envoy rsync cold 8 ==
Tue Oct 17 02:05:08 BST 2006
0.46user 0.82system 5:52.23elapsed 0%CPU (0avgtext+0avgdata 0maxresident)k
0inputs+0outputs (0major+6453minor)pagefaults 0swaps
== druid-0 : envoy rsync cold 9 ==
Tue Oct 17 02:11:15 BST 2006
0.48user 0.99system 5:54.86elapsed 0%CPU (0avgtext+0avgdata 0maxresident)k
0inputs+0outputs (0major+6453minor)pagefaults 0swaps
== druid-0 : envoy rsync warm 0 ==
Tue Oct 17 05:51:03 BST 2006
0.71user 1.48system 2:09.58elapsed 1%CPU (0avgtext+0avgdata 0maxresident)k
0inputs+0outputs (3major+6451minor)pagefaults 0swaps
== druid-0 : envoy rsync warm 1 ==
Tue Oct 17 05:53:19 BST 2006
0.69user 1.66system 2:07.69elapsed 1%CPU (0avgtext+0avgdata 0maxresident)k
0inputs+0outputs (0major+6452minor)pagefaults 0swaps
== druid-0 : envoy rsync warm 2 ==
Tue Oct 17 05:55:34 BST 2006
0.80user 1.58system 2:08.96elapsed 1%CPU (0avgtext+0avgdata 0maxresident)k
0inputs+0outputs (0major+6456minor)pagefaults 0swaps
== druid-0 : envoy rsync warm 3 ==
Tue Oct 17 05:57:51 BST 2006
0.59user 1.22system 2:06.66elapsed 1%CPU (0avgtext+0avgdata 0maxresident)k
0inputs+0outputs (0major+6454minor)pagefaults 0swaps
== druid-0 : envoy rsync warm 4 ==
Tue Oct 17 06:00:05 BST 2006
0.79user 1.64system 2:14.93elapsed 1%CPU (0avgtext+0avgdata 0maxresident)k
0inputs+0outputs (0major+6453minor)pagefaults 0swaps
== druid-0 : envoy rsync warm 5 ==
Tue Oct 17 06:02:26 BST 2006
0.64user 1.70system 2:11.91elapsed 1%CPU (0avgtext+0avgdata 0maxresident)k
0inputs+0outputs (0major+6454minor)pagefaults 0swaps
== druid-0 : envoy rsync warm 6 ==
Tue Oct 17 06:04:46 BST 2006
0.76user 1.75system 2:05.81elapsed 2%CPU (0avgtext+0avgdata 0maxresident)k
0inputs+0outputs (0major+6456minor)pagefaults 0swaps
== druid-0 : envoy rsync warm 7 ==
Tue Oct 17 06:06:59 BST 2006
0.70user 1.46system 2:10.21elapsed 1%CPU (0avgtext+0avgdata 0maxresident)k
0inputs+0outputs (0major+6453minor)pagefaults 0swaps
== druid-0 : envoy rsync warm 8 ==
Tue Oct 17 06:09:17 BST 2006
0.62user 1.48system 2:07.93elapsed 1%CPU (0avgtext+0avgdata 0maxresident)k
0inputs+0outputs (0major+6454minor)pagefaults 0swaps
== druid-0 : envoy rsync warm 9 ==
Tue Oct 17 06:11:33 BST 2006
0.75user 1.81system 2:06.38elapsed 2%CPU (0avgtext+0avgdata 0maxresident)k
0inputs+0outputs (0major+6453minor)pagefaults 0swaps
== druid-0 : envoy rsync hot 0 ==
Tue Oct 17 07:49:54 BST 2006
0.94user 2.18system 0:56.23elapsed 5%CPU (0avgtext+0avgdata 0maxresident)k
0inputs+0outputs (0major+6455minor)pagefaults 0swaps
== druid-0 : envoy rsync hot 1 ==
Tue Oct 17 07:50:57 BST 2006
0.96user 1.54system 0:58.25elapsed 4%CPU (0avgtext+0avgdata 0maxresident)k
0inputs+0outputs (0major+6454minor)pagefaults 0swaps
== druid-0 : envoy rsync hot 2 ==
Tue Oct 17 07:52:03 BST 2006
0.85user 1.67system 0:57.83elapsed 4%CPU (0avgtext+0avgdata 0maxresident)k
0inputs+0outputs (0major+6454minor)pagefaults 0swaps
== druid-0 : envoy rsync hot 3 ==
Tue Oct 17 07:53:09 BST 2006
0.88user 1.88system 0:59.64elapsed 4%CPU (0avgtext+0avgdata 0maxresident)k
0inputs+0outputs (0major+6453minor)pagefaults 0swaps
== druid-0 : envoy rsync hot 4 ==
Tue Oct 17 07:54:17 BST 2006
0.96user 1.63system 0:56.14elapsed 4%CPU (0avgtext+0avgdata 0maxresident)k
0inputs+0outputs (0major+6454minor)pagefaults 0swaps
== druid-0 : envoy rsync hot 5 ==
Tue Oct 17 07:55:20 BST 2006
0.91user 1.82system 0:59.07elapsed 4%CPU (0avgtext+0avgdata 0maxresident)k
0inputs+0outputs (0major+6457minor)pagefaults 0swaps
== druid-0 : envoy rsync hot 6 ==
Tue Oct 17 07:56:27 BST 2006
0.91user 1.48system 0:56.97elapsed 4%CPU (0avgtext+0avgdata 0maxresident)k
0inputs+0outputs (0major+6453minor)pagefaults 0swaps
== druid-0 : envoy rsync hot 7 ==
Tue Oct 17 07:57:32 BST 2006
1.00user 2.05system 0:57.99elapsed 5%CPU (0avgtext+0avgdata 0maxresident)k
0inputs+0outputs (0major+6457minor)pagefaults 0swaps
== druid-0 : envoy rsync hot 8 ==
Tue Oct 17 07:58:37 BST 2006
1.05user 1.78system 0:58.47elapsed 4%CPU (0avgtext+0avgdata 0maxresident)k
0inputs+0outputs (0major+6452minor)pagefaults 0swaps
== druid-0 : envoy rsync hot 9 ==
Tue Oct 17 07:59:44 BST 2006
1.00user 1.96system 0:58.80elapsed 5%CPU (0avgtext+0avgdata 0maxresident)k
0inputs+0outputs (0major+6452minor)pagefaults 0swaps
== druid-0 : envoy bonnie reset 0 ==
Tue Oct 17 09:05:42 BST 2006
              -------Sequential Output-------- ---Sequential Input-- --Random--
              -Per Char- --Block--- -Rewrite-- -Per Char- --Block--- --Seeks---
Machine    MB K/sec %CPU K/sec %CPU K/sec %CPU K/sec %CPU K/sec %CPU  /sec %CPU
druid-0  2047  6387 16.9  6863  0.4  4038  0.5 19620 52.7 35050  2.3  70.3  0.0
== druid-0 : envoy bonnie reset 1 ==
Tue Oct 17 09:29:05 BST 2006
              -------Sequential Output-------- ---Sequential Input-- --Random--
              -Per Char- --Block--- -Rewrite-- -Per Char- --Block--- --Seeks---
Machine    MB K/sec %CPU K/sec %CPU K/sec %CPU K/sec %CPU K/sec %CPU  /sec %CPU
druid-0  2047  6849 15.1  6194  0.5  4019  0.5 20143 55.9 33573  1.5  68.2  0.0
== druid-0 : envoy bonnie reset 2 ==
Tue Oct 17 09:52:43 BST 2006
              -------Sequential Output-------- ---Sequential Input-- --Random--
              -Per Char- --Block--- -Rewrite-- -Per Char- --Block--- --Seeks---
Machine    MB K/sec %CPU K/sec %CPU K/sec %CPU K/sec %CPU K/sec %CPU  /sec %CPU
druid-0  2047  6188 15.3  6584  0.4  3797  0.5 20058 54.6 32350  1.2  71.7  0.0
== druid-0 : envoy bonnie reset 3 ==
Tue Oct 17 10:17:06 BST 2006
              -------Sequential Output-------- ---Sequential Input-- --Random--
              -Per Char- --Block--- -Rewrite-- -Per Char- --Block--- --Seeks---
Machine    MB K/sec %CPU K/sec %CPU K/sec %CPU K/sec %CPU K/sec %CPU  /sec %CPU
druid-0  2047  6745 17.7  6447  0.5  3940  0.5 19588 54.3 34070  2.1  72.9 -0.0
== druid-0 : envoy bonnie reset 4 ==
Tue Oct 17 10:40:43 BST 2006
              -------Sequential Output-------- ---Sequential Input-- --Random--
              -Per Char- --Block--- -Rewrite-- -Per Char- --Block--- --Seeks---
Machine    MB K/sec %CPU K/sec %CPU K/sec %CPU K/sec %CPU K/sec %CPU  /sec %CPU
druid-0  2047  6356 14.8  6695  0.5  3915  0.4 20128 54.9 34968  1.3  73.0  0.0
== druid-0 : envoy bonnie reset 5 ==
Tue Oct 17 11:04:27 BST 2006
              -------Sequential Output-------- ---Sequential Input-- --Random--
              -Per Char- --Block--- -Rewrite-- -Per Char- --Block--- --Seeks---
Machine    MB K/sec %CPU K/sec %CPU K/sec %CPU K/sec %CPU K/sec %CPU  /sec %CPU
druid-0  2047  6726 16.5  6848  0.5  4171  0.4 20581 58.8 34188  2.2  75.3  0.0
== druid-0 : envoy bonnie reset 6 ==
Tue Oct 17 11:27:12 BST 2006
              -------Sequential Output-------- ---Sequential Input-- --Random--
              -Per Char- --Block--- -Rewrite-- -Per Char- --Block--- --Seeks---
Machine    MB K/sec %CPU K/sec %CPU K/sec %CPU K/sec %CPU K/sec %CPU  /sec %CPU
druid-0  2047  6367 16.4  6617  0.6  4048  0.4 19443 52.8 34462  1.8  74.2  0.0
== druid-0 : envoy bonnie reset 7 ==
Tue Oct 17 11:50:48 BST 2006
              -------Sequential Output-------- ---Sequential Input-- --Random--
              -Per Char- --Block--- -Rewrite-- -Per Char- --Block--- --Seeks---
Machine    MB K/sec %CPU K/sec %CPU K/sec %CPU K/sec %CPU K/sec %CPU  /sec %CPU
druid-0  2047  6782 17.1  6561  0.4  3930  0.4 17527 54.0 34136  1.5  70.9  0.0
== druid-0 : envoy bonnie reset 8 ==
Tue Oct 17 12:14:35 BST 2006
              -------Sequential Output-------- ---Sequential Input-- --Random--
              -Per Char- --Block--- -Rewrite-- -Per Char- --Block--- --Seeks---
Machine    MB K/sec %CPU K/sec %CPU K/sec %CPU K/sec %CPU K/sec %CPU  /sec %CPU
druid-0  2047  6263 13.7  5974  0.3  3991  0.5 13484 36.4 34473  1.2  73.7  0.0
== druid-0 : envoy bonnie reset 9 ==
Tue Oct 17 12:39:44 BST 2006
              -------Sequential Output-------- ---Sequential Input-- --Random--
              -Per Char- --Block--- -Rewrite-- -Per Char- --Block--- --Seeks---
Machine    MB K/sec %CPU K/sec %CPU K/sec %CPU K/sec %CPU K/sec %CPU  /sec %CPU
druid-0  2047  6640 14.5  6573  0.4  3881  0.5 17984 49.0 34409  2.4  68.9  0.0
== druid-0 : envoy tar warm 0 ==
Sat Oct 21 14:30:06 BST 2006
0.06user 1.65system 2:48.62elapsed 1%CPU (0avgtext+0avgdata 0maxresident)k
0inputs+0outputs (0major+277minor)pagefaults 0swaps
== druid-0 : envoy tar warm 1 ==
Sat Oct 21 14:33:01 BST 2006
0.05user 1.72system 2:43.60elapsed 1%CPU (0avgtext+0avgdata 0maxresident)k
0inputs+0outputs (0major+277minor)pagefaults 0swaps
== druid-0 : envoy tar warm 2 ==
Sat Oct 21 14:35:52 BST 2006
0.08user 2.35system 2:38.20elapsed 1%CPU (0avgtext+0avgdata 0maxresident)k
0inputs+0outputs (0major+277minor)pagefaults 0swaps
== druid-0 : envoy tar warm 3 ==
Sat Oct 21 14:38:38 BST 2006
0.04user 1.75system 2:45.96elapsed 1%CPU (0avgtext+0avgdata 0maxresident)k
0inputs+0outputs (0major+277minor)pagefaults 0swaps
== druid-0 : envoy tar warm 4 ==
Sat Oct 21 14:41:31 BST 2006
0.09user 2.20system 2:41.40elapsed 1%CPU (0avgtext+0avgdata 0maxresident)k
0inputs+0outputs (0major+276minor)pagefaults 0swaps
== druid-0 : envoy tar warm 5 ==
Sat Oct 21 14:44:21 BST 2006
0.11user 2.19system 2:42.50elapsed 1%CPU (0avgtext+0avgdata 0maxresident)k
0inputs+0outputs (0major+276minor)pagefaults 0swaps
== druid-0 : envoy tar warm 6 ==
Sat Oct 21 14:47:12 BST 2006
0.05user 1.14system 2:43.10elapsed 0%CPU (0avgtext+0avgdata 0maxresident)k
0inputs+0outputs (0major+276minor)pagefaults 0swaps
== druid-0 : envoy tar warm 7 ==
Sat Oct 21 14:50:04 BST 2006
0.05user 1.38system 2:47.96elapsed 0%CPU (0avgtext+0avgdata 0maxresident)k
0inputs+0outputs (0major+277minor)pagefaults 0swaps
== druid-0 : envoy tar warm 8 ==
Sat Oct 21 14:52:58 BST 2006
0.06user 1.61system 2:45.52elapsed 1%CPU (0avgtext+0avgdata 0maxresident)k
0inputs+0outputs (0major+277minor)pagefaults 0swaps
== druid-0 : envoy tar warm 9 ==
Sat Oct 21 14:55:51 BST 2006
0.07user 2.02system 2:44.74elapsed 1%CPU (0avgtext+0avgdata 0maxresident)k
0inputs+0outputs (0major+276minor)pagefaults 0swaps
== druid-0 : envoy untar reset 0 ==
Sat Oct 21 16:06:20 BST 2006
1.62user 4.71system 5:05.36elapsed 2%CPU (0avgtext+0avgdata 0maxresident)k
0inputs+0outputs (0major+487minor)pagefaults 0swaps
== druid-0 : envoy untar reset 1 ==
Sat Oct 21 16:12:15 BST 2006
1.54user 5.47system 4:45.63elapsed 2%CPU (0avgtext+0avgdata 0maxresident)k
0inputs+0outputs (0major+486minor)pagefaults 0swaps
== druid-0 : envoy untar reset 2 ==
Sat Oct 21 16:18:09 BST 2006
1.62user 5.21system 4:39.15elapsed 2%CPU (0avgtext+0avgdata 0maxresident)k
0inputs+0outputs (0major+487minor)pagefaults 0swaps
== druid-0 : envoy untar reset 3 ==
Sat Oct 21 16:23:53 BST 2006
1.82user 4.40system 4:39.39elapsed 2%CPU (0avgtext+0avgdata 0maxresident)k
0inputs+0outputs (0major+487minor)pagefaults 0swaps
== druid-0 : envoy untar reset 4 ==
Sat Oct 21 16:29:45 BST 2006
1.75user 4.66system 4:33.73elapsed 2%CPU (0avgtext+0avgdata 0maxresident)k
0inputs+0outputs (0major+487minor)pagefaults 0swaps
== druid-0 : envoy untar reset 5 ==
Sat Oct 21 16:35:49 BST 2006
1.54user 5.92system 4:42.04elapsed 2%CPU (0avgtext+0avgdata 0maxresident)k
0inputs+0outputs (0major+487minor)pagefaults 0swaps
== druid-0 : envoy untar reset 6 ==
Sat Oct 21 16:41:53 BST 2006
1.86user 5.06system 4:51.19elapsed 2%CPU (0avgtext+0avgdata 0maxresident)k
0inputs+0outputs (0major+486minor)pagefaults 0swaps
== druid-0 : envoy untar reset 7 ==
Sat Oct 21 16:47:34 BST 2006
1.59user 6.11system 4:57.25elapsed 2%CPU (0avgtext+0avgdata 0maxresident)k
0inputs+0outputs (0major+487minor)pagefaults 0swaps
== druid-0 : envoy untar reset 8 ==
Sat Oct 21 16:53:43 BST 2006
1.80user 4.36system 4:41.76elapsed 2%CPU (0avgtext+0avgdata 0maxresident)k
0inputs+0outputs (0major+487minor)pagefaults 0swaps
== druid-0 : envoy untar reset 9 ==
Sat Oct 21 16:59:28 BST 2006
1.91user 5.55system 4:26.81elapsed 2%CPU (0avgtext+0avgdata 0maxresident)k
0inputs+0outputs (0major+487minor)pagefaults 0swaps
== druid-1 : envoy untar reset 0 ==
Mon Oct 16 12:55:10 BST 2006
1.29user 1.61system 5:30.32elapsed 0%CPU (0avgtext+0avgdata 0maxresident)k
0inputs+0outputs (0major+487minor)pagefaults 0swaps
== druid-1 : envoy untar reset 1 ==
Mon Oct 16 13:01:13 BST 2006
1.35user 1.66system 5:17.97elapsed 0%CPU (0avgtext+0avgdata 0maxresident)k
0inputs+0outputs (0major+488minor)pagefaults 0swaps
== druid-1 : envoy untar reset 2 ==
Mon Oct 16 13:07:00 BST 2006
1.24user 1.65system 5:13.32elapsed 0%CPU (0avgtext+0avgdata 0maxresident)k
0inputs+0outputs (0major+488minor)pagefaults 0swaps
== druid-1 : envoy untar reset 3 ==
Mon Oct 16 13:12:41 BST 2006
1.20user 1.68system 5:22.07elapsed 0%CPU (0avgtext+0avgdata 0maxresident)k
0inputs+0outputs (0major+487minor)pagefaults 0swaps
== druid-1 : envoy untar reset 4 ==
Mon Oct 16 13:18:32 BST 2006
1.19user 1.74system 5:19.86elapsed 0%CPU (0avgtext+0avgdata 0maxresident)k
0inputs+0outputs (0major+490minor)pagefaults 0swaps
== druid-1 : envoy untar reset 5 ==
Mon Oct 16 13:24:25 BST 2006
1.36user 1.65system 5:16.29elapsed 0%CPU (0avgtext+0avgdata 0maxresident)k
0inputs+0outputs (0major+488minor)pagefaults 0swaps
== druid-1 : envoy untar reset 6 ==
Mon Oct 16 13:30:08 BST 2006
1.30user 1.67system 5:34.41elapsed 0%CPU (0avgtext+0avgdata 0maxresident)k
0inputs+0outputs (0major+489minor)pagefaults 0swaps
== druid-1 : envoy untar reset 7 ==
Mon Oct 16 13:36:13 BST 2006
1.20user 1.60system 5:23.78elapsed 0%CPU (0avgtext+0avgdata 0maxresident)k
0inputs+0outputs (0major+488minor)pagefaults 0swaps
== druid-1 : envoy untar reset 8 ==
Mon Oct 16 13:42:08 BST 2006
1.23user 1.56system 5:29.45elapsed 0%CPU (0avgtext+0avgdata 0maxresident)k
0inputs+0outputs (0major+487minor)pagefaults 0swaps
== druid-1 : envoy untar reset 9 ==
Mon Oct 16 13:48:04 BST 2006
1.31user 1.50system 5:35.27elapsed 0%CPU (0avgtext+0avgdata 0maxresident)k
0inputs+0outputs (0major+488minor)pagefaults 0swaps
== druid-1 : envoy tar cold 0 ==
Mon Oct 16 17:26:13 BST 2006
0.02user 0.88system 6:16.19elapsed 0%CPU (0avgtext+0avgdata 0maxresident)k
0inputs+0outputs (0major+277minor)pagefaults 0swaps
== druid-1 : envoy tar cold 1 ==
Mon Oct 16 17:32:41 BST 2006
0.04user 0.92system 6:11.88elapsed 0%CPU (0avgtext+0avgdata 0maxresident)k
0inputs+0outputs (0major+277minor)pagefaults 0swaps
== druid-1 : envoy tar cold 2 ==
Mon Oct 16 17:39:05 BST 2006
0.04user 0.81system 6:13.34elapsed 0%CPU (0avgtext+0avgdata 0maxresident)k
0inputs+0outputs (0major+277minor)pagefaults 0swaps
== druid-1 : envoy tar cold 3 ==
Mon Oct 16 17:45:29 BST 2006
0.03user 1.00system 6:15.44elapsed 0%CPU (0avgtext+0avgdata 0maxresident)k
0inputs+0outputs (0major+277minor)pagefaults 0swaps
== druid-1 : envoy tar cold 4 ==
Mon Oct 16 17:51:55 BST 2006
0.03user 1.02system 6:00.97elapsed 0%CPU (0avgtext+0avgdata 0maxresident)k
0inputs+0outputs (0major+278minor)pagefaults 0swaps
== druid-1 : envoy tar cold 5 ==
Mon Oct 16 17:58:08 BST 2006
0.05user 0.96system 6:16.57elapsed 0%CPU (0avgtext+0avgdata 0maxresident)k
0inputs+0outputs (0major+278minor)pagefaults 0swaps
== druid-1 : envoy tar cold 6 ==
Mon Oct 16 18:04:36 BST 2006
0.04user 1.01system 6:12.39elapsed 0%CPU (0avgtext+0avgdata 0maxresident)k
0inputs+0outputs (0major+277minor)pagefaults 0swaps
== druid-1 : envoy tar cold 7 ==
Mon Oct 16 18:11:00 BST 2006
0.05user 0.94system 6:14.96elapsed 0%CPU (0avgtext+0avgdata 0maxresident)k
0inputs+0outputs (0major+277minor)pagefaults 0swaps
== druid-1 : envoy tar cold 8 ==
Mon Oct 16 18:17:25 BST 2006
0.03user 0.88system 6:00.96elapsed 0%CPU (0avgtext+0avgdata 0maxresident)k
0inputs+0outputs (0major+278minor)pagefaults 0swaps
== druid-1 : envoy tar cold 9 ==
Mon Oct 16 18:23:36 BST 2006
0.03user 0.98system 6:03.73elapsed 0%CPU (0avgtext+0avgdata 0maxresident)k
0inputs+0outputs (0major+277minor)pagefaults 0swaps
== druid-1 : envoy tar warm 0 ==
Mon Oct 16 21:30:22 BST 2006
0.06user 1.08system 2:43.34elapsed 0%CPU (0avgtext+0avgdata 0maxresident)k
0inputs+0outputs (0major+277minor)pagefaults 0swaps
== druid-1 : envoy tar warm 1 ==
Mon Oct 16 21:33:13 BST 2006
0.07user 1.23system 2:41.63elapsed 0%CPU (0avgtext+0avgdata 0maxresident)k
0inputs+0outputs (0major+279minor)pagefaults 0swaps
== druid-1 : envoy tar warm 2 ==
Mon Oct 16 21:36:01 BST 2006
0.07user 1.22system 2:42.39elapsed 0%CPU (0avgtext+0avgdata 0maxresident)k
0inputs+0outputs (0major+277minor)pagefaults 0swaps
== druid-1 : envoy tar warm 3 ==
Mon Oct 16 21:38:50 BST 2006
0.08user 1.48system 2:43.55elapsed 0%CPU (0avgtext+0avgdata 0maxresident)k
0inputs+0outputs (0major+277minor)pagefaults 0swaps
== druid-1 : envoy tar warm 4 ==
Mon Oct 16 21:41:40 BST 2006
0.11user 1.20system 2:43.17elapsed 0%CPU (0avgtext+0avgdata 0maxresident)k
0inputs+0outputs (0major+278minor)pagefaults 0swaps
== druid-1 : envoy tar warm 5 ==
Mon Oct 16 21:44:31 BST 2006
0.08user 1.24system 2:44.55elapsed 0%CPU (0avgtext+0avgdata 0maxresident)k
0inputs+0outputs (0major+277minor)pagefaults 0swaps
== druid-1 : envoy tar warm 6 ==
Mon Oct 16 21:47:23 BST 2006
0.09user 1.23system 2:42.74elapsed 0%CPU (0avgtext+0avgdata 0maxresident)k
0inputs+0outputs (0major+277minor)pagefaults 0swaps
== druid-1 : envoy tar warm 7 ==
Mon Oct 16 21:50:12 BST 2006
0.08user 1.12system 2:42.99elapsed 0%CPU (0avgtext+0avgdata 0maxresident)k
0inputs+0outputs (0major+278minor)pagefaults 0swaps
== druid-1 : envoy tar warm 8 ==
Mon Oct 16 21:53:02 BST 2006
0.08user 1.22system 2:43.70elapsed 0%CPU (0avgtext+0avgdata 0maxresident)k
0inputs+0outputs (0major+277minor)pagefaults 0swaps
== druid-1 : envoy tar warm 9 ==
Mon Oct 16 21:55:53 BST 2006
0.08user 1.18system 2:48.61elapsed 0%CPU (0avgtext+0avgdata 0maxresident)k
0inputs+0outputs (0major+277minor)pagefaults 0swaps
== druid-1 : envoy tar hot 0 ==
Mon Oct 16 23:44:59 BST 2006
0.08user 1.26system 1:58.09elapsed 1%CPU (0avgtext+0avgdata 0maxresident)k
0inputs+0outputs (0major+277minor)pagefaults 0swaps
== druid-1 : envoy tar hot 1 ==
Mon Oct 16 23:47:03 BST 2006
0.09user 1.47system 1:56.56elapsed 1%CPU (0avgtext+0avgdata 0maxresident)k
0inputs+0outputs (0major+278minor)pagefaults 0swaps
== druid-1 : envoy tar hot 2 ==
Mon Oct 16 23:49:05 BST 2006
0.07user 1.16system 1:56.53elapsed 1%CPU (0avgtext+0avgdata 0maxresident)k
0inputs+0outputs (0major+278minor)pagefaults 0swaps
== druid-1 : envoy tar hot 3 ==
Mon Oct 16 23:51:08 BST 2006
0.11user 1.20system 1:55.16elapsed 1%CPU (0avgtext+0avgdata 0maxresident)k
0inputs+0outputs (0major+277minor)pagefaults 0swaps
== druid-1 : envoy tar hot 4 ==
Mon Oct 16 23:53:09 BST 2006
0.08user 1.28system 1:57.76elapsed 1%CPU (0avgtext+0avgdata 0maxresident)k
0inputs+0outputs (0major+277minor)pagefaults 0swaps
== druid-1 : envoy tar hot 5 ==
Mon Oct 16 23:55:13 BST 2006
0.08user 1.34system 1:55.95elapsed 1%CPU (0avgtext+0avgdata 0maxresident)k
0inputs+0outputs (0major+277minor)pagefaults 0swaps
== druid-1 : envoy tar hot 6 ==
Mon Oct 16 23:57:16 BST 2006
0.06user 1.33system 1:56.31elapsed 1%CPU (0avgtext+0avgdata 0maxresident)k
0inputs+0outputs (0major+278minor)pagefaults 0swaps
== druid-1 : envoy tar hot 7 ==
Mon Oct 16 23:59:18 BST 2006
0.07user 1.17system 1:55.10elapsed 1%CPU (0avgtext+0avgdata 0maxresident)k
0inputs+0outputs (0major+278minor)pagefaults 0swaps
== druid-1 : envoy tar hot 8 ==
Tue Oct 17 00:01:18 BST 2006
0.06user 1.41system 1:56.10elapsed 1%CPU (0avgtext+0avgdata 0maxresident)k
0inputs+0outputs (0major+279minor)pagefaults 0swaps
== druid-1 : envoy tar hot 9 ==
Tue Oct 17 00:03:21 BST 2006
0.08user 1.40system 1:56.04elapsed 1%CPU (0avgtext+0avgdata 0maxresident)k
0inputs+0outputs (0major+278minor)pagefaults 0swaps
== druid-1 : envoy rsync cold 0 ==
Tue Oct 17 02:17:23 BST 2006
0.41user 0.68system 6:09.25elapsed 0%CPU (0avgtext+0avgdata 0maxresident)k
0inputs+0outputs (0major+6456minor)pagefaults 0swaps
== druid-1 : envoy rsync cold 1 ==
Tue Oct 17 02:23:46 BST 2006
0.45user 0.85system 6:23.41elapsed 0%CPU (0avgtext+0avgdata 0maxresident)k
0inputs+0outputs (0major+6452minor)pagefaults 0swaps
== druid-1 : envoy rsync cold 2 ==
Tue Oct 17 02:30:24 BST 2006
0.39user 0.80system 6:08.43elapsed 0%CPU (0avgtext+0avgdata 0maxresident)k
0inputs+0outputs (0major+6452minor)pagefaults 0swaps
== druid-1 : envoy rsync cold 3 ==
Tue Oct 17 02:36:45 BST 2006
0.43user 0.80system 6:23.11elapsed 0%CPU (0avgtext+0avgdata 0maxresident)k
0inputs+0outputs (0major+6457minor)pagefaults 0swaps
== druid-1 : envoy rsync cold 4 ==
Tue Oct 17 02:43:21 BST 2006
0.31user 0.71system 6:14.60elapsed 0%CPU (0avgtext+0avgdata 0maxresident)k
0inputs+0outputs (0major+6452minor)pagefaults 0swaps
== druid-1 : envoy rsync cold 5 ==
Tue Oct 17 02:49:50 BST 2006
0.36user 0.92system 6:17.05elapsed 0%CPU (0avgtext+0avgdata 0maxresident)k
0inputs+0outputs (0major+6453minor)pagefaults 0swaps
== druid-1 : envoy rsync cold 6 ==
Tue Oct 17 02:56:20 BST 2006
0.43user 0.84system 6:31.66elapsed 0%CPU (0avgtext+0avgdata 0maxresident)k
0inputs+0outputs (0major+6452minor)pagefaults 0swaps
== druid-1 : envoy rsync cold 7 ==
Tue Oct 17 03:03:06 BST 2006
0.38user 0.76system 6:30.46elapsed 0%CPU (0avgtext+0avgdata 0maxresident)k
0inputs+0outputs (0major+6453minor)pagefaults 0swaps
== druid-1 : envoy rsync cold 8 ==
Tue Oct 17 03:09:49 BST 2006
0.46user 0.77system 6:33.83elapsed 0%CPU (0avgtext+0avgdata 0maxresident)k
0inputs+0outputs (0major+6452minor)pagefaults 0swaps
== druid-1 : envoy rsync cold 9 ==
Tue Oct 17 03:16:37 BST 2006
0.39user 0.83system 6:28.14elapsed 0%CPU (0avgtext+0avgdata 0maxresident)k
0inputs+0outputs (0major+6452minor)pagefaults 0swaps
== druid-1 : envoy rsync warm 0 ==
Tue Oct 17 06:13:46 BST 2006
0.57user 0.93system 2:28.91elapsed 1%CPU (0avgtext+0avgdata 0maxresident)k
0inputs+0outputs (0major+6453minor)pagefaults 0swaps
== druid-1 : envoy rsync warm 1 ==
Tue Oct 17 06:16:22 BST 2006
0.46user 1.08system 2:25.95elapsed 1%CPU (0avgtext+0avgdata 0maxresident)k
0inputs+0outputs (0major+6453minor)pagefaults 0swaps
== druid-1 : envoy rsync warm 2 ==
Tue Oct 17 06:18:55 BST 2006
0.52user 0.96system 2:25.05elapsed 1%CPU (0avgtext+0avgdata 0maxresident)k
0inputs+0outputs (0major+6454minor)pagefaults 0swaps
== druid-1 : envoy rsync warm 3 ==
Tue Oct 17 06:21:27 BST 2006
0.48user 0.91system 2:27.17elapsed 0%CPU (0avgtext+0avgdata 0maxresident)k
0inputs+0outputs (0major+6453minor)pagefaults 0swaps
== druid-1 : envoy rsync warm 4 ==
Tue Oct 17 06:24:02 BST 2006
0.52user 0.96system 2:26.38elapsed 1%CPU (0avgtext+0avgdata 0maxresident)k
0inputs+0outputs (0major+6452minor)pagefaults 0swaps
== druid-1 : envoy rsync warm 5 ==
Tue Oct 17 06:26:35 BST 2006
0.52user 1.12system 2:27.50elapsed 1%CPU (0avgtext+0avgdata 0maxresident)k
0inputs+0outputs (0major+6455minor)pagefaults 0swaps
== druid-1 : envoy rsync warm 6 ==
Tue Oct 17 06:29:09 BST 2006
0.55user 0.90system 2:30.19elapsed 0%CPU (0avgtext+0avgdata 0maxresident)k
0inputs+0outputs (0major+6456minor)pagefaults 0swaps
== druid-1 : envoy rsync warm 7 ==
Tue Oct 17 06:31:47 BST 2006
0.55user 0.92system 2:27.98elapsed 0%CPU (0avgtext+0avgdata 0maxresident)k
0inputs+0outputs (0major+6452minor)pagefaults 0swaps
== druid-1 : envoy rsync warm 8 ==
Tue Oct 17 06:34:22 BST 2006
0.48user 0.99system 2:25.40elapsed 1%CPU (0avgtext+0avgdata 0maxresident)k
0inputs+0outputs (0major+6453minor)pagefaults 0swaps
== druid-1 : envoy rsync warm 9 ==
Tue Oct 17 06:36:54 BST 2006
0.50user 0.93system 2:28.04elapsed 0%CPU (0avgtext+0avgdata 0maxresident)k
0inputs+0outputs (0major+6452minor)pagefaults 0swaps
== druid-1 : envoy rsync hot 0 ==
Tue Oct 17 08:00:49 BST 2006
0.67user 1.06system 1:21.98elapsed 2%CPU (0avgtext+0avgdata 0maxresident)k
0inputs+0outputs (0major+6454minor)pagefaults 0swaps
== druid-1 : envoy rsync hot 1 ==
Tue Oct 17 08:02:18 BST 2006
0.65user 0.99system 1:22.09elapsed 2%CPU (0avgtext+0avgdata 0maxresident)k
0inputs+0outputs (0major+6457minor)pagefaults 0swaps
== druid-1 : envoy rsync hot 2 ==
Tue Oct 17 08:03:46 BST 2006
0.66user 1.05system 1:20.74elapsed 2%CPU (0avgtext+0avgdata 0maxresident)k
0inputs+0outputs (0major+6452minor)pagefaults 0swaps
== druid-1 : envoy rsync hot 3 ==
Tue Oct 17 08:05:13 BST 2006
0.72user 0.86system 1:23.13elapsed 1%CPU (0avgtext+0avgdata 0maxresident)k
0inputs+0outputs (0major+6454minor)pagefaults 0swaps
== druid-1 : envoy rsync hot 4 ==
Tue Oct 17 08:06:42 BST 2006
0.58user 1.13system 1:20.02elapsed 2%CPU (0avgtext+0avgdata 0maxresident)k
0inputs+0outputs (0major+6455minor)pagefaults 0swaps
== druid-1 : envoy rsync hot 5 ==
Tue Oct 17 08:08:07 BST 2006
0.72user 0.91system 1:21.01elapsed 2%CPU (0avgtext+0avgdata 0maxresident)k
0inputs+0outputs (0major+6453minor)pagefaults 0swaps
== druid-1 : envoy rsync hot 6 ==
Tue Oct 17 08:09:34 BST 2006
0.55user 1.07system 1:22.83elapsed 1%CPU (0avgtext+0avgdata 0maxresident)k
0inputs+0outputs (0major+6453minor)pagefaults 0swaps
== druid-1 : envoy rsync hot 7 ==
Tue Oct 17 08:11:03 BST 2006
0.66user 1.03system 1:21.69elapsed 2%CPU (0avgtext+0avgdata 0maxresident)k
0inputs+0outputs (0major+6457minor)pagefaults 0swaps
== druid-1 : envoy rsync hot 8 ==
Tue Oct 17 08:12:31 BST 2006
0.62user 0.89system 1:20.68elapsed 1%CPU (0avgtext+0avgdata 0maxresident)k
0inputs+0outputs (0major+6453minor)pagefaults 0swaps
== druid-1 : envoy rsync hot 9 ==
Tue Oct 17 08:13:58 BST 2006
0.64user 1.01system 1:23.98elapsed 1%CPU (0avgtext+0avgdata 0maxresident)k
0inputs+0outputs (0major+6453minor)pagefaults 0swaps
== druid-1 : envoy bonnie reset 0 ==
Tue Oct 17 13:03:41 BST 2006
              -------Sequential Output-------- ---Sequential Input-- --Random--
              -Per Char- --Block--- -Rewrite-- -Per Char- --Block--- --Seeks---
Machine    MB K/sec %CPU K/sec %CPU K/sec %CPU K/sec %CPU K/sec %CPU  /sec %CPU
druid-1  2047  6454 10.2  6761  0.1  3833  0.1 15720 38.8 30760  1.0  69.5  0.0
== druid-1 : envoy bonnie reset 1 ==
Tue Oct 17 13:28:08 BST 2006
              -------Sequential Output-------- ---Sequential Input-- --Random--
              -Per Char- --Block--- -Rewrite-- -Per Char- --Block--- --Seeks---
Machine    MB K/sec %CPU K/sec %CPU K/sec %CPU K/sec %CPU K/sec %CPU  /sec %CPU
druid-1  2047  6218 10.4  6349  0.1  3766  0.1 15918 39.5 30952  0.9  72.3  0.0
== druid-1 : envoy bonnie reset 2 ==
Tue Oct 17 13:53:13 BST 2006
              -------Sequential Output-------- ---Sequential Input-- --Random--
              -Per Char- --Block--- -Rewrite-- -Per Char- --Block--- --Seeks---
Machine    MB K/sec %CPU K/sec %CPU K/sec %CPU K/sec %CPU K/sec %CPU  /sec %CPU
druid-1  2047  6754 11.4  6508  0.1  3678  0.1 14650 35.7 30109  1.2  70.5  0.0
== druid-1 : envoy bonnie reset 3 ==
Tue Oct 17 14:18:11 BST 2006
              -------Sequential Output-------- ---Sequential Input-- --Random--
              -Per Char- --Block--- -Rewrite-- -Per Char- --Block--- --Seeks---
Machine    MB K/sec %CPU K/sec %CPU K/sec %CPU K/sec %CPU K/sec %CPU  /sec %CPU
druid-1  2047  6429 12.1  6524  0.1  3720  0.2 16326 39.3 29951  1.1  72.4  0.0
== druid-1 : envoy bonnie reset 4 ==
Tue Oct 17 14:43:02 BST 2006
              -------Sequential Output-------- ---Sequential Input-- --Random--
              -Per Char- --Block--- -Rewrite-- -Per Char- --Block--- --Seeks---
Machine    MB K/sec %CPU K/sec %CPU K/sec %CPU K/sec %CPU K/sec %CPU  /sec %CPU
druid-1  2047  6115  9.7  6156  0.1  3716  0.2 16531 39.5 30956  1.2  73.2  0.0
== druid-1 : envoy bonnie reset 5 ==
Tue Oct 17 15:08:25 BST 2006
              -------Sequential Output-------- ---Sequential Input-- --Random--
              -Per Char- --Block--- -Rewrite-- -Per Char- --Block--- --Seeks---
Machine    MB K/sec %CPU K/sec %CPU K/sec %CPU K/sec %CPU K/sec %CPU  /sec %CPU
druid-1  2047  6324 10.7  6443  0.1  3592  0.2 15378 38.8 30414  1.0  69.6  0.0
== druid-1 : envoy bonnie reset 6 ==
Tue Oct 17 15:33:56 BST 2006
              -------Sequential Output-------- ---Sequential Input-- --Random--
              -Per Char- --Block--- -Rewrite-- -Per Char- --Block--- --Seeks---
Machine    MB K/sec %CPU K/sec %CPU K/sec %CPU K/sec %CPU K/sec %CPU  /sec %CPU
druid-1  2047  6469 11.1  6503  0.1  3682  0.1 16216 39.4 30871  1.2  71.7  0.0
== druid-1 : envoy bonnie reset 7 ==
Tue Oct 17 15:58:53 BST 2006
              -------Sequential Output-------- ---Sequential Input-- --Random--
              -Per Char- --Block--- -Rewrite-- -Per Char- --Block--- --Seeks---
Machine    MB K/sec %CPU K/sec %CPU K/sec %CPU K/sec %CPU K/sec %CPU  /sec %CPU
druid-1  2047  6172  9.3  6210  0.1  3730  0.2 14570 36.2 30859  1.3  69.4  0.0
== druid-1 : envoy bonnie reset 8 ==
Tue Oct 17 16:24:27 BST 2006
              -------Sequential Output-------- ---Sequential Input-- --Random--
              -Per Char- --Block--- -Rewrite-- -Per Char- --Block--- --Seeks---
Machine    MB K/sec %CPU K/sec %CPU K/sec %CPU K/sec %CPU K/sec %CPU  /sec %CPU
druid-1  2047  6400 10.8  6514  0.1  3789  0.1 15403 37.9 30138  1.1  70.4  0.0
== druid-1 : envoy bonnie reset 9 ==
Tue Oct 17 16:49:19 BST 2006
              -------Sequential Output-------- ---Sequential Input-- --Random--
              -Per Char- --Block--- -Rewrite-- -Per Char- --Block--- --Seeks---
Machine    MB K/sec %CPU K/sec %CPU K/sec %CPU K/sec %CPU K/sec %CPU  /sec %CPU
druid-1  2047  6667 12.1  6601  0.1  3591  0.1 16163 39.5 31167  1.3  72.3  0.0
== skiing-0 : envoy untar reset 0 ==
Mon Oct 16 13:48:01 BST 2006
0.28user 0.34system 6:39.18elapsed 0%CPU (0avgtext+0avgdata 0maxresident)k
0inputs+0outputs (1major+487minor)pagefaults 0swaps
== skiing-0 : envoy untar reset 1 ==
Mon Oct 16 13:55:08 BST 2006
0.30user 0.68system 6:31.92elapsed 0%CPU (0avgtext+0avgdata 0maxresident)k
0inputs+0outputs (0major+485minor)pagefaults 0swaps
== skiing-0 : envoy untar reset 2 ==
Mon Oct 16 14:02:05 BST 2006
0.27user 0.50system 7:02.34elapsed 0%CPU (0avgtext+0avgdata 0maxresident)k
0inputs+0outputs (0major+486minor)pagefaults 0swaps
== skiing-0 : envoy untar reset 3 ==
Mon Oct 16 14:09:35 BST 2006
0.41user 0.49system 6:59.76elapsed 0%CPU (0avgtext+0avgdata 0maxresident)k
0inputs+0outputs (0major+488minor)pagefaults 0swaps
== skiing-0 : envoy untar reset 4 ==
Mon Oct 16 14:17:03 BST 2006
0.42user 0.26system 7:00.49elapsed 0%CPU (0avgtext+0avgdata 0maxresident)k
0inputs+0outputs (0major+485minor)pagefaults 0swaps
== skiing-0 : envoy untar reset 5 ==
Mon Oct 16 14:24:27 BST 2006
0.32user 0.42system 6:45.84elapsed 0%CPU (0avgtext+0avgdata 0maxresident)k
0inputs+0outputs (0major+488minor)pagefaults 0swaps
== skiing-0 : envoy untar reset 6 ==
Mon Oct 16 14:31:40 BST 2006
0.28user 0.61system 6:47.72elapsed 0%CPU (0avgtext+0avgdata 0maxresident)k
0inputs+0outputs (0major+487minor)pagefaults 0swaps
== skiing-0 : envoy untar reset 7 ==
Mon Oct 16 14:38:53 BST 2006
0.46user 0.29system 7:06.43elapsed 0%CPU (0avgtext+0avgdata 0maxresident)k
0inputs+0outputs (0major+486minor)pagefaults 0swaps
== skiing-0 : envoy untar reset 8 ==
Mon Oct 16 14:46:30 BST 2006
0.29user 0.45system 7:07.45elapsed 0%CPU (0avgtext+0avgdata 0maxresident)k
0inputs+0outputs (0major+488minor)pagefaults 0swaps
== skiing-0 : envoy untar reset 9 ==
Mon Oct 16 14:54:03 BST 2006
0.38user 0.41system 6:56.84elapsed 0%CPU (0avgtext+0avgdata 0maxresident)k
0inputs+0outputs (0major+487minor)pagefaults 0swaps
== skiing-0 : envoy tar cold 0 ==
Mon Oct 16 18:23:46 BST 2006
0.01user 0.59system 7:16.21elapsed 0%CPU (0avgtext+0avgdata 0maxresident)k
0inputs+0outputs (2major+275minor)pagefaults 0swaps
== skiing-0 : envoy tar cold 1 ==
Mon Oct 16 18:31:15 BST 2006
0.00user 0.45system 7:14.11elapsed 0%CPU (0avgtext+0avgdata 0maxresident)k
0inputs+0outputs (0major+276minor)pagefaults 0swaps
== skiing-0 : envoy tar cold 2 ==
Mon Oct 16 18:38:39 BST 2006
0.00user 0.20system 7:25.48elapsed 0%CPU (0avgtext+0avgdata 0maxresident)k
0inputs+0outputs (0major+276minor)pagefaults 0swaps
== skiing-0 : envoy tar cold 3 ==
Mon Oct 16 18:46:15 BST 2006
0.00user 0.48system 7:13.57elapsed 0%CPU (0avgtext+0avgdata 0maxresident)k
0inputs+0outputs (0major+277minor)pagefaults 0swaps
== skiing-0 : envoy tar cold 4 ==
Mon Oct 16 18:53:40 BST 2006
0.00user 0.12system 7:17.39elapsed 0%CPU (0avgtext+0avgdata 0maxresident)k
0inputs+0outputs (0major+276minor)pagefaults 0swaps
== skiing-0 : envoy tar cold 5 ==
Mon Oct 16 19:01:09 BST 2006
0.00user 0.18system 7:23.09elapsed 0%CPU (0avgtext+0avgdata 0maxresident)k
0inputs+0outputs (0major+276minor)pagefaults 0swaps
== skiing-0 : envoy tar cold 6 ==
Mon Oct 16 19:08:45 BST 2006
0.03user 1.27system 7:10.79elapsed 0%CPU (0avgtext+0avgdata 0maxresident)k
0inputs+0outputs (0major+276minor)pagefaults 0swaps
== skiing-0 : envoy tar cold 7 ==
Mon Oct 16 19:16:06 BST 2006
0.00user 0.24system 7:22.56elapsed 0%CPU (0avgtext+0avgdata 0maxresident)k
0inputs+0outputs (0major+276minor)pagefaults 0swaps
== skiing-0 : envoy tar cold 8 ==
Mon Oct 16 19:23:38 BST 2006
0.00user 0.18system 7:26.68elapsed 0%CPU (0avgtext+0avgdata 0maxresident)k
0inputs+0outputs (0major+276minor)pagefaults 0swaps
== skiing-0 : envoy tar cold 9 ==
Mon Oct 16 19:31:15 BST 2006
0.00user 0.15system 7:32.64elapsed 0%CPU (0avgtext+0avgdata 0maxresident)k
0inputs+0outputs (0major+276minor)pagefaults 0swaps
== skiing-0 : envoy tar warm 0 ==
Mon Oct 16 21:52:42 BST 2006
0.00user 0.22system 4:16.53elapsed 0%CPU (0avgtext+0avgdata 0maxresident)k
0inputs+0outputs (0major+276minor)pagefaults 0swaps
== skiing-0 : envoy tar warm 1 ==
Mon Oct 16 21:57:04 BST 2006
0.02user 0.42system 4:13.49elapsed 0%CPU (0avgtext+0avgdata 0maxresident)k
0inputs+0outputs (0major+276minor)pagefaults 0swaps
== skiing-0 : envoy tar warm 2 ==
Mon Oct 16 22:01:24 BST 2006
0.04user 0.53system 4:10.21elapsed 0%CPU (0avgtext+0avgdata 0maxresident)k
0inputs+0outputs (0major+276minor)pagefaults 0swaps
== skiing-0 : envoy tar warm 3 ==
Mon Oct 16 22:05:40 BST 2006
0.00user 0.28system 4:13.15elapsed 0%CPU (0avgtext+0avgdata 0maxresident)k
0inputs+0outputs (0major+276minor)pagefaults 0swaps
== skiing-0 : envoy tar warm 4 ==
Mon Oct 16 22:10:00 BST 2006
0.06user 0.96system 4:03.60elapsed 0%CPU (0avgtext+0avgdata 0maxresident)k
0inputs+0outputs (0major+277minor)pagefaults 0swaps
== skiing-0 : envoy tar warm 5 ==
Mon Oct 16 22:14:10 BST 2006
0.06user 1.08system 4:03.32elapsed 0%CPU (0avgtext+0avgdata 0maxresident)k
0inputs+0outputs (0major+276minor)pagefaults 0swaps
== skiing-0 : envoy tar warm 6 ==
Mon Oct 16 22:18:21 BST 2006
0.02user 0.15system 4:14.90elapsed 0%CPU (0avgtext+0avgdata 0maxresident)k
0inputs+0outputs (0major+276minor)pagefaults 0swaps
== skiing-0 : envoy tar warm 7 ==
Mon Oct 16 22:22:43 BST 2006
0.00user 0.20system 4:17.43elapsed 0%CPU (0avgtext+0avgdata 0maxresident)k
0inputs+0outputs (0major+276minor)pagefaults 0swaps
== skiing-0 : envoy tar warm 8 ==
Mon Oct 16 22:27:07 BST 2006
0.00user 0.18system 4:19.55elapsed 0%CPU (0avgtext+0avgdata 0maxresident)k
0inputs+0outputs (0major+276minor)pagefaults 0swaps
== skiing-0 : envoy tar warm 9 ==
Mon Oct 16 22:31:34 BST 2006
0.00user 0.18system 4:19.52elapsed 0%CPU (0avgtext+0avgdata 0maxresident)k
0inputs+0outputs (0major+277minor)pagefaults 0swaps
== skiing-0 : envoy tar hot 0 ==
Mon Oct 16 23:59:16 BST 2006
0.00user 0.34system 3:19.72elapsed 0%CPU (0avgtext+0avgdata 0maxresident)k
0inputs+0outputs (0major+276minor)pagefaults 0swaps
== skiing-0 : envoy tar hot 1 ==
Tue Oct 17 00:02:40 BST 2006
0.02user 0.87system 3:12.95elapsed 0%CPU (0avgtext+0avgdata 0maxresident)k
0inputs+0outputs (0major+276minor)pagefaults 0swaps
== skiing-0 : envoy tar hot 2 ==
Tue Oct 17 00:06:00 BST 2006
0.01user 0.33system 3:17.18elapsed 0%CPU (0avgtext+0avgdata 0maxresident)k
0inputs+0outputs (0major+277minor)pagefaults 0swaps
== skiing-0 : envoy tar hot 3 ==
Tue Oct 17 00:09:24 BST 2006
0.08user 1.78system 3:05.54elapsed 1%CPU (0avgtext+0avgdata 0maxresident)k
0inputs+0outputs (0major+277minor)pagefaults 0swaps
== skiing-0 : envoy tar hot 4 ==
Tue Oct 17 00:12:35 BST 2006
0.00user 0.26system 3:19.85elapsed 0%CPU (0avgtext+0avgdata 0maxresident)k
0inputs+0outputs (0major+277minor)pagefaults 0swaps
== skiing-0 : envoy tar hot 5 ==
Tue Oct 17 00:16:00 BST 2006
0.01user 0.18system 3:16.95elapsed 0%CPU (0avgtext+0avgdata 0maxresident)k
0inputs+0outputs (0major+276minor)pagefaults 0swaps
== skiing-0 : envoy tar hot 6 ==
Tue Oct 17 00:19:22 BST 2006
0.10user 1.48system 3:06.31elapsed 0%CPU (0avgtext+0avgdata 0maxresident)k
0inputs+0outputs (0major+277minor)pagefaults 0swaps
== skiing-0 : envoy tar hot 7 ==
Tue Oct 17 00:22:35 BST 2006
0.01user 0.19system 3:17.52elapsed 0%CPU (0avgtext+0avgdata 0maxresident)k
0inputs+0outputs (0major+276minor)pagefaults 0swaps
== skiing-0 : envoy tar hot 8 ==
Tue Oct 17 00:25:58 BST 2006
0.03user 1.62system 3:05.47elapsed 0%CPU (0avgtext+0avgdata 0maxresident)k
0inputs+0outputs (0major+277minor)pagefaults 0swaps
== skiing-0 : envoy tar hot 9 ==
Tue Oct 17 00:29:10 BST 2006
0.07user 1.32system 3:04.45elapsed 0%CPU (0avgtext+0avgdata 0maxresident)k
0inputs+0outputs (0major+276minor)pagefaults 0swaps
== skiing-0 : envoy rsync cold 0 ==
Tue Oct 17 03:17:13 BST 2006
0.08user 0.26system 7:20.39elapsed 0%CPU (0avgtext+0avgdata 0maxresident)k
0inputs+0outputs (3major+6449minor)pagefaults 0swaps
== skiing-0 : envoy rsync cold 1 ==
Tue Oct 17 03:24:50 BST 2006
0.18user 0.53system 7:13.70elapsed 0%CPU (0avgtext+0avgdata 0maxresident)k
0inputs+0outputs (0major+6452minor)pagefaults 0swaps
== skiing-0 : envoy rsync cold 2 ==
Tue Oct 17 03:32:18 BST 2006
0.14user 0.43system 7:10.99elapsed 0%CPU (0avgtext+0avgdata 0maxresident)k
0inputs+0outputs (0major+6454minor)pagefaults 0swaps
== skiing-0 : envoy rsync cold 3 ==
Tue Oct 17 03:39:44 BST 2006
0.12user 0.37system 7:22.39elapsed 0%CPU (0avgtext+0avgdata 0maxresident)k
0inputs+0outputs (0major+6456minor)pagefaults 0swaps
== skiing-0 : envoy rsync cold 4 ==
Tue Oct 17 03:47:19 BST 2006
0.09user 0.17system 7:12.60elapsed 0%CPU (0avgtext+0avgdata 0maxresident)k
0inputs+0outputs (0major+6452minor)pagefaults 0swaps
== skiing-0 : envoy rsync cold 5 ==
Tue Oct 17 03:54:44 BST 2006
0.18user 0.64system 6:59.25elapsed 0%CPU (0avgtext+0avgdata 0maxresident)k
0inputs+0outputs (0major+6453minor)pagefaults 0swaps
== skiing-0 : envoy rsync cold 6 ==
Tue Oct 17 04:01:57 BST 2006
0.16user 0.37system 6:52.62elapsed 0%CPU (0avgtext+0avgdata 0maxresident)k
0inputs+0outputs (0major+6454minor)pagefaults 0swaps
== skiing-0 : envoy rsync cold 7 ==
Tue Oct 17 04:09:00 BST 2006
0.24user 0.80system 7:04.60elapsed 0%CPU (0avgtext+0avgdata 0maxresident)k
0inputs+0outputs (0major+6456minor)pagefaults 0swaps
== skiing-0 : envoy rsync cold 8 ==
Tue Oct 17 04:16:18 BST 2006
0.08user 0.12system 7:10.21elapsed 0%CPU (0avgtext+0avgdata 0maxresident)k
0inputs+0outputs (0major+6454minor)pagefaults 0swaps
== skiing-0 : envoy rsync cold 9 ==
Tue Oct 17 04:23:41 BST 2006
0.20user 0.44system 7:03.92elapsed 0%CPU (0avgtext+0avgdata 0maxresident)k
0inputs+0outputs (0major+6452minor)pagefaults 0swaps
== skiing-0 : envoy rsync warm 0 ==
Tue Oct 17 06:33:25 BST 2006
0.18user 0.47system 3:14.18elapsed 0%CPU (0avgtext+0avgdata 0maxresident)k
0inputs+0outputs (0major+6455minor)pagefaults 0swaps
== skiing-0 : envoy rsync warm 1 ==
Tue Oct 17 06:36:47 BST 2006
0.24user 0.62system 3:16.39elapsed 0%CPU (0avgtext+0avgdata 0maxresident)k
0inputs+0outputs (0major+6454minor)pagefaults 0swaps
== skiing-0 : envoy rsync warm 2 ==
Tue Oct 17 06:40:09 BST 2006
0.16user 0.32system 3:17.64elapsed 0%CPU (0avgtext+0avgdata 0maxresident)k
0inputs+0outputs (0major+6452minor)pagefaults 0swaps
== skiing-0 : envoy rsync warm 3 ==
Tue Oct 17 06:43:34 BST 2006
0.29user 0.84system 3:12.87elapsed 0%CPU (0avgtext+0avgdata 0maxresident)k
0inputs+0outputs (0major+6452minor)pagefaults 0swaps
== skiing-0 : envoy rsync warm 4 ==
Tue Oct 17 06:46:54 BST 2006
0.31user 0.76system 3:13.02elapsed 0%CPU (0avgtext+0avgdata 0maxresident)k
0inputs+0outputs (0major+6455minor)pagefaults 0swaps
== skiing-0 : envoy rsync warm 5 ==
Tue Oct 17 06:50:14 BST 2006
0.11user 0.24system 3:17.97elapsed 0%CPU (0avgtext+0avgdata 0maxresident)k
0inputs+0outputs (0major+6455minor)pagefaults 0swaps
== skiing-0 : envoy rsync warm 6 ==
Tue Oct 17 06:53:38 BST 2006
0.23user 0.78system 3:10.08elapsed 0%CPU (0avgtext+0avgdata 0maxresident)k
0inputs+0outputs (0major+6454minor)pagefaults 0swaps
== skiing-0 : envoy rsync warm 7 ==
Tue Oct 17 06:56:56 BST 2006
0.11user 0.29system 3:12.81elapsed 0%CPU (0avgtext+0avgdata 0maxresident)k
0inputs+0outputs (0major+6452minor)pagefaults 0swaps
== skiing-0 : envoy rsync warm 8 ==
Tue Oct 17 07:00:16 BST 2006
0.11user 0.24system 3:13.56elapsed 0%CPU (0avgtext+0avgdata 0maxresident)k
0inputs+0outputs (0major+6452minor)pagefaults 0swaps
== skiing-0 : envoy rsync warm 9 ==
Tue Oct 17 07:03:37 BST 2006
0.25user 0.56system 3:08.11elapsed 0%CPU (0avgtext+0avgdata 0maxresident)k
0inputs+0outputs (0major+6453minor)pagefaults 0swaps
== skiing-0 : envoy rsync hot 0 ==
Tue Oct 17 08:09:25 BST 2006
0.10user 0.20system 2:15.93elapsed 0%CPU (0avgtext+0avgdata 0maxresident)k
0inputs+0outputs (0major+6453minor)pagefaults 0swaps
== skiing-0 : envoy rsync hot 1 ==
Tue Oct 17 08:11:48 BST 2006
0.36user 0.83system 2:08.79elapsed 0%CPU (0avgtext+0avgdata 0maxresident)k
0inputs+0outputs (0major+6452minor)pagefaults 0swaps
== skiing-0 : envoy rsync hot 2 ==
Tue Oct 17 08:14:02 BST 2006
0.38user 0.76system 2:10.10elapsed 0%CPU (0avgtext+0avgdata 0maxresident)k
0inputs+0outputs (0major+6452minor)pagefaults 0swaps
== skiing-0 : envoy rsync hot 3 ==
Tue Oct 17 08:16:18 BST 2006
0.14user 0.19system 2:17.98elapsed 0%CPU (0avgtext+0avgdata 0maxresident)k
0inputs+0outputs (0major+6452minor)pagefaults 0swaps
== skiing-0 : envoy rsync hot 4 ==
Tue Oct 17 08:18:42 BST 2006
0.22user 0.49system 2:15.85elapsed 0%CPU (0avgtext+0avgdata 0maxresident)k
0inputs+0outputs (0major+6453minor)pagefaults 0swaps
== skiing-0 : envoy rsync hot 5 ==
Tue Oct 17 08:21:04 BST 2006
0.30user 0.58system 2:11.79elapsed 0%CPU (0avgtext+0avgdata 0maxresident)k
0inputs+0outputs (0major+6456minor)pagefaults 0swaps
== skiing-0 : envoy rsync hot 6 ==
Tue Oct 17 08:23:21 BST 2006
0.28user 0.67system 2:11.87elapsed 0%CPU (0avgtext+0avgdata 0maxresident)k
0inputs+0outputs (0major+6456minor)pagefaults 0swaps
== skiing-0 : envoy rsync hot 7 ==
Tue Oct 17 08:25:39 BST 2006
0.43user 0.85system 2:09.31elapsed 0%CPU (0avgtext+0avgdata 0maxresident)k
0inputs+0outputs (0major+6455minor)pagefaults 0swaps
== skiing-0 : envoy rsync hot 8 ==
Tue Oct 17 08:27:54 BST 2006
0.23user 0.42system 2:15.54elapsed 0%CPU (0avgtext+0avgdata 0maxresident)k
0inputs+0outputs (0major+6457minor)pagefaults 0swaps
== skiing-0 : envoy rsync hot 9 ==
Tue Oct 17 08:30:16 BST 2006
0.38user 0.76system 2:09.20elapsed 0%CPU (0avgtext+0avgdata 0maxresident)k
0inputs+0outputs (0major+6452minor)pagefaults 0swaps
== skiing-0 : envoy bonnie reset 0 ==
Tue Oct 17 17:08:10 BST 2006
              -------Sequential Output-------- ---Sequential Input-- --Random--
              -Per Char- --Block--- -Rewrite-- -Per Char- --Block--- --Seeks---
Machine    MB K/sec %CPU K/sec %CPU K/sec %CPU K/sec %CPU K/sec %CPU  /sec %CPU
skiing-0 2047  6297  4.3  5795  0.1  3812  0.1 18824 23.1 26064  0.4  69.5  0.0
== skiing-0 : envoy bonnie reset 1 ==
Tue Oct 17 17:33:31 BST 2006
              -------Sequential Output-------- ---Sequential Input-- --Random--
              -Per Char- --Block--- -Rewrite-- -Per Char- --Block--- --Seeks---
Machine    MB K/sec %CPU K/sec %CPU K/sec %CPU K/sec %CPU K/sec %CPU  /sec %CPU
skiing-0 2047  6127  4.2  6221  0.1  3667  0.1 19471 23.7 27014  0.3  73.6  0.0
== skiing-0 : envoy bonnie reset 2 ==
Tue Oct 17 17:58:48 BST 2006
              -------Sequential Output-------- ---Sequential Input-- --Random--
              -Per Char- --Block--- -Rewrite-- -Per Char- --Block--- --Seeks---
Machine    MB K/sec %CPU K/sec %CPU K/sec %CPU K/sec %CPU K/sec %CPU  /sec %CPU
skiing-0 2047  6152  5.1  6184  0.1  3500  0.1 18514 23.5 26198  0.5  65.5  0.0
== skiing-0 : envoy bonnie reset 3 ==
Tue Oct 17 18:24:48 BST 2006
              -------Sequential Output-------- ---Sequential Input-- --Random--
              -Per Char- --Block--- -Rewrite-- -Per Char- --Block--- --Seeks---
Machine    MB K/sec %CPU K/sec %CPU K/sec %CPU K/sec %CPU K/sec %CPU  /sec %CPU
skiing-0 2047  6118  5.4  6038  0.1  3544  0.1 20119 24.1 26729  0.5  69.7  0.0
== skiing-0 : envoy bonnie reset 4 ==
Tue Oct 17 18:50:34 BST 2006
              -------Sequential Output-------- ---Sequential Input-- --Random--
              -Per Char- --Block--- -Rewrite-- -Per Char- --Block--- --Seeks---
Machine    MB K/sec %CPU K/sec %CPU K/sec %CPU K/sec %CPU K/sec %CPU  /sec %CPU
skiing-0 2047  5741  4.8  5956  0.1  3592  0.1 19451 23.3 26490  0.6  73.7  0.0
== skiing-0 : envoy bonnie reset 5 ==
Tue Oct 17 19:16:43 BST 2006
              -------Sequential Output-------- ---Sequential Input-- --Random--
              -Per Char- --Block--- -Rewrite-- -Per Char- --Block--- --Seeks---
Machine    MB K/sec %CPU K/sec %CPU K/sec %CPU K/sec %CPU K/sec %CPU  /sec %CPU
skiing-0 2047  6106  5.2  6127  0.1  3542  0.1 17554 21.0 26189  0.7  72.6  0.0
== skiing-0 : envoy bonnie reset 6 ==
Tue Oct 17 19:42:41 BST 2006
              -------Sequential Output-------- ---Sequential Input-- --Random--
              -Per Char- --Block--- -Rewrite-- -Per Char- --Block--- --Seeks---
Machine    MB K/sec %CPU K/sec %CPU K/sec %CPU K/sec %CPU K/sec %CPU  /sec %CPU
skiing-0 2047  6234  5.4  6021  0.1  3539  0.1 20013 24.8 26780  0.5  69.9  0.0
== skiing-0 : envoy bonnie reset 7 ==
Tue Oct 17 20:08:24 BST 2006
              -------Sequential Output-------- ---Sequential Input-- --Random--
              -Per Char- --Block--- -Rewrite-- -Per Char- --Block--- --Seeks---
Machine    MB K/sec %CPU K/sec %CPU K/sec %CPU K/sec %CPU K/sec %CPU  /sec %CPU
skiing-0 2047  5957  4.1  5998  0.0  3520  0.1 20240 23.9 26729  0.6  70.1  0.0
== skiing-0 : envoy bonnie reset 8 ==
Tue Oct 17 20:34:28 BST 2006
              -------Sequential Output-------- ---Sequential Input-- --Random--
              -Per Char- --Block--- -Rewrite-- -Per Char- --Block--- --Seeks---
Machine    MB K/sec %CPU K/sec %CPU K/sec %CPU K/sec %CPU K/sec %CPU  /sec %CPU
skiing-0 2047  5826  4.3  5733  0.1  3605  0.1 20675 24.2 26395  0.4  70.4  0.0
== skiing-0 : envoy bonnie reset 9 ==
Tue Oct 17 21:00:39 BST 2006
              -------Sequential Output-------- ---Sequential Input-- --Random--
              -Per Char- --Block--- -Rewrite-- -Per Char- --Block--- --Seeks---
Machine    MB K/sec %CPU K/sec %CPU K/sec %CPU K/sec %CPU K/sec %CPU  /sec %CPU
skiing-0 2047  5378  4.4  6226  0.1  3465  0.1 18419 22.5 26539  0.3  70.0  0.0
== skiing-1 : envoy rsync cold 0 ==
Fri Oct 20 18:54:04 BST 2006
0.10user 0.17system 6:48.79elapsed 0%CPU (0avgtext+0avgdata 0maxresident)k
0inputs+0outputs (0major+6452minor)pagefaults 0swaps
== skiing-1 : envoy rsync cold 1 ==
Fri Oct 20 19:01:07 BST 2006
0.13user 0.18system 6:45.10elapsed 0%CPU (0avgtext+0avgdata 0maxresident)k
0inputs+0outputs (0major+6452minor)pagefaults 0swaps
== skiing-1 : envoy rsync cold 2 ==
Fri Oct 20 19:08:05 BST 2006
0.12user 0.15system 6:50.20elapsed 0%CPU (0avgtext+0avgdata 0maxresident)k
0inputs+0outputs (0major+6457minor)pagefaults 0swaps
== skiing-1 : envoy rsync cold 3 ==
Fri Oct 20 19:15:11 BST 2006
0.10user 0.15system 6:43.08elapsed 0%CPU (0avgtext+0avgdata 0maxresident)k
0inputs+0outputs (0major+6455minor)pagefaults 0swaps
== skiing-1 : envoy rsync cold 4 ==
Fri Oct 20 19:22:08 BST 2006
0.12user 0.18system 6:50.15elapsed 0%CPU (0avgtext+0avgdata 0maxresident)k
0inputs+0outputs (0major+6452minor)pagefaults 0swaps
== skiing-1 : envoy rsync cold 5 ==
Fri Oct 20 19:29:12 BST 2006
0.14user 0.14system 6:49.98elapsed 0%CPU (0avgtext+0avgdata 0maxresident)k
0inputs+0outputs (0major+6455minor)pagefaults 0swaps
== skiing-1 : envoy rsync cold 6 ==
Fri Oct 20 19:36:13 BST 2006
0.12user 0.16system 6:47.69elapsed 0%CPU (0avgtext+0avgdata 0maxresident)k
0inputs+0outputs (0major+6452minor)pagefaults 0swaps
== skiing-1 : envoy rsync cold 7 ==
Fri Oct 20 19:43:15 BST 2006
0.10user 0.22system 6:50.78elapsed 0%CPU (0avgtext+0avgdata 0maxresident)k
0inputs+0outputs (0major+6452minor)pagefaults 0swaps
== skiing-1 : envoy rsync cold 8 ==
Fri Oct 20 19:50:18 BST 2006
0.08user 0.17system 6:43.69elapsed 0%CPU (0avgtext+0avgdata 0maxresident)k
0inputs+0outputs (0major+6457minor)pagefaults 0swaps
== skiing-1 : envoy rsync cold 9 ==
Fri Oct 20 19:57:16 BST 2006
0.12user 0.19system 7:00.21elapsed 0%CPU (0avgtext+0avgdata 0maxresident)k
0inputs+0outputs (0major+6455minor)pagefaults 0swaps
== skiing-1 : envoy untar reset 0 ==
Mon Oct 16 15:01:24 BST 2006
0.20user 0.28system 8:01.69elapsed 0%CPU (0avgtext+0avgdata 0maxresident)k
0inputs+0outputs (0major+488minor)pagefaults 0swaps
== skiing-1 : envoy untar reset 1 ==
Mon Oct 16 15:09:56 BST 2006
0.23user 0.31system 7:43.12elapsed 0%CPU (0avgtext+0avgdata 0maxresident)k
0inputs+0outputs (0major+487minor)pagefaults 0swaps
== skiing-1 : envoy untar reset 2 ==
Mon Oct 16 15:18:05 BST 2006
0.21user 0.32system 7:48.13elapsed 0%CPU (0avgtext+0avgdata 0maxresident)k
0inputs+0outputs (0major+488minor)pagefaults 0swaps
== skiing-1 : envoy untar reset 3 ==
Mon Oct 16 15:26:23 BST 2006
0.17user 0.33system 7:57.04elapsed 0%CPU (0avgtext+0avgdata 0maxresident)k
0inputs+0outputs (0major+487minor)pagefaults 0swaps
== skiing-1 : envoy untar reset 4 ==
Mon Oct 16 15:34:41 BST 2006
0.24user 0.29system 7:34.43elapsed 0%CPU (0avgtext+0avgdata 0maxresident)k
0inputs+0outputs (0major+487minor)pagefaults 0swaps
== skiing-1 : envoy untar reset 5 ==
Mon Oct 16 15:42:39 BST 2006
0.22user 0.25system 7:49.16elapsed 0%CPU (0avgtext+0avgdata 0maxresident)k
0inputs+0outputs (0major+489minor)pagefaults 0swaps
== skiing-1 : envoy untar reset 6 ==
Mon Oct 16 15:50:54 BST 2006
0.24user 0.38system 7:51.26elapsed 0%CPU (0avgtext+0avgdata 0maxresident)k
0inputs+0outputs (0major+488minor)pagefaults 0swaps
== skiing-1 : envoy untar reset 7 ==
Mon Oct 16 15:59:09 BST 2006
0.23user 0.31system 7:48.76elapsed 0%CPU (0avgtext+0avgdata 0maxresident)k
0inputs+0outputs (0major+487minor)pagefaults 0swaps
== skiing-1 : envoy untar reset 8 ==
Mon Oct 16 16:07:20 BST 2006
0.24user 0.30system 7:59.22elapsed 0%CPU (0avgtext+0avgdata 0maxresident)k
0inputs+0outputs (0major+488minor)pagefaults 0swaps
== skiing-1 : envoy untar reset 9 ==
Mon Oct 16 16:15:42 BST 2006
0.25user 0.31system 7:59.67elapsed 0%CPU (0avgtext+0avgdata 0maxresident)k
0inputs+0outputs (0major+487minor)pagefaults 0swaps
== skiing-1 : envoy tar cold 0 ==
Mon Oct 16 19:38:59 BST 2006
0.00user 0.14system 7:47.36elapsed 0%CPU (0avgtext+0avgdata 0maxresident)k
0inputs+0outputs (0major+277minor)pagefaults 0swaps
== skiing-1 : envoy tar cold 1 ==
Mon Oct 16 19:46:58 BST 2006
0.02user 0.19system 7:45.56elapsed 0%CPU (0avgtext+0avgdata 0maxresident)k
0inputs+0outputs (0major+277minor)pagefaults 0swaps
== skiing-1 : envoy tar cold 2 ==
Mon Oct 16 19:54:53 BST 2006
0.01user 0.24system 8:03.50elapsed 0%CPU (0avgtext+0avgdata 0maxresident)k
0inputs+0outputs (0major+278minor)pagefaults 0swaps
== skiing-1 : envoy tar cold 3 ==
Mon Oct 16 20:03:09 BST 2006
0.01user 0.17system 7:51.87elapsed 0%CPU (0avgtext+0avgdata 0maxresident)k
0inputs+0outputs (0major+277minor)pagefaults 0swaps
== skiing-1 : envoy tar cold 4 ==
Mon Oct 16 20:11:11 BST 2006
0.02user 0.19system 7:49.36elapsed 0%CPU (0avgtext+0avgdata 0maxresident)k
0inputs+0outputs (0major+278minor)pagefaults 0swaps
== skiing-1 : envoy tar cold 5 ==
Mon Oct 16 20:19:13 BST 2006
0.01user 0.14system 8:04.50elapsed 0%CPU (0avgtext+0avgdata 0maxresident)k
0inputs+0outputs (0major+277minor)pagefaults 0swaps
== skiing-1 : envoy tar cold 6 ==
Mon Oct 16 20:27:29 BST 2006
0.00user 0.15system 8:03.17elapsed 0%CPU (0avgtext+0avgdata 0maxresident)k
0inputs+0outputs (0major+277minor)pagefaults 0swaps
== skiing-1 : envoy tar cold 7 ==
Mon Oct 16 20:35:43 BST 2006
0.00user 0.20system 7:51.79elapsed 0%CPU (0avgtext+0avgdata 0maxresident)k
0inputs+0outputs (0major+278minor)pagefaults 0swaps
== skiing-1 : envoy tar cold 8 ==
Mon Oct 16 20:43:46 BST 2006
0.00user 0.16system 7:58.66elapsed 0%CPU (0avgtext+0avgdata 0maxresident)k
0inputs+0outputs (0major+278minor)pagefaults 0swaps
== skiing-1 : envoy tar cold 9 ==
Mon Oct 16 20:51:57 BST 2006
0.02user 0.24system 8:14.23elapsed 0%CPU (0avgtext+0avgdata 0maxresident)k
0inputs+0outputs (0major+278minor)pagefaults 0swaps
== skiing-1 : envoy tar warm 0 ==
Mon Oct 16 22:35:59 BST 2006
0.00user 0.18system 4:43.33elapsed 0%CPU (0avgtext+0avgdata 0maxresident)k
0inputs+0outputs (0major+277minor)pagefaults 0swaps
== skiing-1 : envoy tar warm 1 ==
Mon Oct 16 22:40:50 BST 2006
0.01user 0.20system 4:53.96elapsed 0%CPU (0avgtext+0avgdata 0maxresident)k
0inputs+0outputs (0major+278minor)pagefaults 0swaps
== skiing-1 : envoy tar warm 2 ==
Mon Oct 16 22:45:51 BST 2006
0.00user 0.15system 4:45.60elapsed 0%CPU (0avgtext+0avgdata 0maxresident)k
0inputs+0outputs (0major+278minor)pagefaults 0swaps
== skiing-1 : envoy tar warm 3 ==
Mon Oct 16 22:50:43 BST 2006
0.02user 0.23system 4:41.77elapsed 0%CPU (0avgtext+0avgdata 0maxresident)k
0inputs+0outputs (0major+277minor)pagefaults 0swaps
== skiing-1 : envoy tar warm 4 ==
Mon Oct 16 22:55:31 BST 2006
0.01user 0.16system 4:45.57elapsed 0%CPU (0avgtext+0avgdata 0maxresident)k
0inputs+0outputs (0major+277minor)pagefaults 0swaps
== skiing-1 : envoy tar warm 5 ==
Mon Oct 16 23:00:24 BST 2006
0.02user 0.20system 4:53.39elapsed 0%CPU (0avgtext+0avgdata 0maxresident)k
0inputs+0outputs (0major+277minor)pagefaults 0swaps
== skiing-1 : envoy tar warm 6 ==
Mon Oct 16 23:05:24 BST 2006
0.00user 0.21system 4:43.35elapsed 0%CPU (0avgtext+0avgdata 0maxresident)k
0inputs+0outputs (0major+277minor)pagefaults 0swaps
== skiing-1 : envoy tar warm 7 ==
Mon Oct 16 23:10:13 BST 2006
0.01user 0.18system 4:43.13elapsed 0%CPU (0avgtext+0avgdata 0maxresident)k
0inputs+0outputs (0major+277minor)pagefaults 0swaps
== skiing-1 : envoy tar warm 8 ==
Mon Oct 16 23:15:03 BST 2006
0.01user 0.20system 4:44.65elapsed 0%CPU (0avgtext+0avgdata 0maxresident)k
0inputs+0outputs (0major+278minor)pagefaults 0swaps
== skiing-1 : envoy tar warm 9 ==
Mon Oct 16 23:19:54 BST 2006
0.00user 0.18system 4:50.66elapsed 0%CPU (0avgtext+0avgdata 0maxresident)k
0inputs+0outputs (0major+278minor)pagefaults 0swaps
== skiing-1 : envoy tar hot 0 ==
Tue Oct 17 00:32:20 BST 2006
0.01user 0.33system 3:42.87elapsed 0%CPU (0avgtext+0avgdata 0maxresident)k
0inputs+0outputs (0major+277minor)pagefaults 0swaps
== skiing-1 : envoy tar hot 1 ==
Tue Oct 17 00:36:08 BST 2006
0.02user 0.24system 3:45.41elapsed 0%CPU (0avgtext+0avgdata 0maxresident)k
0inputs+0outputs (0major+278minor)pagefaults 0swaps
== skiing-1 : envoy tar hot 2 ==
Tue Oct 17 00:40:00 BST 2006
0.00user 0.24system 3:38.51elapsed 0%CPU (0avgtext+0avgdata 0maxresident)k
0inputs+0outputs (0major+278minor)pagefaults 0swaps
== skiing-1 : envoy tar hot 3 ==
Tue Oct 17 00:43:45 BST 2006
0.02user 0.25system 3:45.15elapsed 0%CPU (0avgtext+0avgdata 0maxresident)k
0inputs+0outputs (0major+277minor)pagefaults 0swaps
== skiing-1 : envoy tar hot 4 ==
Tue Oct 17 00:47:37 BST 2006
0.01user 0.25system 3:58.35elapsed 0%CPU (0avgtext+0avgdata 0maxresident)k
0inputs+0outputs (0major+277minor)pagefaults 0swaps
== skiing-1 : envoy tar hot 5 ==
Tue Oct 17 00:51:41 BST 2006
0.01user 0.22system 3:45.11elapsed 0%CPU (0avgtext+0avgdata 0maxresident)k
0inputs+0outputs (0major+277minor)pagefaults 0swaps
== skiing-1 : envoy tar hot 6 ==
Tue Oct 17 00:55:32 BST 2006
0.01user 0.19system 3:46.17elapsed 0%CPU (0avgtext+0avgdata 0maxresident)k
0inputs+0outputs (0major+277minor)pagefaults 0swaps
== skiing-1 : envoy tar hot 7 ==
Tue Oct 17 00:59:24 BST 2006
0.02user 0.18system 3:43.20elapsed 0%CPU (0avgtext+0avgdata 0maxresident)k
0inputs+0outputs (0major+278minor)pagefaults 0swaps
== skiing-1 : envoy tar hot 8 ==
Tue Oct 17 01:03:13 BST 2006
0.01user 0.25system 3:41.21elapsed 0%CPU (0avgtext+0avgdata 0maxresident)k
0inputs+0outputs (0major+277minor)pagefaults 0swaps
== skiing-1 : envoy tar hot 9 ==
Tue Oct 17 01:07:00 BST 2006
0.00user 0.16system 3:54.13elapsed 0%CPU (0avgtext+0avgdata 0maxresident)k
0inputs+0outputs (0major+278minor)pagefaults 0swaps
== skiing-1 : envoy rsync warm 0 ==
Tue Oct 17 07:06:51 BST 2006
0.14user 0.17system 3:33.76elapsed 0%CPU (0avgtext+0avgdata 0maxresident)k
0inputs+0outputs (0major+6454minor)pagefaults 0swaps
== skiing-1 : envoy rsync warm 1 ==
Tue Oct 17 07:10:32 BST 2006
0.14user 0.13system 3:34.14elapsed 0%CPU (0avgtext+0avgdata 0maxresident)k
0inputs+0outputs (0major+6455minor)pagefaults 0swaps
== skiing-1 : envoy rsync warm 2 ==
Tue Oct 17 07:14:13 BST 2006
0.16user 0.14system 3:33.80elapsed 0%CPU (0avgtext+0avgdata 0maxresident)k
0inputs+0outputs (0major+6452minor)pagefaults 0swaps
== skiing-1 : envoy rsync warm 3 ==
Tue Oct 17 07:17:54 BST 2006
0.11user 0.16system 3:33.71elapsed 0%CPU (0avgtext+0avgdata 0maxresident)k
0inputs+0outputs (0major+6457minor)pagefaults 0swaps
== skiing-1 : envoy rsync warm 4 ==
Tue Oct 17 07:21:35 BST 2006
0.11user 0.15system 3:35.72elapsed 0%CPU (0avgtext+0avgdata 0maxresident)k
0inputs+0outputs (0major+6452minor)pagefaults 0swaps
== skiing-1 : envoy rsync warm 5 ==
Tue Oct 17 07:25:18 BST 2006
0.16user 0.14system 3:32.73elapsed 0%CPU (0avgtext+0avgdata 0maxresident)k
0inputs+0outputs (0major+6454minor)pagefaults 0swaps
== skiing-1 : envoy rsync warm 6 ==
Tue Oct 17 07:28:57 BST 2006
0.16user 0.17system 3:34.26elapsed 0%CPU (0avgtext+0avgdata 0maxresident)k
0inputs+0outputs (0major+6453minor)pagefaults 0swaps
== skiing-1 : envoy rsync warm 7 ==
Tue Oct 17 07:32:39 BST 2006
0.14user 0.17system 3:35.23elapsed 0%CPU (0avgtext+0avgdata 0maxresident)k
0inputs+0outputs (0major+6453minor)pagefaults 0swaps
== skiing-1 : envoy rsync warm 8 ==
Tue Oct 17 07:36:20 BST 2006
0.15user 0.15system 3:37.90elapsed 0%CPU (0avgtext+0avgdata 0maxresident)k
0inputs+0outputs (0major+6453minor)pagefaults 0swaps
== skiing-1 : envoy rsync warm 9 ==
Tue Oct 17 07:40:05 BST 2006
0.14user 0.20system 3:36.72elapsed 0%CPU (0avgtext+0avgdata 0maxresident)k
0inputs+0outputs (0major+6455minor)pagefaults 0swaps
== skiing-1 : envoy rsync hot 0 ==
Tue Oct 17 08:32:31 BST 2006
0.16user 0.25system 2:36.09elapsed 0%CPU (0avgtext+0avgdata 0maxresident)k
0inputs+0outputs (0major+6453minor)pagefaults 0swaps
== skiing-1 : envoy rsync hot 1 ==
Tue Oct 17 08:35:12 BST 2006
0.20user 0.16system 2:34.88elapsed 0%CPU (0avgtext+0avgdata 0maxresident)k
0inputs+0outputs (0major+6453minor)pagefaults 0swaps
== skiing-1 : envoy rsync hot 2 ==
Tue Oct 17 08:37:54 BST 2006
0.16user 0.22system 2:34.96elapsed 0%CPU (0avgtext+0avgdata 0maxresident)k
0inputs+0outputs (0major+6453minor)pagefaults 0swaps
== skiing-1 : envoy rsync hot 3 ==
Tue Oct 17 08:40:34 BST 2006
0.15user 0.21system 2:34.81elapsed 0%CPU (0avgtext+0avgdata 0maxresident)k
0inputs+0outputs (0major+6455minor)pagefaults 0swaps
== skiing-1 : envoy rsync hot 4 ==
Tue Oct 17 08:43:15 BST 2006
0.15user 0.18system 2:35.15elapsed 0%CPU (0avgtext+0avgdata 0maxresident)k
0inputs+0outputs (0major+6455minor)pagefaults 0swaps
== skiing-1 : envoy rsync hot 5 ==
Tue Oct 17 08:45:56 BST 2006
0.18user 0.18system 2:36.52elapsed 0%CPU (0avgtext+0avgdata 0maxresident)k
0inputs+0outputs (0major+6452minor)pagefaults 0swaps
== skiing-1 : envoy rsync hot 6 ==
Tue Oct 17 08:48:38 BST 2006
0.16user 0.18system 2:34.30elapsed 0%CPU (0avgtext+0avgdata 0maxresident)k
0inputs+0outputs (0major+6456minor)pagefaults 0swaps
== skiing-1 : envoy rsync hot 7 ==
Tue Oct 17 08:51:17 BST 2006
0.18user 0.21system 2:36.49elapsed 0%CPU (0avgtext+0avgdata 0maxresident)k
0inputs+0outputs (0major+6453minor)pagefaults 0swaps
== skiing-1 : envoy rsync hot 8 ==
Tue Oct 17 08:54:00 BST 2006
0.19user 0.19system 2:36.82elapsed 0%CPU (0avgtext+0avgdata 0maxresident)k
0inputs+0outputs (0major+6452minor)pagefaults 0swaps
== skiing-1 : envoy rsync hot 9 ==
Tue Oct 17 08:56:43 BST 2006
0.19user 0.19system 2:34.04elapsed 0%CPU (0avgtext+0avgdata 0maxresident)k
0inputs+0outputs (0major+6453minor)pagefaults 0swaps
== skiing-1 : envoy bonnie reset 0 ==
Tue Oct 17 21:27:27 BST 2006
              -------Sequential Output-------- ---Sequential Input-- --Random--
              -Per Char- --Block--- -Rewrite-- -Per Char- --Block--- --Seeks---
Machine    MB K/sec %CPU K/sec %CPU K/sec %CPU K/sec %CPU K/sec %CPU  /sec %CPU
skiing-1 2047  6234  3.0  6120  0.0  3408  0.0 15959 14.3 20557  0.2  67.7  0.0
== skiing-1 : envoy bonnie reset 1 ==
Tue Oct 17 21:54:19 BST 2006
              -------Sequential Output-------- ---Sequential Input-- --Random--
              -Per Char- --Block--- -Rewrite-- -Per Char- --Block--- --Seeks---
Machine    MB K/sec %CPU K/sec %CPU K/sec %CPU K/sec %CPU K/sec %CPU  /sec %CPU
skiing-1 2047  6053  3.3  6293  0.0  3377  0.0 16190 16.5 20691  0.2  72.3  0.0
== skiing-1 : envoy bonnie reset 2 ==
Tue Oct 17 22:21:12 BST 2006
              -------Sequential Output-------- ---Sequential Input-- --Random--
              -Per Char- --Block--- -Rewrite-- -Per Char- --Block--- --Seeks---
Machine    MB K/sec %CPU K/sec %CPU K/sec %CPU K/sec %CPU K/sec %CPU  /sec %CPU
skiing-1 2047  5998  3.4  5910  0.0  3454  0.0 18046 20.4 18995  0.2  71.1  0.0
== skiing-1 : envoy bonnie reset 3 ==
Tue Oct 17 22:48:10 BST 2006
              -------Sequential Output-------- ---Sequential Input-- --Random--
              -Per Char- --Block--- -Rewrite-- -Per Char- --Block--- --Seeks---
Machine    MB K/sec %CPU K/sec %CPU K/sec %CPU K/sec %CPU K/sec %CPU  /sec %CPU
skiing-1 2047  6157  3.6  6085  0.0  3390  0.0 16921 15.9 18986  0.1  71.0  0.0
== skiing-1 : envoy bonnie reset 4 ==
Tue Oct 17 23:15:09 BST 2006
              -------Sequential Output-------- ---Sequential Input-- --Random--
              -Per Char- --Block--- -Rewrite-- -Per Char- --Block--- --Seeks---
Machine    MB K/sec %CPU K/sec %CPU K/sec %CPU K/sec %CPU K/sec %CPU  /sec %CPU
skiing-1 2047  6025  3.7  6252  0.0  3335  0.0 16458 14.1 20113  0.2  69.0  0.0
== skiing-1 : envoy bonnie reset 5 ==
Tue Oct 17 23:42:15 BST 2006
              -------Sequential Output-------- ---Sequential Input-- --Random--
              -Per Char- --Block--- -Rewrite-- -Per Char- --Block--- --Seeks---
Machine    MB K/sec %CPU K/sec %CPU K/sec %CPU K/sec %CPU K/sec %CPU  /sec %CPU
skiing-1 2047  6097  3.5  6060  0.0  3379  0.0 16439 16.1 20714  0.2  66.4  0.0
== skiing-1 : envoy bonnie reset 6 ==
Wed Oct 18 00:09:19 BST 2006
              -------Sequential Output-------- ---Sequential Input-- --Random--
              -Per Char- --Block--- -Rewrite-- -Per Char- --Block--- --Seeks---
Machine    MB K/sec %CPU K/sec %CPU K/sec %CPU K/sec %CPU K/sec %CPU  /sec %CPU
skiing-1 2047  5796  3.0  5961  0.0  3313  0.0 15551 13.4 20570  0.2  71.6  0.0
== skiing-1 : envoy bonnie reset 7 ==
Wed Oct 18 00:37:05 BST 2006
              -------Sequential Output-------- ---Sequential Input-- --Random--
              -Per Char- --Block--- -Rewrite-- -Per Char- --Block--- --Seeks---
Machine    MB K/sec %CPU K/sec %CPU K/sec %CPU K/sec %CPU K/sec %CPU  /sec %CPU
skiing-1 2047  5889  3.1  5821  0.0  3332  0.0 16638 14.6 20608  0.2  68.6  0.0
== skiing-1 : envoy bonnie reset 8 ==
Wed Oct 18 01:04:43 BST 2006
              -------Sequential Output-------- ---Sequential Input-- --Random--
              -Per Char- --Block--- -Rewrite-- -Per Char- --Block--- --Seeks---
Machine    MB K/sec %CPU K/sec %CPU K/sec %CPU K/sec %CPU K/sec %CPU  /sec %CPU
skiing-1 2047  5628  3.1  6228  0.0  3444  0.0 16707 18.5 20765  0.2  71.8  0.0
== skiing-1 : envoy bonnie reset 9 ==
Wed Oct 18 01:31:49 BST 2006
              -------Sequential Output-------- ---Sequential Input-- --Random--
              -Per Char- --Block--- -Rewrite-- -Per Char- --Block--- --Seeks---
Machine    MB K/sec %CPU K/sec %CPU K/sec %CPU K/sec %CPU K/sec %CPU  /sec %CPU
skiing-1 2047  6632  3.2  7797  0.0  3763  0.0 16092 17.8 20284  0.2  75.6  0.0
