== druid-0 : nocache untar reset 0 ==
Wed Oct 18 02:02:06 BST 2006
1.64user 4.65system 3:20.76elapsed 3%CPU (0avgtext+0avgdata 0maxresident)k
0inputs+0outputs (1major+485minor)pagefaults 0swaps
== druid-0 : nocache untar reset 1 ==
Wed Oct 18 02:05:41 BST 2006
1.36user 7.25system 3:07.42elapsed 4%CPU (0avgtext+0avgdata 0maxresident)k
0inputs+0outputs (0major+486minor)pagefaults 0swaps
== druid-0 : nocache untar reset 2 ==
Wed Oct 18 02:09:06 BST 2006
1.48user 6.81system 3:21.51elapsed 4%CPU (0avgtext+0avgdata 0maxresident)k
0inputs+0outputs (0major+487minor)pagefaults 0swaps
== druid-0 : nocache untar reset 3 ==
Wed Oct 18 02:12:45 BST 2006
1.58user 5.14system 3:23.81elapsed 3%CPU (0avgtext+0avgdata 0maxresident)k
0inputs+0outputs (0major+487minor)pagefaults 0swaps
== druid-0 : nocache untar reset 4 ==
Wed Oct 18 02:16:24 BST 2006
1.49user 6.68system 3:22.00elapsed 4%CPU (0avgtext+0avgdata 0maxresident)k
0inputs+0outputs (0major+485minor)pagefaults 0swaps
== druid-0 : nocache untar reset 5 ==
Wed Oct 18 02:19:59 BST 2006
1.44user 5.55system 3:23.05elapsed 3%CPU (0avgtext+0avgdata 0maxresident)k
0inputs+0outputs (0major+489minor)pagefaults 0swaps
== druid-0 : nocache untar reset 6 ==
Wed Oct 18 02:23:37 BST 2006
1.46user 6.56system 3:18.60elapsed 4%CPU (0avgtext+0avgdata 0maxresident)k
0inputs+0outputs (0major+487minor)pagefaults 0swaps
== druid-0 : nocache untar reset 7 ==
Wed Oct 18 02:27:10 BST 2006
1.75user 5.38system 3:27.67elapsed 3%CPU (0avgtext+0avgdata 0maxresident)k
0inputs+0outputs (0major+487minor)pagefaults 0swaps
== druid-0 : nocache untar reset 8 ==
Wed Oct 18 02:30:50 BST 2006
1.56user 6.80system 3:16.33elapsed 4%CPU (0avgtext+0avgdata 0maxresident)k
0inputs+0outputs (0major+489minor)pagefaults 0swaps
== druid-0 : nocache untar reset 9 ==
Wed Oct 18 02:34:21 BST 2006
1.34user 7.19system 3:21.34elapsed 4%CPU (0avgtext+0avgdata 0maxresident)k
0inputs+0outputs (0major+486minor)pagefaults 0swaps
== druid-0 : nocache tar warm 0 ==
Wed Oct 18 05:36:59 BST 2006
0.01user 1.00system 3:25.46elapsed 0%CPU (0avgtext+0avgdata 0maxresident)k
0inputs+0outputs (2major+275minor)pagefaults 0swaps
== druid-0 : nocache tar warm 1 ==
Wed Oct 18 05:40:31 BST 2006
0.03user 0.96system 3:23.43elapsed 0%CPU (0avgtext+0avgdata 0maxresident)k
0inputs+0outputs (0major+276minor)pagefaults 0swaps
== druid-0 : nocache tar warm 2 ==
Wed Oct 18 05:44:01 BST 2006
0.17user 3.82system 3:20.53elapsed 1%CPU (0avgtext+0avgdata 0maxresident)k
0inputs+0outputs (0major+276minor)pagefaults 0swaps
== druid-0 : nocache tar warm 3 ==
Wed Oct 18 05:47:29 BST 2006
0.04user 1.01system 3:24.52elapsed 0%CPU (0avgtext+0avgdata 0maxresident)k
0inputs+0outputs (0major+277minor)pagefaults 0swaps
== druid-0 : nocache tar warm 4 ==
Wed Oct 18 05:51:00 BST 2006
0.02user 0.95system 3:25.13elapsed 0%CPU (0avgtext+0avgdata 0maxresident)k
0inputs+0outputs (0major+277minor)pagefaults 0swaps
== druid-0 : nocache tar warm 5 ==
Wed Oct 18 05:54:33 BST 2006
0.05user 0.91system 3:22.55elapsed 0%CPU (0avgtext+0avgdata 0maxresident)k
0inputs+0outputs (0major+276minor)pagefaults 0swaps
== druid-0 : nocache tar warm 6 ==
Wed Oct 18 05:58:02 BST 2006
0.12user 2.70system 3:23.47elapsed 1%CPU (0avgtext+0avgdata 0maxresident)k
0inputs+0outputs (0major+276minor)pagefaults 0swaps
== druid-0 : nocache tar warm 7 ==
Wed Oct 18 06:01:32 BST 2006
0.06user 0.88system 3:25.51elapsed 0%CPU (0avgtext+0avgdata 0maxresident)k
0inputs+0outputs (0major+278minor)pagefaults 0swaps
== druid-0 : nocache tar warm 8 ==
Wed Oct 18 06:05:04 BST 2006
0.14user 3.39system 3:19.40elapsed 1%CPU (0avgtext+0avgdata 0maxresident)k
0inputs+0outputs (0major+276minor)pagefaults 0swaps
== druid-0 : nocache tar warm 9 ==
Wed Oct 18 06:08:31 BST 2006
0.04user 1.00system 3:26.66elapsed 0%CPU (0avgtext+0avgdata 0maxresident)k
0inputs+0outputs (0major+277minor)pagefaults 0swaps
== druid-0 : nocache tar hot 0 ==
Thu Oct 19 14:23:25 BST 2006
0.06user 1.14system 1:23.88elapsed 1%CPU (0avgtext+0avgdata 0maxresident)k
0inputs+0outputs (0major+276minor)pagefaults 0swaps
== druid-0 : nocache tar hot 1 ==
Thu Oct 19 14:24:55 BST 2006
0.07user 1.14system 1:19.14elapsed 1%CPU (0avgtext+0avgdata 0maxresident)k
0inputs+0outputs (0major+276minor)pagefaults 0swaps
== druid-0 : nocache tar hot 2 ==
Thu Oct 19 14:26:21 BST 2006
0.01user 1.02system 1:21.12elapsed 1%CPU (0avgtext+0avgdata 0maxresident)k
0inputs+0outputs (0major+276minor)pagefaults 0swaps
== druid-0 : nocache tar hot 3 ==
Thu Oct 19 14:27:48 BST 2006
0.12user 1.66system 1:20.12elapsed 2%CPU (0avgtext+0avgdata 0maxresident)k
0inputs+0outputs (0major+277minor)pagefaults 0swaps
== druid-0 : nocache tar hot 4 ==
Thu Oct 19 14:29:14 BST 2006
0.06user 2.16system 1:24.06elapsed 2%CPU (0avgtext+0avgdata 0maxresident)k
0inputs+0outputs (0major+276minor)pagefaults 0swaps
== druid-0 : nocache tar hot 5 ==
Thu Oct 19 14:30:46 BST 2006
0.06user 1.44system 1:20.92elapsed 1%CPU (0avgtext+0avgdata 0maxresident)k
0inputs+0outputs (0major+276minor)pagefaults 0swaps
== druid-0 : nocache tar hot 6 ==
Thu Oct 19 14:32:13 BST 2006
0.08user 1.31system 1:20.79elapsed 1%CPU (0avgtext+0avgdata 0maxresident)k
0inputs+0outputs (0major+277minor)pagefaults 0swaps
== druid-0 : nocache tar hot 7 ==
Thu Oct 19 14:33:41 BST 2006
0.07user 1.60system 1:19.70elapsed 2%CPU (0avgtext+0avgdata 0maxresident)k
0inputs+0outputs (0major+277minor)pagefaults 0swaps
== druid-0 : nocache tar hot 8 ==
Thu Oct 19 14:35:07 BST 2006
0.10user 1.45system 1:20.96elapsed 1%CPU (0avgtext+0avgdata 0maxresident)k
0inputs+0outputs (0major+276minor)pagefaults 0swaps
== druid-0 : nocache tar hot 9 ==
Thu Oct 19 14:36:35 BST 2006
0.08user 1.87system 1:23.22elapsed 2%CPU (0avgtext+0avgdata 0maxresident)k
0inputs+0outputs (0major+276minor)pagefaults 0swaps
== druid-0 : nocache rsync warm 0 ==
Wed Oct 18 10:47:01 BST 2006
0.45user 1.01system 2:21.16elapsed 1%CPU (0avgtext+0avgdata 0maxresident)k
0inputs+0outputs (3major+6450minor)pagefaults 0swaps
== druid-0 : nocache rsync warm 1 ==
Wed Oct 18 10:49:29 BST 2006
0.88user 3.27system 2:13.97elapsed 3%CPU (0avgtext+0avgdata 0maxresident)k
0inputs+0outputs (0major+6452minor)pagefaults 0swaps
== druid-0 : nocache rsync warm 2 ==
Wed Oct 18 10:51:51 BST 2006
0.81user 3.09system 2:13.09elapsed 2%CPU (0avgtext+0avgdata 0maxresident)k
0inputs+0outputs (0major+6454minor)pagefaults 0swaps
== druid-0 : nocache rsync warm 3 ==
Wed Oct 18 10:54:11 BST 2006
0.68user 2.34system 2:16.16elapsed 2%CPU (0avgtext+0avgdata 0maxresident)k
0inputs+0outputs (0major+6454minor)pagefaults 0swaps
== druid-0 : nocache rsync warm 4 ==
Wed Oct 18 10:56:35 BST 2006
0.55user 2.06system 2:18.32elapsed 1%CPU (0avgtext+0avgdata 0maxresident)k
0inputs+0outputs (0major+6452minor)pagefaults 0swaps
== druid-0 : nocache rsync warm 5 ==
Wed Oct 18 10:59:01 BST 2006
0.58user 1.95system 2:17.79elapsed 1%CPU (0avgtext+0avgdata 0maxresident)k
0inputs+0outputs (0major+6453minor)pagefaults 0swaps
== druid-0 : nocache rsync warm 6 ==
Wed Oct 18 11:01:26 BST 2006
0.87user 2.89system 2:12.66elapsed 2%CPU (0avgtext+0avgdata 0maxresident)k
0inputs+0outputs (0major+6452minor)pagefaults 0swaps
== druid-0 : nocache rsync warm 7 ==
Wed Oct 18 11:03:45 BST 2006
0.76user 2.91system 2:13.94elapsed 2%CPU (0avgtext+0avgdata 0maxresident)k
0inputs+0outputs (0major+6454minor)pagefaults 0swaps
== druid-0 : nocache rsync warm 8 ==
Wed Oct 18 11:06:05 BST 2006
0.65user 2.02system 2:17.30elapsed 1%CPU (0avgtext+0avgdata 0maxresident)k
0inputs+0outputs (0major+6456minor)pagefaults 0swaps
== druid-0 : nocache rsync warm 9 ==
Wed Oct 18 11:08:29 BST 2006
0.74user 2.77system 2:14.71elapsed 2%CPU (0avgtext+0avgdata 0maxresident)k
0inputs+0outputs (0major+6452minor)pagefaults 0swaps
== druid-0 : nocache bonnie reset 0 ==
Wed Oct 18 14:20:27 BST 2006
              -------Sequential Output-------- ---Sequential Input-- --Random--
              -Per Char- --Block--- -Rewrite-- -Per Char- --Block--- --Seeks---
Machine    MB K/sec %CPU K/sec %CPU K/sec %CPU K/sec %CPU K/sec %CPU  /sec %CPU
druid-0  2047 12998 32.9 12802  0.9  4676  0.5 12481 21.8 21813  0.5 108.6  0.0
== druid-0 : nocache bonnie reset 1 ==
Wed Oct 18 14:38:41 BST 2006
              -------Sequential Output-------- ---Sequential Input-- --Random--
              -Per Char- --Block--- -Rewrite-- -Per Char- --Block--- --Seeks---
Machine    MB K/sec %CPU K/sec %CPU K/sec %CPU K/sec %CPU K/sec %CPU  /sec %CPU
druid-0  2047 12893 32.8 13260  0.9  4746  0.5 12745 30.3 22188  0.6 105.7  0.0
== druid-0 : nocache bonnie reset 2 ==
Wed Oct 18 14:56:42 BST 2006
              -------Sequential Output-------- ---Sequential Input-- --Random--
              -Per Char- --Block--- -Rewrite-- -Per Char- --Block--- --Seeks---
Machine    MB K/sec %CPU K/sec %CPU K/sec %CPU K/sec %CPU K/sec %CPU  /sec %CPU
druid-0  2047 12862 30.3 13127  1.0  4690  0.6 12952 30.3 23396  1.1 111.4  0.0
== druid-0 : nocache bonnie reset 3 ==
Wed Oct 18 15:14:39 BST 2006
              -------Sequential Output-------- ---Sequential Input-- --Random--
              -Per Char- --Block--- -Rewrite-- -Per Char- --Block--- --Seeks---
Machine    MB K/sec %CPU K/sec %CPU K/sec %CPU K/sec %CPU K/sec %CPU  /sec %CPU
druid-0  2047 13038 33.8 14216  0.8  4797  0.5 12483 25.6 19631  0.3 114.4  0.0
== druid-0 : nocache bonnie reset 4 ==
Wed Oct 18 15:32:34 BST 2006
              -------Sequential Output-------- ---Sequential Input-- --Random--
              -Per Char- --Block--- -Rewrite-- -Per Char- --Block--- --Seeks---
Machine    MB K/sec %CPU K/sec %CPU K/sec %CPU K/sec %CPU K/sec %CPU  /sec %CPU
druid-0  2047 13334 34.6 12398  1.1  4762  0.5 12655 22.5 21709  0.6 109.2  0.0
== druid-0 : nocache bonnie reset 5 ==
Wed Oct 18 15:50:40 BST 2006
              -------Sequential Output-------- ---Sequential Input-- --Random--
              -Per Char- --Block--- -Rewrite-- -Per Char- --Block--- --Seeks---
Machine    MB K/sec %CPU K/sec %CPU K/sec %CPU K/sec %CPU K/sec %CPU  /sec %CPU
druid-0  2047 12865 36.4 13101  0.8  4892  0.6 13174 29.7 22733  1.2 106.5  0.0
== druid-0 : nocache bonnie reset 6 ==
Wed Oct 18 16:08:21 BST 2006
              -------Sequential Output-------- ---Sequential Input-- --Random--
              -Per Char- --Block--- -Rewrite-- -Per Char- --Block--- --Seeks---
Machine    MB K/sec %CPU K/sec %CPU K/sec %CPU K/sec %CPU K/sec %CPU  /sec %CPU
druid-0  2047 13213 30.0 13596  0.7  4741  0.5 12819 22.3 23620  1.1 103.3  0.0
== druid-0 : nocache bonnie reset 7 ==
Wed Oct 18 16:26:09 BST 2006
              -------Sequential Output-------- ---Sequential Input-- --Random--
              -Per Char- --Block--- -Rewrite-- -Per Char- --Block--- --Seeks---
Machine    MB K/sec %CPU K/sec %CPU K/sec %CPU K/sec %CPU K/sec %CPU  /sec %CPU
druid-0  2047 12505 33.6 12985  0.8  4785  0.7 13452 30.4 22346  0.8 109.2  0.0
== druid-0 : nocache bonnie reset 8 ==
Wed Oct 18 16:44:04 BST 2006
              -------Sequential Output-------- ---Sequential Input-- --Random--
              -Per Char- --Block--- -Rewrite-- -Per Char- --Block--- --Seeks---
Machine    MB K/sec %CPU K/sec %CPU K/sec %CPU K/sec %CPU K/sec %CPU  /sec %CPU
druid-0  2047 12685 34.1 13370  1.0  4684  0.6 13547 26.0 21113  0.4 105.6  0.0
== druid-0 : nocache bonnie reset 9 ==
Wed Oct 18 17:02:07 BST 2006
              -------Sequential Output-------- ---Sequential Input-- --Random--
              -Per Char- --Block--- -Rewrite-- -Per Char- --Block--- --Seeks---
Machine    MB K/sec %CPU K/sec %CPU K/sec %CPU K/sec %CPU K/sec %CPU  /sec %CPU
druid-0  2047 13724 34.6 13749  0.8  4770  0.6 12244 27.3 21761  1.5 107.7  0.0
== druid-0 : nocache rsync hot 0 ==
Fri Oct 20 21:23:39 BST 2006
0.70user 1.56system 1:10.10elapsed 3%CPU (0avgtext+0avgdata 0maxresident)k
0inputs+0outputs (0major+6453minor)pagefaults 0swaps
== druid-0 : nocache rsync hot 1 ==
Fri Oct 20 21:24:54 BST 2006
1.06user 2.38system 1:02.94elapsed 5%CPU (0avgtext+0avgdata 0maxresident)k
0inputs+0outputs (0major+6456minor)pagefaults 0swaps
== druid-0 : nocache rsync hot 2 ==
Fri Oct 20 21:26:03 BST 2006
0.95user 2.29system 1:05.47elapsed 4%CPU (0avgtext+0avgdata 0maxresident)k
0inputs+0outputs (0major+6457minor)pagefaults 0swaps
== druid-0 : nocache rsync hot 3 ==
Fri Oct 20 21:27:15 BST 2006
0.76user 1.20system 1:04.53elapsed 3%CPU (0avgtext+0avgdata 0maxresident)k
0inputs+0outputs (0major+6452minor)pagefaults 0swaps
== druid-0 : nocache rsync hot 4 ==
Fri Oct 20 21:28:26 BST 2006
0.64user 0.98system 1:09.19elapsed 2%CPU (0avgtext+0avgdata 0maxresident)k
0inputs+0outputs (0major+6455minor)pagefaults 0swaps
== druid-0 : nocache rsync hot 5 ==
Fri Oct 20 21:29:41 BST 2006
0.76user 1.90system 1:08.09elapsed 3%CPU (0avgtext+0avgdata 0maxresident)k
0inputs+0outputs (0major+6455minor)pagefaults 0swaps
== druid-0 : nocache rsync hot 6 ==
Fri Oct 20 21:30:57 BST 2006
0.82user 1.73system 1:11.33elapsed 3%CPU (0avgtext+0avgdata 0maxresident)k
0inputs+0outputs (0major+6452minor)pagefaults 0swaps
== druid-0 : nocache rsync hot 7 ==
Fri Oct 20 21:32:14 BST 2006
0.73user 1.43system 1:04.76elapsed 3%CPU (0avgtext+0avgdata 0maxresident)k
0inputs+0outputs (0major+6456minor)pagefaults 0swaps
== druid-0 : nocache rsync hot 8 ==
Fri Oct 20 21:33:25 BST 2006
0.78user 1.52system 1:04.63elapsed 3%CPU (0avgtext+0avgdata 0maxresident)k
0inputs+0outputs (0major+6453minor)pagefaults 0swaps
== druid-0 : nocache rsync hot 9 ==
Fri Oct 20 21:34:36 BST 2006
0.63user 1.11system 1:06.82elapsed 2%CPU (0avgtext+0avgdata 0maxresident)k
0inputs+0outputs (0major+6455minor)pagefaults 0swaps
== druid-1 : nocache untar reset 0 ==
Wed Oct 18 02:37:56 BST 2006
1.20user 1.63system 4:19.49elapsed 1%CPU (0avgtext+0avgdata 0maxresident)k
0inputs+0outputs (0major+488minor)pagefaults 0swaps
== druid-1 : nocache untar reset 1 ==
Wed Oct 18 02:42:28 BST 2006
1.26user 1.45system 4:24.76elapsed 1%CPU (0avgtext+0avgdata 0maxresident)k
0inputs+0outputs (0major+489minor)pagefaults 0swaps
== druid-1 : nocache untar reset 2 ==
Wed Oct 18 02:47:03 BST 2006
1.18user 1.56system 4:33.24elapsed 1%CPU (0avgtext+0avgdata 0maxresident)k
0inputs+0outputs (0major+488minor)pagefaults 0swaps
== druid-1 : nocache untar reset 3 ==
Wed Oct 18 02:51:50 BST 2006
1.06user 1.67system 4:33.11elapsed 1%CPU (0avgtext+0avgdata 0maxresident)k
0inputs+0outputs (0major+489minor)pagefaults 0swaps
== druid-1 : nocache untar reset 4 ==
Wed Oct 18 02:56:35 BST 2006
1.31user 1.62system 4:34.17elapsed 1%CPU (0avgtext+0avgdata 0maxresident)k
0inputs+0outputs (0major+489minor)pagefaults 0swaps
== druid-1 : nocache untar reset 5 ==
Wed Oct 18 03:01:22 BST 2006
1.22user 1.56system 4:34.86elapsed 1%CPU (0avgtext+0avgdata 0maxresident)k
0inputs+0outputs (0major+487minor)pagefaults 0swaps
== druid-1 : nocache untar reset 6 ==
Wed Oct 18 03:06:10 BST 2006
1.21user 1.50system 4:29.59elapsed 1%CPU (0avgtext+0avgdata 0maxresident)k
0inputs+0outputs (0major+488minor)pagefaults 0swaps
== druid-1 : nocache untar reset 7 ==
Wed Oct 18 03:10:53 BST 2006
1.21user 1.64system 4:30.56elapsed 1%CPU (0avgtext+0avgdata 0maxresident)k
0inputs+0outputs (0major+486minor)pagefaults 0swaps
== druid-1 : nocache untar reset 8 ==
Wed Oct 18 03:15:36 BST 2006
1.10user 1.58system 4:30.96elapsed 0%CPU (0avgtext+0avgdata 0maxresident)k
0inputs+0outputs (0major+488minor)pagefaults 0swaps
== druid-1 : nocache untar reset 9 ==
Wed Oct 18 03:20:22 BST 2006
1.18user 1.36system 4:31.15elapsed 0%CPU (0avgtext+0avgdata 0maxresident)k
0inputs+0outputs (0major+489minor)pagefaults 0swaps
== druid-1 : nocache tar warm 0 ==
Wed Oct 18 06:12:04 BST 2006
0.05user 0.90system 4:20.46elapsed 0%CPU (0avgtext+0avgdata 0maxresident)k
0inputs+0outputs (0major+277minor)pagefaults 0swaps
== druid-1 : nocache tar warm 1 ==
Wed Oct 18 06:16:32 BST 2006
0.04user 0.90system 4:17.34elapsed 0%CPU (0avgtext+0avgdata 0maxresident)k
0inputs+0outputs (0major+278minor)pagefaults 0swaps
== druid-1 : nocache tar warm 2 ==
Wed Oct 18 06:20:56 BST 2006
0.06user 0.94system 4:18.52elapsed 0%CPU (0avgtext+0avgdata 0maxresident)k
0inputs+0outputs (0major+279minor)pagefaults 0swaps
== druid-1 : nocache tar warm 3 ==
Wed Oct 18 06:25:21 BST 2006
0.06user 0.92system 4:18.02elapsed 0%CPU (0avgtext+0avgdata 0maxresident)k
0inputs+0outputs (0major+277minor)pagefaults 0swaps
== druid-1 : nocache tar warm 4 ==
Wed Oct 18 06:29:45 BST 2006
0.07user 0.92system 4:20.65elapsed 0%CPU (0avgtext+0avgdata 0maxresident)k
0inputs+0outputs (0major+277minor)pagefaults 0swaps
== druid-1 : nocache tar warm 5 ==
Wed Oct 18 06:34:13 BST 2006
0.05user 0.82system 4:18.09elapsed 0%CPU (0avgtext+0avgdata 0maxresident)k
0inputs+0outputs (0major+278minor)pagefaults 0swaps
== druid-1 : nocache tar warm 6 ==
Wed Oct 18 06:38:37 BST 2006
0.04user 0.87system 4:20.07elapsed 0%CPU (0avgtext+0avgdata 0maxresident)k
0inputs+0outputs (0major+277minor)pagefaults 0swaps
== druid-1 : nocache tar warm 7 ==
Wed Oct 18 06:43:04 BST 2006
0.02user 0.80system 4:19.05elapsed 0%CPU (0avgtext+0avgdata 0maxresident)k
0inputs+0outputs (0major+277minor)pagefaults 0swaps
== druid-1 : nocache tar warm 8 ==
Wed Oct 18 06:47:29 BST 2006
0.04user 0.83system 4:22.82elapsed 0%CPU (0avgtext+0avgdata 0maxresident)k
0inputs+0outputs (0major+277minor)pagefaults 0swaps
== druid-1 : nocache tar warm 9 ==
Wed Oct 18 06:51:58 BST 2006
0.03user 0.86system 4:16.40elapsed 0%CPU (0avgtext+0avgdata 0maxresident)k
0inputs+0outputs (0major+278minor)pagefaults 0swaps
== druid-1 : nocache tar hot 0 ==
Wed Oct 18 09:09:40 BST 2006
0.06user 1.10system 2:07.18elapsed 0%CPU (0avgtext+0avgdata 0maxresident)k
0inputs+0outputs (0major+277minor)pagefaults 0swaps
== druid-1 : nocache tar hot 1 ==
Wed Oct 18 09:11:53 BST 2006
0.07user 1.04system 2:08.83elapsed 0%CPU (0avgtext+0avgdata 0maxresident)k
0inputs+0outputs (0major+277minor)pagefaults 0swaps
== druid-1 : nocache tar hot 2 ==
Wed Oct 18 09:14:07 BST 2006
0.08user 1.17system 2:08.62elapsed 0%CPU (0avgtext+0avgdata 0maxresident)k
0inputs+0outputs (0major+277minor)pagefaults 0swaps
== druid-1 : nocache tar hot 3 ==
Wed Oct 18 09:16:22 BST 2006
0.08user 1.24system 2:09.03elapsed 1%CPU (0avgtext+0avgdata 0maxresident)k
0inputs+0outputs (0major+277minor)pagefaults 0swaps
== druid-1 : nocache tar hot 4 ==
Wed Oct 18 09:18:38 BST 2006
0.08user 1.11system 2:10.53elapsed 0%CPU (0avgtext+0avgdata 0maxresident)k
0inputs+0outputs (0major+278minor)pagefaults 0swaps
== druid-1 : nocache tar hot 5 ==
Wed Oct 18 09:20:54 BST 2006
0.10user 1.26system 2:09.79elapsed 1%CPU (0avgtext+0avgdata 0maxresident)k
0inputs+0outputs (0major+277minor)pagefaults 0swaps
== druid-1 : nocache tar hot 6 ==
Wed Oct 18 09:23:10 BST 2006
0.11user 1.25system 2:08.58elapsed 1%CPU (0avgtext+0avgdata 0maxresident)k
0inputs+0outputs (0major+277minor)pagefaults 0swaps
== druid-1 : nocache tar hot 7 ==
Wed Oct 18 09:25:24 BST 2006
0.10user 1.40system 2:08.53elapsed 1%CPU (0avgtext+0avgdata 0maxresident)k
0inputs+0outputs (0major+277minor)pagefaults 0swaps
== druid-1 : nocache tar hot 8 ==
Wed Oct 18 09:27:38 BST 2006
0.04user 1.14system 2:08.00elapsed 0%CPU (0avgtext+0avgdata 0maxresident)k
0inputs+0outputs (0major+278minor)pagefaults 0swaps
== druid-1 : nocache tar hot 9 ==
Wed Oct 18 09:29:53 BST 2006
0.04user 1.00system 2:09.92elapsed 0%CPU (0avgtext+0avgdata 0maxresident)k
0inputs+0outputs (0major+277minor)pagefaults 0swaps
== druid-1 : nocache rsync warm 0 ==
Wed Oct 18 11:10:51 BST 2006
0.44user 0.90system 2:48.00elapsed 0%CPU (0avgtext+0avgdata 0maxresident)k
0inputs+0outputs (0major+6452minor)pagefaults 0swaps
== druid-1 : nocache rsync warm 1 ==
Wed Oct 18 11:13:47 BST 2006
0.39user 0.86system 2:48.30elapsed 0%CPU (0avgtext+0avgdata 0maxresident)k
0inputs+0outputs (0major+6455minor)pagefaults 0swaps
== druid-1 : nocache rsync warm 2 ==
Wed Oct 18 11:16:42 BST 2006
0.41user 0.75system 2:49.36elapsed 0%CPU (0avgtext+0avgdata 0maxresident)k
0inputs+0outputs (0major+6452minor)pagefaults 0swaps
== druid-1 : nocache rsync warm 3 ==
Wed Oct 18 11:19:39 BST 2006
0.40user 0.81system 2:47.02elapsed 0%CPU (0avgtext+0avgdata 0maxresident)k
0inputs+0outputs (0major+6452minor)pagefaults 0swaps
== druid-1 : nocache rsync warm 4 ==
Wed Oct 18 11:22:33 BST 2006
0.41user 0.68system 2:46.00elapsed 0%CPU (0avgtext+0avgdata 0maxresident)k
0inputs+0outputs (0major+6452minor)pagefaults 0swaps
== druid-1 : nocache rsync warm 5 ==
Wed Oct 18 11:25:26 BST 2006
0.37user 0.86system 2:48.64elapsed 0%CPU (0avgtext+0avgdata 0maxresident)k
0inputs+0outputs (0major+6455minor)pagefaults 0swaps
== druid-1 : nocache rsync warm 6 ==
Wed Oct 18 11:28:22 BST 2006
0.37user 0.78system 2:49.69elapsed 0%CPU (0avgtext+0avgdata 0maxresident)k
0inputs+0outputs (0major+6454minor)pagefaults 0swaps
== druid-1 : nocache rsync warm 7 ==
Wed Oct 18 11:31:19 BST 2006
0.38user 0.88system 2:46.73elapsed 0%CPU (0avgtext+0avgdata 0maxresident)k
0inputs+0outputs (0major+6453minor)pagefaults 0swaps
== druid-1 : nocache rsync warm 8 ==
Wed Oct 18 11:34:13 BST 2006
0.49user 0.81system 2:57.45elapsed 0%CPU (0avgtext+0avgdata 0maxresident)k
0inputs+0outputs (0major+6452minor)pagefaults 0swaps
== druid-1 : nocache rsync warm 9 ==
Wed Oct 18 11:37:17 BST 2006
0.33user 0.74system 2:46.41elapsed 0%CPU (0avgtext+0avgdata 0maxresident)k
0inputs+0outputs (0major+6457minor)pagefaults 0swaps
== druid-1 : nocache rsync hot 0 ==
Wed Oct 18 13:10:05 BST 2006
0.40user 0.76system 1:34.37elapsed 1%CPU (0avgtext+0avgdata 0maxresident)k
0inputs+0outputs (0major+6454minor)pagefaults 0swaps
== druid-1 : nocache rsync hot 1 ==
Wed Oct 18 13:11:45 BST 2006
0.62user 1.06system 1:36.70elapsed 1%CPU (0avgtext+0avgdata 0maxresident)k
0inputs+0outputs (0major+6452minor)pagefaults 0swaps
== druid-1 : nocache rsync hot 2 ==
Wed Oct 18 13:13:28 BST 2006
0.56user 0.88system 1:36.28elapsed 1%CPU (0avgtext+0avgdata 0maxresident)k
0inputs+0outputs (0major+6455minor)pagefaults 0swaps
== druid-1 : nocache rsync hot 3 ==
Wed Oct 18 13:15:11 BST 2006
0.58user 1.04system 1:35.93elapsed 1%CPU (0avgtext+0avgdata 0maxresident)k
0inputs+0outputs (0major+6452minor)pagefaults 0swaps
== druid-1 : nocache rsync hot 4 ==
Wed Oct 18 13:16:52 BST 2006
0.46user 1.01system 1:34.49elapsed 1%CPU (0avgtext+0avgdata 0maxresident)k
0inputs+0outputs (0major+6452minor)pagefaults 0swaps
== druid-1 : nocache rsync hot 5 ==
Wed Oct 18 13:18:33 BST 2006
0.48user 0.84system 1:34.48elapsed 1%CPU (0avgtext+0avgdata 0maxresident)k
0inputs+0outputs (0major+6455minor)pagefaults 0swaps
== druid-1 : nocache rsync hot 6 ==
Wed Oct 18 13:20:14 BST 2006
0.59user 1.07system 1:33.89elapsed 1%CPU (0avgtext+0avgdata 0maxresident)k
0inputs+0outputs (0major+6456minor)pagefaults 0swaps
== druid-1 : nocache rsync hot 7 ==
Wed Oct 18 13:21:53 BST 2006
0.44user 0.86system 1:35.60elapsed 1%CPU (0avgtext+0avgdata 0maxresident)k
0inputs+0outputs (0major+6457minor)pagefaults 0swaps
== druid-1 : nocache rsync hot 8 ==
Wed Oct 18 13:23:35 BST 2006
0.50user 0.97system 1:35.29elapsed 1%CPU (0avgtext+0avgdata 0maxresident)k
0inputs+0outputs (0major+6454minor)pagefaults 0swaps
== druid-1 : nocache rsync hot 9 ==
Wed Oct 18 13:25:16 BST 2006
0.52user 0.88system 1:45.43elapsed 1%CPU (0avgtext+0avgdata 0maxresident)k
0inputs+0outputs (0major+6454minor)pagefaults 0swaps
== druid-1 : nocache bonnie reset 0 ==
Wed Oct 18 17:19:56 BST 2006
              -------Sequential Output-------- ---Sequential Input-- --Random--
              -Per Char- --Block--- -Rewrite-- -Per Char- --Block--- --Seeks---
Machine    MB K/sec %CPU K/sec %CPU K/sec %CPU K/sec %CPU K/sec %CPU  /sec %CPU
druid-1  2047 12551 21.7 13927  0.2  4230  0.1 10358 17.8 17055  0.3 106.2  0.0
== druid-1 : nocache bonnie reset 1 ==
Wed Oct 18 17:39:53 BST 2006
              -------Sequential Output-------- ---Sequential Input-- --Random--
              -Per Char- --Block--- -Rewrite-- -Per Char- --Block--- --Seeks---
Machine    MB K/sec %CPU K/sec %CPU K/sec %CPU K/sec %CPU K/sec %CPU  /sec %CPU
druid-1  2047 11925 20.6 12492  0.2  4185  0.1 10980 18.8 16016  0.3 111.1  0.0
== druid-1 : nocache bonnie reset 2 ==
Wed Oct 18 18:00:15 BST 2006
              -------Sequential Output-------- ---Sequential Input-- --Random--
              -Per Char- --Block--- -Rewrite-- -Per Char- --Block--- --Seeks---
Machine    MB K/sec %CPU K/sec %CPU K/sec %CPU K/sec %CPU K/sec %CPU  /sec %CPU
druid-1  2047 13431 21.4 12836  0.2  4210  0.1 10347 18.9 17363  0.3 107.0  0.0
== druid-1 : nocache bonnie reset 3 ==
Wed Oct 18 18:20:12 BST 2006
              -------Sequential Output-------- ---Sequential Input-- --Random--
              -Per Char- --Block--- -Rewrite-- -Per Char- --Block--- --Seeks---
Machine    MB K/sec %CPU K/sec %CPU K/sec %CPU K/sec %CPU K/sec %CPU  /sec %CPU
druid-1  2047 12675 20.8 13389  0.2  4252  0.1 10524 20.0 16699  0.3 102.2  0.0
== druid-1 : nocache bonnie reset 4 ==
Wed Oct 18 18:40:11 BST 2006
              -------Sequential Output-------- ---Sequential Input-- --Random--
              -Per Char- --Block--- -Rewrite-- -Per Char- --Block--- --Seeks---
Machine    MB K/sec %CPU K/sec %CPU K/sec %CPU K/sec %CPU K/sec %CPU  /sec %CPU
druid-1  2047 12859 20.5 12999  0.2  4230  0.1 11361 21.9 14902  0.2  97.5  0.0
== druid-1 : nocache bonnie reset 5 ==
Wed Oct 18 19:00:15 BST 2006
              -------Sequential Output-------- ---Sequential Input-- --Random--
              -Per Char- --Block--- -Rewrite-- -Per Char- --Block--- --Seeks---
Machine    MB K/sec %CPU K/sec %CPU K/sec %CPU K/sec %CPU K/sec %CPU  /sec %CPU
druid-1  2047 12881 22.9 13099  0.1  4156  0.2 10793 19.2 16821  0.3 101.6  0.0
== druid-1 : nocache bonnie reset 6 ==
Wed Oct 18 19:20:21 BST 2006
              -------Sequential Output-------- ---Sequential Input-- --Random--
              -Per Char- --Block--- -Rewrite-- -Per Char- --Block--- --Seeks---
Machine    MB K/sec %CPU K/sec %CPU K/sec %CPU K/sec %CPU K/sec %CPU  /sec %CPU
druid-1  2047 12304 24.0 12218  0.2  4260  0.1 11229 19.9 15912  0.3 108.6  0.0
== druid-1 : nocache bonnie reset 7 ==
Wed Oct 18 19:40:31 BST 2006
              -------Sequential Output-------- ---Sequential Input-- --Random--
              -Per Char- --Block--- -Rewrite-- -Per Char- --Block--- --Seeks---
Machine    MB K/sec %CPU K/sec %CPU K/sec %CPU K/sec %CPU K/sec %CPU  /sec %CPU
druid-1  2047 12631 23.9 12655  0.1  4338  0.1 10970 19.8 15904  0.3  98.3  0.0
== druid-1 : nocache bonnie reset 8 ==
Wed Oct 18 20:00:30 BST 2006
              -------Sequential Output-------- ---Sequential Input-- --Random--
              -Per Char- --Block--- -Rewrite-- -Per Char- --Block--- --Seeks---
Machine    MB K/sec %CPU K/sec %CPU K/sec %CPU K/sec %CPU K/sec %CPU  /sec %CPU
druid-1  2047 12797 24.9 13458  0.1  4160  0.1 10718 18.4 17125  0.3 108.1  0.0
== druid-1 : nocache bonnie reset 9 ==
Wed Oct 18 20:20:27 BST 2006
              -------Sequential Output-------- ---Sequential Input-- --Random--
              -Per Char- --Block--- -Rewrite-- -Per Char- --Block--- --Seeks---
Machine    MB K/sec %CPU K/sec %CPU K/sec %CPU K/sec %CPU K/sec %CPU  /sec %CPU
druid-1  2047 12859 21.1 12517  0.2  4090  0.1 10335 18.1 16955  0.2 100.0  0.0
== skiing-0 : nocache untar reset 0 ==
Wed Oct 18 03:19:08 BST 2006
0.34user 0.58system 6:06.65elapsed 0%CPU (0avgtext+0avgdata 0maxresident)k
0inputs+0outputs (1major+486minor)pagefaults 0swaps
== skiing-0 : nocache untar reset 1 ==
Wed Oct 18 03:25:26 BST 2006
0.28user 0.43system 5:59.69elapsed 0%CPU (0avgtext+0avgdata 0maxresident)k
0inputs+0outputs (0major+488minor)pagefaults 0swaps
== skiing-0 : nocache untar reset 2 ==
Wed Oct 18 03:31:35 BST 2006
0.22user 0.49system 6:04.76elapsed 0%CPU (0avgtext+0avgdata 0maxresident)k
0inputs+0outputs (0major+488minor)pagefaults 0swaps
== skiing-0 : nocache untar reset 3 ==
Wed Oct 18 03:37:53 BST 2006
0.39user 0.30system 5:59.30elapsed 0%CPU (0avgtext+0avgdata 0maxresident)k
0inputs+0outputs (0major+488minor)pagefaults 0swaps
== skiing-0 : nocache untar reset 4 ==
Wed Oct 18 03:44:03 BST 2006
0.32user 0.30system 6:00.90elapsed 0%CPU (0avgtext+0avgdata 0maxresident)k
0inputs+0outputs (0major+486minor)pagefaults 0swaps
== skiing-0 : nocache untar reset 5 ==
Wed Oct 18 03:50:14 BST 2006
0.34user 0.31system 6:06.62elapsed 0%CPU (0avgtext+0avgdata 0maxresident)k
0inputs+0outputs (0major+486minor)pagefaults 0swaps
== skiing-0 : nocache untar reset 6 ==
Wed Oct 18 03:56:31 BST 2006
0.32user 0.71system 6:01.33elapsed 0%CPU (0avgtext+0avgdata 0maxresident)k
0inputs+0outputs (0major+486minor)pagefaults 0swaps
== skiing-0 : nocache untar reset 7 ==
Wed Oct 18 04:02:43 BST 2006
0.32user 0.42system 6:01.29elapsed 0%CPU (0avgtext+0avgdata 0maxresident)k
0inputs+0outputs (0major+488minor)pagefaults 0swaps
== skiing-0 : nocache untar reset 8 ==
Wed Oct 18 04:08:54 BST 2006
0.26user 0.91system 6:11.49elapsed 0%CPU (0avgtext+0avgdata 0maxresident)k
0inputs+0outputs (0major+488minor)pagefaults 0swaps
== skiing-0 : nocache untar reset 9 ==
Wed Oct 18 04:15:16 BST 2006
0.43user 0.39system 6:06.74elapsed 0%CPU (0avgtext+0avgdata 0maxresident)k
0inputs+0outputs (0major+487minor)pagefaults 0swaps
== skiing-0 : nocache tar warm 0 ==
Wed Oct 18 06:50:20 BST 2006
0.00user 0.16system 5:25.33elapsed 0%CPU (0avgtext+0avgdata 0maxresident)k
0inputs+0outputs (0major+276minor)pagefaults 0swaps
== skiing-0 : nocache tar warm 1 ==
Wed Oct 18 06:55:52 BST 2006
0.04user 0.67system 5:19.50elapsed 0%CPU (0avgtext+0avgdata 0maxresident)k
0inputs+0outputs (0major+276minor)pagefaults 0swaps
== skiing-0 : nocache tar warm 2 ==
Wed Oct 18 07:01:19 BST 2006
0.00user 0.14system 5:26.30elapsed 0%CPU (0avgtext+0avgdata 0maxresident)k
0inputs+0outputs (0major+276minor)pagefaults 0swaps
== skiing-0 : nocache tar warm 3 ==
Wed Oct 18 07:06:51 BST 2006
0.00user 0.16system 5:28.98elapsed 0%CPU (0avgtext+0avgdata 0maxresident)k
0inputs+0outputs (0major+276minor)pagefaults 0swaps
== skiing-0 : nocache tar warm 4 ==
Wed Oct 18 07:12:27 BST 2006
0.00user 0.20system 5:26.61elapsed 0%CPU (0avgtext+0avgdata 0maxresident)k
0inputs+0outputs (0major+276minor)pagefaults 0swaps
== skiing-0 : nocache tar warm 5 ==
Wed Oct 18 07:17:59 BST 2006
0.01user 0.50system 5:27.27elapsed 0%CPU (0avgtext+0avgdata 0maxresident)k
0inputs+0outputs (0major+277minor)pagefaults 0swaps
== skiing-0 : nocache tar warm 6 ==
Wed Oct 18 07:23:34 BST 2006
0.00user 0.50system 5:28.92elapsed 0%CPU (0avgtext+0avgdata 0maxresident)k
0inputs+0outputs (0major+277minor)pagefaults 0swaps
== skiing-0 : nocache tar warm 7 ==
Wed Oct 18 07:29:10 BST 2006
0.02user 0.23system 5:30.18elapsed 0%CPU (0avgtext+0avgdata 0maxresident)k
0inputs+0outputs (0major+276minor)pagefaults 0swaps
== skiing-0 : nocache tar warm 8 ==
Wed Oct 18 07:34:47 BST 2006
0.00user 0.19system 5:28.69elapsed 0%CPU (0avgtext+0avgdata 0maxresident)k
0inputs+0outputs (0major+276minor)pagefaults 0swaps
== skiing-0 : nocache tar warm 9 ==
Wed Oct 18 07:40:21 BST 2006
0.00user 0.15system 5:28.68elapsed 0%CPU (0avgtext+0avgdata 0maxresident)k
0inputs+0outputs (0major+276minor)pagefaults 0swaps
== skiing-0 : nocache tar hot 0 ==
Wed Oct 18 09:26:06 BST 2006
0.00user 0.22system 3:25.70elapsed 0%CPU (0avgtext+0avgdata 0maxresident)k
0inputs+0outputs (0major+276minor)pagefaults 0swaps
== skiing-0 : nocache tar hot 1 ==
Wed Oct 18 09:29:38 BST 2006
0.03user 0.72system 3:17.33elapsed 0%CPU (0avgtext+0avgdata 0maxresident)k
0inputs+0outputs (0major+276minor)pagefaults 0swaps
== skiing-0 : nocache tar hot 2 ==
Wed Oct 18 09:33:01 BST 2006
0.00user 0.14system 3:24.33elapsed 0%CPU (0avgtext+0avgdata 0maxresident)k
0inputs+0outputs (0major+277minor)pagefaults 0swaps
== skiing-0 : nocache tar hot 3 ==
Wed Oct 18 09:36:30 BST 2006
0.00user 0.26system 3:27.88elapsed 0%CPU (0avgtext+0avgdata 0maxresident)k
0inputs+0outputs (0major+276minor)pagefaults 0swaps
== skiing-0 : nocache tar hot 4 ==
Wed Oct 18 09:40:03 BST 2006
0.00user 0.21system 3:21.82elapsed 0%CPU (0avgtext+0avgdata 0maxresident)k
0inputs+0outputs (0major+277minor)pagefaults 0swaps
== skiing-0 : nocache tar hot 5 ==
Wed Oct 18 09:43:31 BST 2006
0.00user 0.42system 3:26.22elapsed 0%CPU (0avgtext+0avgdata 0maxresident)k
0inputs+0outputs (0major+276minor)pagefaults 0swaps
== skiing-0 : nocache tar hot 6 ==
Wed Oct 18 09:47:04 BST 2006
0.00user 0.09system 3:21.40elapsed 0%CPU (0avgtext+0avgdata 0maxresident)k
0inputs+0outputs (0major+276minor)pagefaults 0swaps
== skiing-0 : nocache tar hot 7 ==
Wed Oct 18 09:50:31 BST 2006
0.02user 0.79system 3:22.82elapsed 0%CPU (0avgtext+0avgdata 0maxresident)k
0inputs+0outputs (0major+276minor)pagefaults 0swaps
== skiing-0 : nocache tar hot 8 ==
Wed Oct 18 09:53:58 BST 2006
0.00user 0.16system 3:23.09elapsed 0%CPU (0avgtext+0avgdata 0maxresident)k
0inputs+0outputs (0major+276minor)pagefaults 0swaps
== skiing-0 : nocache tar hot 9 ==
Wed Oct 18 09:57:27 BST 2006
0.02user 0.17system 3:24.20elapsed 0%CPU (0avgtext+0avgdata 0maxresident)k
0inputs+0outputs (0major+277minor)pagefaults 0swaps
== skiing-0 : nocache rsync warm 0 ==
Wed Oct 18 11:34:09 BST 2006
0.11user 0.16system 3:27.58elapsed 0%CPU (0avgtext+0avgdata 0maxresident)k
0inputs+0outputs (3major+6449minor)pagefaults 0swaps
== skiing-0 : nocache rsync warm 1 ==
Wed Oct 18 11:37:43 BST 2006
0.23user 0.27system 3:31.65elapsed 0%CPU (0avgtext+0avgdata 0maxresident)k
0inputs+0outputs (0major+6454minor)pagefaults 0swaps
== skiing-0 : nocache rsync warm 2 ==
Wed Oct 18 11:41:20 BST 2006
0.10user 0.12system 3:30.59elapsed 0%CPU (0avgtext+0avgdata 0maxresident)k
0inputs+0outputs (0major+6453minor)pagefaults 0swaps
== skiing-0 : nocache rsync warm 3 ==
Wed Oct 18 11:44:58 BST 2006
0.11user 0.39system 3:35.48elapsed 0%CPU (0avgtext+0avgdata 0maxresident)k
0inputs+0outputs (0major+6453minor)pagefaults 0swaps
== skiing-0 : nocache rsync warm 4 ==
Wed Oct 18 11:48:40 BST 2006
0.14user 0.21system 3:32.69elapsed 0%CPU (0avgtext+0avgdata 0maxresident)k
0inputs+0outputs (0major+6454minor)pagefaults 0swaps
== skiing-0 : nocache rsync warm 5 ==
Wed Oct 18 11:52:20 BST 2006
0.12user 0.24system 3:33.18elapsed 0%CPU (0avgtext+0avgdata 0maxresident)k
0inputs+0outputs (0major+6452minor)pagefaults 0swaps
== skiing-0 : nocache rsync warm 6 ==
Wed Oct 18 11:56:02 BST 2006
0.08user 0.15system 3:30.32elapsed 0%CPU (0avgtext+0avgdata 0maxresident)k
0inputs+0outputs (0major+6453minor)pagefaults 0swaps
== skiing-0 : nocache rsync warm 7 ==
Wed Oct 18 11:59:39 BST 2006
0.14user 0.26system 3:32.81elapsed 0%CPU (0avgtext+0avgdata 0maxresident)k
0inputs+0outputs (0major+6456minor)pagefaults 0swaps
== skiing-0 : nocache rsync warm 8 ==
Wed Oct 18 12:03:18 BST 2006
0.18user 0.34system 3:32.26elapsed 0%CPU (0avgtext+0avgdata 0maxresident)k
0inputs+0outputs (0major+6455minor)pagefaults 0swaps
== skiing-0 : nocache rsync warm 9 ==
Wed Oct 18 12:06:57 BST 2006
0.09user 0.13system 3:29.33elapsed 0%CPU (0avgtext+0avgdata 0maxresident)k
0inputs+0outputs (0major+6455minor)pagefaults 0swaps
== skiing-0 : nocache rsync hot 0 ==
Wed Oct 18 13:21:08 BST 2006
0.18user 0.32system 2:22.55elapsed 0%CPU (0avgtext+0avgdata 0maxresident)k
0inputs+0outputs (0major+6457minor)pagefaults 0swaps
== skiing-0 : nocache rsync hot 1 ==
Wed Oct 18 13:23:36 BST 2006
0.12user 0.11system 2:23.06elapsed 0%CPU (0avgtext+0avgdata 0maxresident)k
0inputs+0outputs (0major+6454minor)pagefaults 0swaps
== skiing-0 : nocache rsync hot 2 ==
Wed Oct 18 13:26:05 BST 2006
0.11user 0.13system 2:21.89elapsed 0%CPU (0avgtext+0avgdata 0maxresident)k
0inputs+0outputs (0major+6457minor)pagefaults 0swaps
== skiing-0 : nocache rsync hot 3 ==
Wed Oct 18 13:28:33 BST 2006
0.12user 0.32system 2:23.87elapsed 0%CPU (0avgtext+0avgdata 0maxresident)k
0inputs+0outputs (0major+6456minor)pagefaults 0swaps
== skiing-0 : nocache rsync hot 4 ==
Wed Oct 18 13:31:03 BST 2006
0.10user 0.12system 2:22.46elapsed 0%CPU (0avgtext+0avgdata 0maxresident)k
0inputs+0outputs (0major+6454minor)pagefaults 0swaps
== skiing-0 : nocache rsync hot 5 ==
Wed Oct 18 13:33:32 BST 2006
0.17user 0.24system 2:21.79elapsed 0%CPU (0avgtext+0avgdata 0maxresident)k
0inputs+0outputs (0major+6452minor)pagefaults 0swaps
== skiing-0 : nocache rsync hot 6 ==
Wed Oct 18 13:35:59 BST 2006
0.12user 0.28system 2:24.25elapsed 0%CPU (0avgtext+0avgdata 0maxresident)k
0inputs+0outputs (0major+6452minor)pagefaults 0swaps
== skiing-0 : nocache rsync hot 7 ==
Wed Oct 18 13:38:28 BST 2006
0.15user 0.38system 2:25.44elapsed 0%CPU (0avgtext+0avgdata 0maxresident)k
0inputs+0outputs (0major+6456minor)pagefaults 0swaps
== skiing-0 : nocache rsync hot 8 ==
Wed Oct 18 13:40:58 BST 2006
0.13user 0.25system 2:22.96elapsed 0%CPU (0avgtext+0avgdata 0maxresident)k
0inputs+0outputs (0major+6452minor)pagefaults 0swaps
== skiing-0 : nocache rsync hot 9 ==
Wed Oct 18 13:43:28 BST 2006
0.24user 1.10system 2:25.18elapsed 0%CPU (0avgtext+0avgdata 0maxresident)k
0inputs+0outputs (0major+6457minor)pagefaults 0swaps
== skiing-0 : nocache bonnie reset 0 ==
Wed Oct 18 20:34:58 BST 2006
              -------Sequential Output-------- ---Sequential Input-- --Random--
              -Per Char- --Block--- -Rewrite-- -Per Char- --Block--- --Seeks---
Machine    MB K/sec %CPU K/sec %CPU K/sec %CPU K/sec %CPU K/sec %CPU  /sec %CPU
skiing-0 2047 13943 12.8 12196  0.4  3984  0.1 12175  7.4 11120  0.0 106.8  0.0
== skiing-0 : nocache bonnie reset 1 ==
Wed Oct 18 20:56:06 BST 2006
              -------Sequential Output-------- ---Sequential Input-- --Random--
              -Per Char- --Block--- -Rewrite-- -Per Char- --Block--- --Seeks---
Machine    MB K/sec %CPU K/sec %CPU K/sec %CPU K/sec %CPU K/sec %CPU  /sec %CPU
skiing-0 2047 12650 10.5 12051  0.4  4102  0.1 13358 12.2 15690  0.2 105.5  0.0
== skiing-0 : nocache bonnie reset 2 ==
Wed Oct 18 21:16:06 BST 2006
              -------Sequential Output-------- ---Sequential Input-- --Random--
              -Per Char- --Block--- -Rewrite-- -Per Char- --Block--- --Seeks---
Machine    MB K/sec %CPU K/sec %CPU K/sec %CPU K/sec %CPU K/sec %CPU  /sec %CPU
skiing-0 2047 13002  8.7 13710  0.2  4046  0.2 12577 11.7 16529  0.2 112.4  0.0
== skiing-0 : nocache bonnie reset 3 ==
Wed Oct 18 21:35:47 BST 2006
              -------Sequential Output-------- ---Sequential Input-- --Random--
              -Per Char- --Block--- -Rewrite-- -Per Char- --Block--- --Seeks---
Machine    MB K/sec %CPU K/sec %CPU K/sec %CPU K/sec %CPU K/sec %CPU  /sec %CPU
skiing-0 2047 12435 10.4 13725  0.2  4057  0.1 12171  8.5 15144  0.1 109.3  0.0
== skiing-0 : nocache bonnie reset 4 ==
Wed Oct 18 21:55:51 BST 2006
              -------Sequential Output-------- ---Sequential Input-- --Random--
              -Per Char- --Block--- -Rewrite-- -Per Char- --Block--- --Seeks---
Machine    MB K/sec %CPU K/sec %CPU K/sec %CPU K/sec %CPU K/sec %CPU  /sec %CPU
skiing-0 2047 13225 10.5 11986  0.3  3980  0.1 12151 10.8 16011  0.1 110.3  0.0
== skiing-0 : nocache bonnie reset 5 ==
Wed Oct 18 22:16:11 BST 2006
              -------Sequential Output-------- ---Sequential Input-- --Random--
              -Per Char- --Block--- -Rewrite-- -Per Char- --Block--- --Seeks---
Machine    MB K/sec %CPU K/sec %CPU K/sec %CPU K/sec %CPU K/sec %CPU  /sec %CPU
skiing-0 2047 12668 10.9 12808  0.2  4153  0.2 13347  9.8 16116  0.1 108.6  0.0
== skiing-0 : nocache bonnie reset 6 ==
Wed Oct 18 22:35:49 BST 2006
              -------Sequential Output-------- ---Sequential Input-- --Random--
              -Per Char- --Block--- -Rewrite-- -Per Char- --Block--- --Seeks---
Machine    MB K/sec %CPU K/sec %CPU K/sec %CPU K/sec %CPU K/sec %CPU  /sec %CPU
skiing-0 2047 13382  8.1 12519  0.4  3916  0.1 12931 11.8 15546  0.1 107.9  0.0
== skiing-0 : nocache bonnie reset 7 ==
Wed Oct 18 22:56:03 BST 2006
              -------Sequential Output-------- ---Sequential Input-- --Random--
              -Per Char- --Block--- -Rewrite-- -Per Char- --Block--- --Seeks---
Machine    MB K/sec %CPU K/sec %CPU K/sec %CPU K/sec %CPU K/sec %CPU  /sec %CPU
skiing-0 2047 12285  8.1 11400  0.1  4079  0.1 12889 11.9 15897  0.1 105.0  0.0
== skiing-0 : nocache bonnie reset 8 ==
Wed Oct 18 23:16:25 BST 2006
              -------Sequential Output-------- ---Sequential Input-- --Random--
              -Per Char- --Block--- -Rewrite-- -Per Char- --Block--- --Seeks---
Machine    MB K/sec %CPU K/sec %CPU K/sec %CPU K/sec %CPU K/sec %CPU  /sec %CPU
skiing-0 2047 12228  9.5 12520  0.2  4052  0.1 12160  8.8 15505  0.1 108.8  0.0
== skiing-0 : nocache bonnie reset 9 ==
Wed Oct 18 23:36:47 BST 2006
              -------Sequential Output-------- ---Sequential Input-- --Random--
              -Per Char- --Block--- -Rewrite-- -Per Char- --Block--- --Seeks---
Machine    MB K/sec %CPU K/sec %CPU K/sec %CPU K/sec %CPU K/sec %CPU  /sec %CPU
skiing-0 2047 11826  8.6 12569  0.3  3966  0.1 11952 10.8 15854  0.1 105.2  0.0
== skiing-1 : nocache untar reset 0 ==
Wed Oct 18 04:21:33 BST 2006
0.22user 0.39system 6:46.97elapsed 0%CPU (0avgtext+0avgdata 0maxresident)k
0inputs+0outputs (0major+488minor)pagefaults 0swaps
== skiing-1 : nocache untar reset 1 ==
Wed Oct 18 04:28:30 BST 2006
0.24user 0.34system 6:39.59elapsed 0%CPU (0avgtext+0avgdata 0maxresident)k
0inputs+0outputs (0major+489minor)pagefaults 0swaps
== skiing-1 : nocache untar reset 2 ==
Wed Oct 18 04:35:21 BST 2006
0.20user 0.26system 6:41.98elapsed 0%CPU (0avgtext+0avgdata 0maxresident)k
0inputs+0outputs (0major+487minor)pagefaults 0swaps
== skiing-1 : nocache untar reset 3 ==
Wed Oct 18 04:42:14 BST 2006
0.23user 0.35system 6:44.01elapsed 0%CPU (0avgtext+0avgdata 0maxresident)k
0inputs+0outputs (0major+487minor)pagefaults 0swaps
== skiing-1 : nocache untar reset 4 ==
Wed Oct 18 04:49:09 BST 2006
0.19user 0.30system 6:45.89elapsed 0%CPU (0avgtext+0avgdata 0maxresident)k
0inputs+0outputs (0major+488minor)pagefaults 0swaps
== skiing-1 : nocache untar reset 5 ==
Wed Oct 18 04:56:07 BST 2006
0.28user 0.34system 6:45.51elapsed 0%CPU (0avgtext+0avgdata 0maxresident)k
0inputs+0outputs (0major+489minor)pagefaults 0swaps
== skiing-1 : nocache untar reset 6 ==
Wed Oct 18 05:03:04 BST 2006
0.25user 0.28system 6:50.11elapsed 0%CPU (0avgtext+0avgdata 0maxresident)k
0inputs+0outputs (0major+487minor)pagefaults 0swaps
== skiing-1 : nocache untar reset 7 ==
Wed Oct 18 05:10:05 BST 2006
0.25user 0.32system 6:43.78elapsed 0%CPU (0avgtext+0avgdata 0maxresident)k
0inputs+0outputs (0major+487minor)pagefaults 0swaps
== skiing-1 : nocache untar reset 8 ==
Wed Oct 18 05:17:00 BST 2006
0.22user 0.31system 6:51.17elapsed 0%CPU (0avgtext+0avgdata 0maxresident)k
0inputs+0outputs (0major+489minor)pagefaults 0swaps
== skiing-1 : nocache untar reset 9 ==
Wed Oct 18 05:24:02 BST 2006
0.23user 0.35system 6:43.59elapsed 0%CPU (0avgtext+0avgdata 0maxresident)k
0inputs+0outputs (0major+488minor)pagefaults 0swaps
== skiing-1 : nocache tar warm 0 ==
Wed Oct 18 07:45:56 BST 2006
0.01user 0.22system 5:52.32elapsed 0%CPU (0avgtext+0avgdata 0maxresident)k
0inputs+0outputs (0major+277minor)pagefaults 0swaps
== skiing-1 : nocache tar warm 1 ==
Wed Oct 18 07:51:56 BST 2006
0.01user 0.17system 5:55.37elapsed 0%CPU (0avgtext+0avgdata 0maxresident)k
0inputs+0outputs (0major+278minor)pagefaults 0swaps
== skiing-1 : nocache tar warm 2 ==
Wed Oct 18 07:57:57 BST 2006
0.01user 0.20system 5:52.94elapsed 0%CPU (0avgtext+0avgdata 0maxresident)k
0inputs+0outputs (0major+277minor)pagefaults 0swaps
== skiing-1 : nocache tar warm 3 ==
Wed Oct 18 08:03:57 BST 2006
0.02user 0.20system 5:56.26elapsed 0%CPU (0avgtext+0avgdata 0maxresident)k
0inputs+0outputs (0major+277minor)pagefaults 0swaps
== skiing-1 : nocache tar warm 4 ==
Wed Oct 18 08:10:01 BST 2006
0.02user 0.18system 5:51.15elapsed 0%CPU (0avgtext+0avgdata 0maxresident)k
0inputs+0outputs (0major+277minor)pagefaults 0swaps
== skiing-1 : nocache tar warm 5 ==
Wed Oct 18 08:15:58 BST 2006
0.00user 0.18system 5:52.34elapsed 0%CPU (0avgtext+0avgdata 0maxresident)k
0inputs+0outputs (0major+277minor)pagefaults 0swaps
== skiing-1 : nocache tar warm 6 ==
Wed Oct 18 08:21:56 BST 2006
0.00user 0.18system 5:56.17elapsed 0%CPU (0avgtext+0avgdata 0maxresident)k
0inputs+0outputs (0major+277minor)pagefaults 0swaps
== skiing-1 : nocache tar warm 7 ==
Wed Oct 18 08:27:58 BST 2006
0.00user 0.20system 5:54.71elapsed 0%CPU (0avgtext+0avgdata 0maxresident)k
0inputs+0outputs (0major+278minor)pagefaults 0swaps
== skiing-1 : nocache tar warm 8 ==
Wed Oct 18 08:34:00 BST 2006
0.01user 0.18system 5:54.36elapsed 0%CPU (0avgtext+0avgdata 0maxresident)k
0inputs+0outputs (0major+277minor)pagefaults 0swaps
== skiing-1 : nocache tar warm 9 ==
Wed Oct 18 08:40:01 BST 2006
0.00user 0.16system 6:05.92elapsed 0%CPU (0avgtext+0avgdata 0maxresident)k
0inputs+0outputs (0major+277minor)pagefaults 0swaps
== skiing-1 : nocache tar hot 0 ==
Wed Oct 18 10:00:58 BST 2006
0.03user 0.21system 3:51.94elapsed 0%CPU (0avgtext+0avgdata 0maxresident)k
0inputs+0outputs (0major+277minor)pagefaults 0swaps
== skiing-1 : nocache tar hot 1 ==
Wed Oct 18 10:04:57 BST 2006
0.00user 0.21system 3:52.16elapsed 0%CPU (0avgtext+0avgdata 0maxresident)k
0inputs+0outputs (0major+277minor)pagefaults 0swaps
== skiing-1 : nocache tar hot 2 ==
Wed Oct 18 10:08:53 BST 2006
0.02user 0.27system 3:53.35elapsed 0%CPU (0avgtext+0avgdata 0maxresident)k
0inputs+0outputs (0major+277minor)pagefaults 0swaps
== skiing-1 : nocache tar hot 3 ==
Wed Oct 18 10:12:52 BST 2006
0.01user 0.23system 3:52.23elapsed 0%CPU (0avgtext+0avgdata 0maxresident)k
0inputs+0outputs (0major+277minor)pagefaults 0swaps
== skiing-1 : nocache tar hot 4 ==
Wed Oct 18 10:16:50 BST 2006
0.01user 0.24system 3:57.10elapsed 0%CPU (0avgtext+0avgdata 0maxresident)k
0inputs+0outputs (0major+277minor)pagefaults 0swaps
== skiing-1 : nocache tar hot 5 ==
Wed Oct 18 10:20:53 BST 2006
0.00user 0.21system 3:51.05elapsed 0%CPU (0avgtext+0avgdata 0maxresident)k
0inputs+0outputs (0major+277minor)pagefaults 0swaps
== skiing-1 : nocache tar hot 6 ==
Wed Oct 18 10:24:50 BST 2006
0.02user 0.23system 3:51.70elapsed 0%CPU (0avgtext+0avgdata 0maxresident)k
0inputs+0outputs (0major+278minor)pagefaults 0swaps
== skiing-1 : nocache tar hot 7 ==
Wed Oct 18 10:28:46 BST 2006
0.01user 0.22system 3:52.00elapsed 0%CPU (0avgtext+0avgdata 0maxresident)k
0inputs+0outputs (0major+277minor)pagefaults 0swaps
== skiing-1 : nocache tar hot 8 ==
Wed Oct 18 10:32:44 BST 2006
0.01user 0.17system 4:01.77elapsed 0%CPU (0avgtext+0avgdata 0maxresident)k
0inputs+0outputs (0major+277minor)pagefaults 0swaps
== skiing-1 : nocache tar hot 9 ==
Wed Oct 18 10:36:52 BST 2006
0.00user 0.17system 4:02.42elapsed 0%CPU (0avgtext+0avgdata 0maxresident)k
0inputs+0outputs (0major+277minor)pagefaults 0swaps
== skiing-1 : nocache rsync warm 0 ==
Wed Oct 18 12:10:33 BST 2006
0.10user 0.19system 3:50.97elapsed 0%CPU (0avgtext+0avgdata 0maxresident)k
0inputs+0outputs (0major+6454minor)pagefaults 0swaps
== skiing-1 : nocache rsync warm 1 ==
Wed Oct 18 12:14:31 BST 2006
0.11user 0.22system 3:51.75elapsed 0%CPU (0avgtext+0avgdata 0maxresident)k
0inputs+0outputs (0major+6455minor)pagefaults 0swaps
== skiing-1 : nocache rsync warm 2 ==
Wed Oct 18 12:18:29 BST 2006
0.11user 0.13system 3:50.75elapsed 0%CPU (0avgtext+0avgdata 0maxresident)k
0inputs+0outputs (0major+6453minor)pagefaults 0swaps
== skiing-1 : nocache rsync warm 3 ==
Wed Oct 18 12:22:27 BST 2006
0.10user 0.16system 3:52.88elapsed 0%CPU (0avgtext+0avgdata 0maxresident)k
0inputs+0outputs (0major+6453minor)pagefaults 0swaps
== skiing-1 : nocache rsync warm 4 ==
Wed Oct 18 12:26:27 BST 2006
0.12user 0.15system 3:51.12elapsed 0%CPU (0avgtext+0avgdata 0maxresident)k
0inputs+0outputs (0major+6452minor)pagefaults 0swaps
== skiing-1 : nocache rsync warm 5 ==
Wed Oct 18 12:30:24 BST 2006
0.11user 0.20system 3:49.16elapsed 0%CPU (0avgtext+0avgdata 0maxresident)k
0inputs+0outputs (0major+6455minor)pagefaults 0swaps
== skiing-1 : nocache rsync warm 6 ==
Wed Oct 18 12:34:19 BST 2006
0.07user 0.16system 3:51.14elapsed 0%CPU (0avgtext+0avgdata 0maxresident)k
0inputs+0outputs (0major+6453minor)pagefaults 0swaps
== skiing-1 : nocache rsync warm 7 ==
Wed Oct 18 12:38:18 BST 2006
0.12user 0.20system 4:08.18elapsed 0%CPU (0avgtext+0avgdata 0maxresident)k
0inputs+0outputs (0major+6452minor)pagefaults 0swaps
== skiing-1 : nocache rsync warm 8 ==
Wed Oct 18 12:42:33 BST 2006
0.11user 0.16system 3:51.19elapsed 0%CPU (0avgtext+0avgdata 0maxresident)k
0inputs+0outputs (0major+6455minor)pagefaults 0swaps
== skiing-1 : nocache rsync warm 9 ==
Wed Oct 18 12:46:32 BST 2006
0.10user 0.17system 4:01.74elapsed 0%CPU (0avgtext+0avgdata 0maxresident)k
0inputs+0outputs (0major+6452minor)pagefaults 0swaps
== skiing-1 : nocache rsync hot 0 ==
Wed Oct 18 13:46:00 BST 2006
0.14user 0.15system 2:41.16elapsed 0%CPU (0avgtext+0avgdata 0maxresident)k
0inputs+0outputs (0major+6454minor)pagefaults 0swaps
== skiing-1 : nocache rsync hot 1 ==
Wed Oct 18 13:48:46 BST 2006
0.14user 0.17system 2:40.78elapsed 0%CPU (0avgtext+0avgdata 0maxresident)k
0inputs+0outputs (0major+6457minor)pagefaults 0swaps
== skiing-1 : nocache rsync hot 2 ==
Wed Oct 18 13:51:34 BST 2006
0.16user 0.18system 2:44.53elapsed 0%CPU (0avgtext+0avgdata 0maxresident)k
0inputs+0outputs (0major+6457minor)pagefaults 0swaps
== skiing-1 : nocache rsync hot 3 ==
Wed Oct 18 13:54:24 BST 2006
0.18user 0.15system 2:56.39elapsed 0%CPU (0avgtext+0avgdata 0maxresident)k
0inputs+0outputs (0major+6454minor)pagefaults 0swaps
== skiing-1 : nocache rsync hot 4 ==
Wed Oct 18 13:57:27 BST 2006
0.14user 0.20system 2:49.93elapsed 0%CPU (0avgtext+0avgdata 0maxresident)k
0inputs+0outputs (0major+6453minor)pagefaults 0swaps
== skiing-1 : nocache rsync hot 5 ==
Wed Oct 18 14:00:22 BST 2006
0.16user 0.13system 2:41.51elapsed 0%CPU (0avgtext+0avgdata 0maxresident)k
0inputs+0outputs (0major+6454minor)pagefaults 0swaps
== skiing-1 : nocache rsync hot 6 ==
Wed Oct 18 14:03:11 BST 2006
0.15user 0.20system 2:41.95elapsed 0%CPU (0avgtext+0avgdata 0maxresident)k
0inputs+0outputs (0major+6453minor)pagefaults 0swaps
== skiing-1 : nocache rsync hot 7 ==
Wed Oct 18 14:05:59 BST 2006
0.12user 0.16system 2:40.87elapsed 0%CPU (0avgtext+0avgdata 0maxresident)k
0inputs+0outputs (0major+6453minor)pagefaults 0swaps
== skiing-1 : nocache rsync hot 8 ==
Wed Oct 18 14:08:46 BST 2006
0.18user 0.23system 2:43.11elapsed 0%CPU (0avgtext+0avgdata 0maxresident)k
0inputs+0outputs (0major+6452minor)pagefaults 0swaps
== skiing-1 : nocache rsync hot 9 ==
Wed Oct 18 14:11:35 BST 2006
0.18user 0.20system 2:43.33elapsed 0%CPU (0avgtext+0avgdata 0maxresident)k
0inputs+0outputs (0major+6455minor)pagefaults 0swaps
== skiing-1 : nocache bonnie reset 0 ==
Wed Oct 18 23:57:25 BST 2006
              -------Sequential Output-------- ---Sequential Input-- --Random--
              -Per Char- --Block--- -Rewrite-- -Per Char- --Block--- --Seeks---
Machine    MB K/sec %CPU K/sec %CPU K/sec %CPU K/sec %CPU K/sec %CPU  /sec %CPU
skiing-1 2047 11426  7.1 12797  0.0  3697  0.0 11089  7.8 13953  0.1  93.4  0.0
== skiing-1 : nocache bonnie reset 1 ==
Thu Oct 19 00:19:20 BST 2006
              -------Sequential Output-------- ---Sequential Input-- --Random--
              -Per Char- --Block--- -Rewrite-- -Per Char- --Block--- --Seeks---
Machine    MB K/sec %CPU K/sec %CPU K/sec %CPU K/sec %CPU K/sec %CPU  /sec %CPU
skiing-1 2047 11515  8.1 12501  0.0  3488  0.0 11253  7.6 12689  0.1 108.6  0.0
== skiing-1 : nocache bonnie reset 2 ==
Thu Oct 19 00:41:59 BST 2006
              -------Sequential Output-------- ---Sequential Input-- --Random--
              -Per Char- --Block--- -Rewrite-- -Per Char- --Block--- --Seeks---
Machine    MB K/sec %CPU K/sec %CPU K/sec %CPU K/sec %CPU K/sec %CPU  /sec %CPU
skiing-1 2047 12629  7.1 11998  0.0  3705  0.0 11046  7.3 13822  0.1 106.1  0.0
== skiing-1 : nocache bonnie reset 3 ==
Thu Oct 19 01:03:45 BST 2006
              -------Sequential Output-------- ---Sequential Input-- --Random--
              -Per Char- --Block--- -Rewrite-- -Per Char- --Block--- --Seeks---
Machine    MB K/sec %CPU K/sec %CPU K/sec %CPU K/sec %CPU K/sec %CPU  /sec %CPU
skiing-1 2047 12843  7.4 12193  0.0  3651  0.0 11080  8.0 13662  0.1  97.5  0.0
== skiing-1 : nocache bonnie reset 4 ==
Thu Oct 19 01:25:38 BST 2006
              -------Sequential Output-------- ---Sequential Input-- --Random--
              -Per Char- --Block--- -Rewrite-- -Per Char- --Block--- --Seeks---
Machine    MB K/sec %CPU K/sec %CPU K/sec %CPU K/sec %CPU K/sec %CPU  /sec %CPU
skiing-1 2047 12242  8.1 11192  0.0  3516  0.0 10721  7.2 12235  0.1 105.2  0.0
== skiing-1 : nocache bonnie reset 5 ==
Thu Oct 19 01:48:36 BST 2006
              -------Sequential Output-------- ---Sequential Input-- --Random--
              -Per Char- --Block--- -Rewrite-- -Per Char- --Block--- --Seeks---
Machine    MB K/sec %CPU K/sec %CPU K/sec %CPU K/sec %CPU K/sec %CPU  /sec %CPU
skiing-1 2047 11852  8.0 12217  0.0  3545  0.0 11170  7.7 12780  0.1 108.1  0.0
== skiing-1 : nocache bonnie reset 6 ==
Thu Oct 19 02:11:04 BST 2006
              -------Sequential Output-------- ---Sequential Input-- --Random--
              -Per Char- --Block--- -Rewrite-- -Per Char- --Block--- --Seeks---
Machine    MB K/sec %CPU K/sec %CPU K/sec %CPU K/sec %CPU K/sec %CPU  /sec %CPU
skiing-1 2047 12317  7.6 11313  0.0  3572  0.0 11151  7.9 12929  0.1 102.5  0.0
== skiing-1 : nocache bonnie reset 7 ==
Thu Oct 19 02:33:36 BST 2006
              -------Sequential Output-------- ---Sequential Input-- --Random--
              -Per Char- --Block--- -Rewrite-- -Per Char- --Block--- --Seeks---
Machine    MB K/sec %CPU K/sec %CPU K/sec %CPU K/sec %CPU K/sec %CPU  /sec %CPU
skiing-1 2047 11407  7.1 12938  0.1  3618  0.0 11756  8.1 12279  0.1 110.3  0.0
== skiing-1 : nocache bonnie reset 8 ==
Thu Oct 19 02:55:45 BST 2006
              -------Sequential Output-------- ---Sequential Input-- --Random--
              -Per Char- --Block--- -Rewrite-- -Per Char- --Block--- --Seeks---
Machine    MB K/sec %CPU K/sec %CPU K/sec %CPU K/sec %CPU K/sec %CPU  /sec %CPU
skiing-1 2047 13162  7.6 12299  0.0  3834  0.0 11407  8.1 12273  0.1 107.2  0.0
== skiing-1 : nocache bonnie reset 9 ==
Thu Oct 19 03:17:12 BST 2006
              -------Sequential Output-------- ---Sequential Input-- --Random--
              -Per Char- --Block--- -Rewrite-- -Per Char- --Block--- --Seeks---
Machine    MB K/sec %CPU K/sec %CPU K/sec %CPU K/sec %CPU K/sec %CPU  /sec %CPU
skiing-1 2047 11964  7.0 12234  0.0  3621  0.0 11055  7.3 13894  0.1 100.6  0.0
