== skiing-1 : envoy tar hot 0 ==
Fri Dec 29 13:34:01 GMT 2006
0.02user 0.32system 2:49.30elapsed 0%CPU (0avgtext+0avgdata 0maxresident)k
0inputs+0outputs (0major+277minor)pagefaults 0swaps
== skiing-1 : envoy tar hot 1 ==
Fri Dec 29 13:36:58 GMT 2006
0.00user 0.20system 2:49.86elapsed 0%CPU (0avgtext+0avgdata 0maxresident)k
0inputs+0outputs (0major+277minor)pagefaults 0swaps
== skiing-1 : envoy tar hot 2 ==
Fri Dec 29 13:39:55 GMT 2006
0.00user 0.27system 2:48.70elapsed 0%CPU (0avgtext+0avgdata 0maxresident)k
0inputs+0outputs (0major+277minor)pagefaults 0swaps
== skiing-1 : envoy tar hot 3 ==
Fri Dec 29 13:42:53 GMT 2006
0.00user 0.26system 2:49.20elapsed 0%CPU (0avgtext+0avgdata 0maxresident)k
0inputs+0outputs (0major+278minor)pagefaults 0swaps
== skiing-1 : envoy tar hot 4 ==
Fri Dec 29 13:45:53 GMT 2006
0.02user 0.31system 2:48.57elapsed 0%CPU (0avgtext+0avgdata 0maxresident)k
0inputs+0outputs (0major+277minor)pagefaults 0swaps
== skiing-1 : envoy tar hot 5 ==
Fri Dec 29 13:48:53 GMT 2006
0.00user 0.31system 2:49.35elapsed 0%CPU (0avgtext+0avgdata 0maxresident)k
0inputs+0outputs (0major+277minor)pagefaults 0swaps
== skiing-1 : envoy tar hot 6 ==
Fri Dec 29 13:51:53 GMT 2006
0.00user 0.27system 2:48.74elapsed 0%CPU (0avgtext+0avgdata 0maxresident)k
0inputs+0outputs (0major+278minor)pagefaults 0swaps
== skiing-1 : envoy tar hot 7 ==
Fri Dec 29 13:54:52 GMT 2006
0.01user 0.24system 2:48.93elapsed 0%CPU (0avgtext+0avgdata 0maxresident)k
0inputs+0outputs (0major+278minor)pagefaults 0swaps
== skiing-1 : envoy tar hot 8 ==
Fri Dec 29 13:57:49 GMT 2006
0.03user 0.33system 2:49.26elapsed 0%CPU (0avgtext+0avgdata 0maxresident)k
0inputs+0outputs (0major+278minor)pagefaults 0swaps
== skiing-1 : envoy tar hot 9 ==
Fri Dec 29 14:00:49 GMT 2006
0.00user 0.26system 2:47.78elapsed 0%CPU (0avgtext+0avgdata 0maxresident)k
0inputs+0outputs (0major+278minor)pagefaults 0swaps
== skiing-1 : envoy rsync hot 0 ==
Fri Dec 29 14:10:59 GMT 2006
0.19user 0.26system 1:58.41elapsed 0%CPU (0avgtext+0avgdata 0maxresident)k
0inputs+0outputs (0major+6332minor)pagefaults 0swaps
== skiing-1 : envoy rsync hot 1 ==
Fri Dec 29 14:13:07 GMT 2006
0.20user 0.48system 1:58.33elapsed 0%CPU (0avgtext+0avgdata 0maxresident)k
0inputs+0outputs (0major+6331minor)pagefaults 0swaps
== skiing-1 : envoy rsync hot 2 ==
Fri Dec 29 14:15:14 GMT 2006
0.27user 0.37system 1:58.56elapsed 0%CPU (0avgtext+0avgdata 0maxresident)k
0inputs+0outputs (0major+6330minor)pagefaults 0swaps
== skiing-1 : envoy rsync hot 3 ==
Fri Dec 29 14:17:23 GMT 2006
0.18user 0.50system 1:58.61elapsed 0%CPU (0avgtext+0avgdata 0maxresident)k
0inputs+0outputs (0major+6335minor)pagefaults 0swaps
== skiing-1 : envoy rsync hot 4 ==
Fri Dec 29 14:19:31 GMT 2006
0.20user 0.28system 1:58.64elapsed 0%CPU (0avgtext+0avgdata 0maxresident)k
0inputs+0outputs (0major+6332minor)pagefaults 0swaps
== skiing-1 : envoy rsync hot 5 ==
Fri Dec 29 14:21:39 GMT 2006
0.23user 0.23system 1:59.04elapsed 0%CPU (0avgtext+0avgdata 0maxresident)k
0inputs+0outputs (0major+6332minor)pagefaults 0swaps
== skiing-1 : envoy rsync hot 6 ==
Fri Dec 29 14:23:48 GMT 2006
0.16user 0.31system 1:58.65elapsed 0%CPU (0avgtext+0avgdata 0maxresident)k
0inputs+0outputs (0major+6332minor)pagefaults 0swaps
== skiing-1 : envoy rsync hot 7 ==
Fri Dec 29 14:25:56 GMT 2006
0.21user 0.28system 1:59.09elapsed 0%CPU (0avgtext+0avgdata 0maxresident)k
0inputs+0outputs (0major+6331minor)pagefaults 0swaps
== skiing-1 : envoy rsync hot 8 ==
Fri Dec 29 14:28:05 GMT 2006
0.20user 0.23system 1:58.98elapsed 0%CPU (0avgtext+0avgdata 0maxresident)k
0inputs+0outputs (0major+6331minor)pagefaults 0swaps
== skiing-1 : envoy rsync hot 9 ==
Fri Dec 29 14:30:13 GMT 2006
0.17user 0.22system 1:58.78elapsed 0%CPU (0avgtext+0avgdata 0maxresident)k
0inputs+0outputs (0major+6332minor)pagefaults 0swaps
